{"uid":"bbbe864bdcee323a","name":"Validation that new entry can be created","fullName":"tests.HomePageTest.newEntryShouldBeCreated","historyId":"9a0a0d6a1ad0be89e110fb5d0bb7bd7c","time":{"start":1661514243061,"stop":1661514243063,"duration":2},"status":"skipped","statusMessage":"Page has not been loaded. Search input not found by locator By.xpath: //input[@type='search']","statusTrace":"java.lang.AssertionError: Page has not been loaded. Search input not found by locator By.xpath: //input[@type='search']\n\tat org.testng.Assert.fail(Assert.java:97)\n\tat pages.HomePage.isPageOpened(HomePage.java:33)\n\tat steps.LoginPageSteps.login(LoginPageSteps.java:22)\n\tat tests.HomePageTest.login(HomePageTest.java:14)\n\tat sun.reflect.NativeMethodAccessorImpl.invoke0(Native Method)\n\tat sun.reflect.NativeMethodAccessorImpl.invoke(NativeMethodAccessorImpl.java:62)\n\tat sun.reflect.DelegatingMethodAccessorImpl.invoke(DelegatingMethodAccessorImpl.java:43)\n\tat java.lang.reflect.Method.invoke(Method.java:498)\n\tat org.testng.internal.MethodInvocationHelper.invokeMethod(MethodInvocationHelper.java:133)\n\tat org.testng.internal.MethodInvocationHelper.invokeMethodConsideringTimeout(MethodInvocationHelper.java:62)\n\tat org.testng.internal.ConfigInvoker.invokeConfigurationMethod(ConfigInvoker.java:340)\n\tat org.testng.internal.ConfigInvoker.invokeConfigurations(ConfigInvoker.java:294)\n\tat org.testng.internal.TestInvoker.runConfigMethods(TestInvoker.java:683)\n\tat org.testng.internal.TestInvoker.invokeMethod(TestInvoker.java:510)\n\tat org.testng.internal.TestInvoker.retryFailed(TestInvoker.java:204)\n\tat org.testng.internal.MethodRunner.runInSequence(MethodRunner.java:58)\n\tat org.testng.internal.TestInvoker$MethodInvocationAgent.invoke(TestInvoker.java:804)\n\tat org.testng.internal.TestInvoker.invokeTestMethods(TestInvoker.java:145)\n\tat org.testng.internal.TestMethodWorker.invokeTestMethods(TestMethodWorker.java:146)\n\tat org.testng.internal.TestMethodWorker.run(TestMethodWorker.java:128)\n\tat java.util.ArrayList.forEach(ArrayList.java:1259)\n\tat org.testng.TestRunner.privateRun(TestRunner.java:770)\n\tat org.testng.TestRunner.run(TestRunner.java:591)\n\tat org.testng.SuiteRunner.runTest(SuiteRunner.java:402)\n\tat org.testng.SuiteRunner.access$000(SuiteRunner.java:41)\n\tat org.testng.SuiteRunner$SuiteWorker.run(SuiteRunner.java:443)\n\tat org.testng.internal.thread.ThreadUtil.lambda$execute$0(ThreadUtil.java:67)\n\tat java.util.concurrent.FutureTask.run(FutureTask.java:266)\n\tat java.util.concurrent.ThreadPoolExecutor.runWorker(ThreadPoolExecutor.java:1149)\n\tat java.util.concurrent.ThreadPoolExecutor$Worker.run(ThreadPoolExecutor.java:624)\n\tat java.lang.Thread.run(Thread.java:750)\n","flaky":false,"newFailed":false,"newBroken":false,"newPassed":false,"retriesCount":1,"retriesStatusChange":false,"beforeStages":[{"name":"setUp","time":{"start":1661514230632,"stop":1661514230934,"duration":302},"description":"","status":"passed","steps":[{"name":"Open browser","time":{"start":1661514230632,"stop":1661514230934,"duration":302},"status":"passed","steps":[],"attachments":[],"parameters":[],"stepsCount":0,"attachmentsCount":0,"shouldDisplayMessage":false,"hasContent":false}],"attachments":[],"parameters":[],"stepsCount":1,"attachmentsCount":0,"shouldDisplayMessage":false,"hasContent":true},{"name":"login","time":{"start":1661514230935,"stop":1661514243034,"duration":12099},"description":"","status":"failed","statusMessage":"Page has not been loaded. Search input not found by locator By.xpath: //input[@type='search']","statusTrace":"java.lang.AssertionError: Page has not been loaded. Search input not found by locator By.xpath: //input[@type='search']\n\tat org.testng.Assert.fail(Assert.java:97)\n\tat pages.HomePage.isPageOpened(HomePage.java:33)\n\tat steps.LoginPageSteps.login(LoginPageSteps.java:22)\n\tat tests.HomePageTest.login(HomePageTest.java:14)\n\tat sun.reflect.NativeMethodAccessorImpl.invoke0(Native Method)\n\tat sun.reflect.NativeMethodAccessorImpl.invoke(NativeMethodAccessorImpl.java:62)\n\tat sun.reflect.DelegatingMethodAccessorImpl.invoke(DelegatingMethodAccessorImpl.java:43)\n\tat java.lang.reflect.Method.invoke(Method.java:498)\n\tat org.testng.internal.MethodInvocationHelper.invokeMethod(MethodInvocationHelper.java:133)\n\tat org.testng.internal.MethodInvocationHelper.invokeMethodConsideringTimeout(MethodInvocationHelper.java:62)\n\tat org.testng.internal.ConfigInvoker.invokeConfigurationMethod(ConfigInvoker.java:340)\n\tat org.testng.internal.ConfigInvoker.invokeConfigurations(ConfigInvoker.java:294)\n\tat org.testng.internal.TestInvoker.runConfigMethods(TestInvoker.java:683)\n\tat org.testng.internal.TestInvoker.invokeMethod(TestInvoker.java:510)\n\tat org.testng.internal.TestInvoker.retryFailed(TestInvoker.java:204)\n\tat org.testng.internal.MethodRunner.runInSequence(MethodRunner.java:58)\n\tat org.testng.internal.TestInvoker$MethodInvocationAgent.invoke(TestInvoker.java:804)\n\tat org.testng.internal.TestInvoker.invokeTestMethods(TestInvoker.java:145)\n\tat org.testng.internal.TestMethodWorker.invokeTestMethods(TestMethodWorker.java:146)\n\tat org.testng.internal.TestMethodWorker.run(TestMethodWorker.java:128)\n\tat java.util.ArrayList.forEach(ArrayList.java:1259)\n\tat org.testng.TestRunner.privateRun(TestRunner.java:770)\n\tat org.testng.TestRunner.run(TestRunner.java:591)\n\tat org.testng.SuiteRunner.runTest(SuiteRunner.java:402)\n\tat org.testng.SuiteRunner.access$000(SuiteRunner.java:41)\n\tat org.testng.SuiteRunner$SuiteWorker.run(SuiteRunner.java:443)\n\tat org.testng.internal.thread.ThreadUtil.lambda$execute$0(ThreadUtil.java:67)\n\tat java.util.concurrent.FutureTask.run(FutureTask.java:266)\n\tat java.util.concurrent.ThreadPoolExecutor.runWorker(ThreadPoolExecutor.java:1149)\n\tat java.util.concurrent.ThreadPoolExecutor$Worker.run(ThreadPoolExecutor.java:624)\n\tat java.lang.Thread.run(Thread.java:750)\n","steps":[{"name":"Login with username 'ivan.popal.v.kapkan@yandex.ru' and password '1488228228'","time":{"start":1661514230936,"stop":1661514243033,"duration":12097},"status":"failed","statusMessage":"Page has not been loaded. Search input not found by locator By.xpath: //input[@type='search']","statusTrace":"java.lang.AssertionError: Page has not been loaded. Search input not found by locator By.xpath: //input[@type='search']\n\tat org.testng.Assert.fail(Assert.java:97)\n\tat pages.HomePage.isPageOpened(HomePage.java:33)\n\tat steps.LoginPageSteps.login(LoginPageSteps.java:22)\n\tat tests.HomePageTest.login(HomePageTest.java:14)\n\tat sun.reflect.NativeMethodAccessorImpl.invoke0(Native Method)\n\tat sun.reflect.NativeMethodAccessorImpl.invoke(NativeMethodAccessorImpl.java:62)\n\tat sun.reflect.DelegatingMethodAccessorImpl.invoke(DelegatingMethodAccessorImpl.java:43)\n\tat java.lang.reflect.Method.invoke(Method.java:498)\n\tat org.testng.internal.MethodInvocationHelper.invokeMethod(MethodInvocationHelper.java:133)\n\tat org.testng.internal.MethodInvocationHelper.invokeMethodConsideringTimeout(MethodInvocationHelper.java:62)\n\tat org.testng.internal.ConfigInvoker.invokeConfigurationMethod(ConfigInvoker.java:340)\n\tat org.testng.internal.ConfigInvoker.invokeConfigurations(ConfigInvoker.java:294)\n\tat org.testng.internal.TestInvoker.runConfigMethods(TestInvoker.java:683)\n\tat org.testng.internal.TestInvoker.invokeMethod(TestInvoker.java:510)\n\tat org.testng.internal.TestInvoker.retryFailed(TestInvoker.java:204)\n\tat org.testng.internal.MethodRunner.runInSequence(MethodRunner.java:58)\n\tat org.testng.internal.TestInvoker$MethodInvocationAgent.invoke(TestInvoker.java:804)\n\tat org.testng.internal.TestInvoker.invokeTestMethods(TestInvoker.java:145)\n\tat org.testng.internal.TestMethodWorker.invokeTestMethods(TestMethodWorker.java:146)\n\tat org.testng.internal.TestMethodWorker.run(TestMethodWorker.java:128)\n\tat java.util.ArrayList.forEach(ArrayList.java:1259)\n\tat org.testng.TestRunner.privateRun(TestRunner.java:770)\n\tat org.testng.TestRunner.run(TestRunner.java:591)\n\tat org.testng.SuiteRunner.runTest(SuiteRunner.java:402)\n\tat org.testng.SuiteRunner.access$000(SuiteRunner.java:41)\n\tat org.testng.SuiteRunner$SuiteWorker.run(SuiteRunner.java:443)\n\tat org.testng.internal.thread.ThreadUtil.lambda$execute$0(ThreadUtil.java:67)\n\tat java.util.concurrent.FutureTask.run(FutureTask.java:266)\n\tat java.util.concurrent.ThreadPoolExecutor.runWorker(ThreadPoolExecutor.java:1149)\n\tat java.util.concurrent.ThreadPoolExecutor$Worker.run(ThreadPoolExecutor.java:624)\n\tat java.lang.Thread.run(Thread.java:750)\n","steps":[{"name":"Login with username 'ivan.popal.v.kapkan@yandex.ru' and password '1488228228'","time":{"start":1661514232726,"stop":1661514233001,"duration":275},"status":"passed","steps":[],"attachments":[],"parameters":[{"name":"username","value":"ivan.popal.v.kapkan@yandex.ru"},{"name":"password","value":"1488228228"}],"stepsCount":0,"attachmentsCount":0,"shouldDisplayMessage":false,"hasContent":true},{"name":"Verify Home page is opened","time":{"start":1661514233002,"stop":1661514243033,"duration":10031},"status":"failed","statusMessage":"Page has not been loaded. Search input not found by locator By.xpath: //input[@type='search']","statusTrace":"java.lang.AssertionError: Page has not been loaded. Search input not found by locator By.xpath: //input[@type='search']\n\tat org.testng.Assert.fail(Assert.java:97)\n\tat pages.HomePage.isPageOpened(HomePage.java:33)\n\tat steps.LoginPageSteps.login(LoginPageSteps.java:22)\n\tat tests.HomePageTest.login(HomePageTest.java:14)\n\tat sun.reflect.NativeMethodAccessorImpl.invoke0(Native Method)\n\tat sun.reflect.NativeMethodAccessorImpl.invoke(NativeMethodAccessorImpl.java:62)\n\tat sun.reflect.DelegatingMethodAccessorImpl.invoke(DelegatingMethodAccessorImpl.java:43)\n\tat java.lang.reflect.Method.invoke(Method.java:498)\n\tat org.testng.internal.MethodInvocationHelper.invokeMethod(MethodInvocationHelper.java:133)\n\tat org.testng.internal.MethodInvocationHelper.invokeMethodConsideringTimeout(MethodInvocationHelper.java:62)\n\tat org.testng.internal.ConfigInvoker.invokeConfigurationMethod(ConfigInvoker.java:340)\n\tat org.testng.internal.ConfigInvoker.invokeConfigurations(ConfigInvoker.java:294)\n\tat org.testng.internal.TestInvoker.runConfigMethods(TestInvoker.java:683)\n\tat org.testng.internal.TestInvoker.invokeMethod(TestInvoker.java:510)\n\tat org.testng.internal.TestInvoker.retryFailed(TestInvoker.java:204)\n\tat org.testng.internal.MethodRunner.runInSequence(MethodRunner.java:58)\n\tat org.testng.internal.TestInvoker$MethodInvocationAgent.invoke(TestInvoker.java:804)\n\tat org.testng.internal.TestInvoker.invokeTestMethods(TestInvoker.java:145)\n\tat org.testng.internal.TestMethodWorker.invokeTestMethods(TestMethodWorker.java:146)\n\tat org.testng.internal.TestMethodWorker.run(TestMethodWorker.java:128)\n\tat java.util.ArrayList.forEach(ArrayList.java:1259)\n\tat org.testng.TestRunner.privateRun(TestRunner.java:770)\n\tat org.testng.TestRunner.run(TestRunner.java:591)\n\tat org.testng.SuiteRunner.runTest(SuiteRunner.java:402)\n\tat org.testng.SuiteRunner.access$000(SuiteRunner.java:41)\n\tat org.testng.SuiteRunner$SuiteWorker.run(SuiteRunner.java:443)\n\tat org.testng.internal.thread.ThreadUtil.lambda$execute$0(ThreadUtil.java:67)\n\tat java.util.concurrent.FutureTask.run(FutureTask.java:266)\n\tat java.util.concurrent.ThreadPoolExecutor.runWorker(ThreadPoolExecutor.java:1149)\n\tat java.util.concurrent.ThreadPoolExecutor$Worker.run(ThreadPoolExecutor.java:624)\n\tat java.lang.Thread.run(Thread.java:750)\n","steps":[],"attachments":[],"parameters":[],"stepsCount":0,"attachmentsCount":0,"shouldDisplayMessage":true,"hasContent":true}],"attachments":[],"parameters":[{"name":"username","value":"ivan.popal.v.kapkan@yandex.ru"},{"name":"password","value":"1488228228"}],"stepsCount":2,"attachmentsCount":0,"shouldDisplayMessage":false,"hasContent":true}],"attachments":[],"parameters":[],"stepsCount":3,"attachmentsCount":0,"shouldDisplayMessage":false,"hasContent":true}],"testStage":{"status":"skipped","statusMessage":"Page has not been loaded. Search input not found by locator By.xpath: //input[@type='search']","statusTrace":"java.lang.AssertionError: Page has not been loaded. Search input not found by locator By.xpath: //input[@type='search']\n\tat org.testng.Assert.fail(Assert.java:97)\n\tat pages.HomePage.isPageOpened(HomePage.java:33)\n\tat steps.LoginPageSteps.login(LoginPageSteps.java:22)\n\tat tests.HomePageTest.login(HomePageTest.java:14)\n\tat sun.reflect.NativeMethodAccessorImpl.invoke0(Native Method)\n\tat sun.reflect.NativeMethodAccessorImpl.invoke(NativeMethodAccessorImpl.java:62)\n\tat sun.reflect.DelegatingMethodAccessorImpl.invoke(DelegatingMethodAccessorImpl.java:43)\n\tat java.lang.reflect.Method.invoke(Method.java:498)\n\tat org.testng.internal.MethodInvocationHelper.invokeMethod(MethodInvocationHelper.java:133)\n\tat org.testng.internal.MethodInvocationHelper.invokeMethodConsideringTimeout(MethodInvocationHelper.java:62)\n\tat org.testng.internal.ConfigInvoker.invokeConfigurationMethod(ConfigInvoker.java:340)\n\tat org.testng.internal.ConfigInvoker.invokeConfigurations(ConfigInvoker.java:294)\n\tat org.testng.internal.TestInvoker.runConfigMethods(TestInvoker.java:683)\n\tat org.testng.internal.TestInvoker.invokeMethod(TestInvoker.java:510)\n\tat org.testng.internal.TestInvoker.retryFailed(TestInvoker.java:204)\n\tat org.testng.internal.MethodRunner.runInSequence(MethodRunner.java:58)\n\tat org.testng.internal.TestInvoker$MethodInvocationAgent.invoke(TestInvoker.java:804)\n\tat org.testng.internal.TestInvoker.invokeTestMethods(TestInvoker.java:145)\n\tat org.testng.internal.TestMethodWorker.invokeTestMethods(TestMethodWorker.java:146)\n\tat org.testng.internal.TestMethodWorker.run(TestMethodWorker.java:128)\n\tat java.util.ArrayList.forEach(ArrayList.java:1259)\n\tat org.testng.TestRunner.privateRun(TestRunner.java:770)\n\tat org.testng.TestRunner.run(TestRunner.java:591)\n\tat org.testng.SuiteRunner.runTest(SuiteRunner.java:402)\n\tat org.testng.SuiteRunner.access$000(SuiteRunner.java:41)\n\tat org.testng.SuiteRunner$SuiteWorker.run(SuiteRunner.java:443)\n\tat org.testng.internal.thread.ThreadUtil.lambda$execute$0(ThreadUtil.java:67)\n\tat java.util.concurrent.FutureTask.run(FutureTask.java:266)\n\tat java.util.concurrent.ThreadPoolExecutor.runWorker(ThreadPoolExecutor.java:1149)\n\tat java.util.concurrent.ThreadPoolExecutor$Worker.run(ThreadPoolExecutor.java:624)\n\tat java.lang.Thread.run(Thread.java:750)\n","steps":[],"attachments":[{"uid":"b282354ed8a0307c","name":"Last screen state","source":"b282354ed8a0307c.bin","type":"image/png","size":0}],"parameters":[],"stepsCount":0,"attachmentsCount":1,"shouldDisplayMessage":true,"hasContent":true},"afterStages":[{"name":"tearDown","time":{"start":1661514243069,"stop":1661514243135,"duration":66},"description":"","status":"passed","steps":[{"name":"Close browser","time":{"start":1661514243069,"stop":1661514243135,"duration":66},"status":"passed","steps":[],"attachments":[],"parameters":[],"stepsCount":0,"attachmentsCount":0,"shouldDisplayMessage":false,"hasContent":false}],"attachments":[],"parameters":[],"stepsCount":1,"attachmentsCount":0,"shouldDisplayMessage":false,"hasContent":true}],"labels":[{"name":"package","value":"tests.HomePageTest"},{"name":"testClass","value":"tests.HomePageTest"},{"name":"testMethod","value":"newEntryShouldBeCreated"},{"name":"parentSuite","value":"Monkkee Regression Test"},{"name":"suite","value":"Create entry"},{"name":"subSuite","value":"tests.HomePageTest"},{"name":"host","value":"fv-az457-855"},{"name":"thread","value":"2334@fv-az457-855.TestNG-tests-2(11)"},{"name":"framework","value":"testng"},{"name":"language","value":"java"},{"name":"resultFormat","value":"allure2"}],"parameters":[],"links":[],"hidden":false,"retry":false,"extra":{"severity":"normal","retries":[{"uid":"f28d6e51099b8f80","status":"skipped","statusDetails":"Saved icon hasn't been found by locator By.xpath: //span[contains(@class, 'cke_savetoggle_text') and text()='saved']","time":{"start":1661514224584,"stop":1661514230552,"duration":5968}}],"categories":[],"history":{"statistic":{"failed":4,"broken":0,"skipped":2,"passed":0,"unknown":0,"total":6},"items":[{"uid":"9ac66e71e78933f8","reportUrl":"https://KazadaevIvan.github.io/Monkkee/34//#testresult/9ac66e71e78933f8","status":"skipped","statusDetails":"Page has not been loaded. Search input not found by locator By.xpath: //input[@type='search']","time":{"start":1661513934223,"stop":1661513934231,"duration":8}},{"uid":"c3a094d03ba6317b","reportUrl":"https://KazadaevIvan.github.io/Monkkee/33//#testresult/c3a094d03ba6317b","status":"failed","statusDetails":"Saved icon hasn't been found by locator By.xpath: //span[contains(@class, 'cke_savetoggle_text') and text()='saved']","time":{"start":1661513362604,"stop":1661513368109,"duration":5505}},{"uid":"d019d6040021bfde","reportUrl":"https://KazadaevIvan.github.io/Monkkee/32//#testresult/d019d6040021bfde","status":"failed","statusDetails":"Saved icon hasn't been found by locator By.xpath: //span[contains(@class, 'cke_savetoggle_text') and text()='saved']","time":{"start":1661512516564,"stop":1661512522391,"duration":5827}},{"uid":"d0f94206b55bb8c3","reportUrl":"https://KazadaevIvan.github.io/Monkkee/31//#testresult/d0f94206b55bb8c3","status":"failed","statusDetails":"Saved icon hasn't been found by locator By.xpath: //span[contains(@class, 'cke_savetoggle_text') and text()='saved']","time":{"start":1661254091244,"stop":1661254101047,"duration":9803}},{"uid":"845b5497acc10cc0","reportUrl":"https://KazadaevIvan.github.io/Monkkee/31//#testresult/845b5497acc10cc0","status":"failed","statusDetails":"Page has not been loaded. Search input not found by locator By.xpath: //input[@type='search']","time":{"start":1661253419502,"stop":1661253430801,"duration":11299}}]},"tags":[]},"source":"bbbe864bdcee323a.json","parameterValues":[]}