{"uid":"157f7f275280e2ba","name":"Validation that new entry can be created","fullName":"tests.HomePageTest.newEntryShouldBeCreated","historyId":"9a0a0d6a1ad0be89e110fb5d0bb7bd7c","time":{"start":1661512507866,"stop":1661512513618,"duration":5752},"status":"skipped","statusMessage":"Saved icon hasn't been found by locator By.xpath: //span[contains(@class, 'cke_savetoggle_text') and text()='saved']","statusTrace":"java.lang.AssertionError: Saved icon hasn't been found by locator By.xpath: //span[contains(@class, 'cke_savetoggle_text') and text()='saved']\n\tat org.testng.Assert.fail(Assert.java:97)\n\tat pages.EntryPage.waitForEntryToBeSaved(EntryPage.java:48)\n\tat steps.EntryPageSteps.inputEntryText(EntryPageSteps.java:21)\n\tat tests.HomePageTest.newEntryShouldBeCreated(HomePageTest.java:22)\n\tat sun.reflect.NativeMethodAccessorImpl.invoke0(Native Method)\n\tat sun.reflect.NativeMethodAccessorImpl.invoke(NativeMethodAccessorImpl.java:62)\n\tat sun.reflect.DelegatingMethodAccessorImpl.invoke(DelegatingMethodAccessorImpl.java:43)\n\tat java.lang.reflect.Method.invoke(Method.java:498)\n\tat org.testng.internal.MethodInvocationHelper.invokeMethod(MethodInvocationHelper.java:133)\n\tat org.testng.internal.TestInvoker.invokeMethod(TestInvoker.java:584)\n\tat org.testng.internal.TestInvoker.retryFailed(TestInvoker.java:204)\n\tat org.testng.internal.MethodRunner.runInSequence(MethodRunner.java:58)\n\tat org.testng.internal.TestInvoker$MethodInvocationAgent.invoke(TestInvoker.java:804)\n\tat org.testng.internal.TestInvoker.invokeTestMethods(TestInvoker.java:145)\n\tat org.testng.internal.TestMethodWorker.invokeTestMethods(TestMethodWorker.java:146)\n\tat org.testng.internal.TestMethodWorker.run(TestMethodWorker.java:128)\n\tat java.util.ArrayList.forEach(ArrayList.java:1259)\n\tat org.testng.TestRunner.privateRun(TestRunner.java:770)\n\tat org.testng.TestRunner.run(TestRunner.java:591)\n\tat org.testng.SuiteRunner.runTest(SuiteRunner.java:402)\n\tat org.testng.SuiteRunner.access$000(SuiteRunner.java:41)\n\tat org.testng.SuiteRunner$SuiteWorker.run(SuiteRunner.java:443)\n\tat org.testng.internal.thread.ThreadUtil.lambda$execute$0(ThreadUtil.java:67)\n\tat java.util.concurrent.FutureTask.run(FutureTask.java:266)\n\tat java.util.concurrent.ThreadPoolExecutor.runWorker(ThreadPoolExecutor.java:1149)\n\tat java.util.concurrent.ThreadPoolExecutor$Worker.run(ThreadPoolExecutor.java:624)\n\tat java.lang.Thread.run(Thread.java:750)\n","flaky":false,"newFailed":false,"newBroken":false,"newPassed":false,"retriesCount":0,"retriesStatusChange":false,"beforeStages":[{"name":"setUp","time":{"start":1661512504874,"stop":1661512505157,"duration":283},"description":"","status":"passed","steps":[{"name":"Open browser","time":{"start":1661512504874,"stop":1661512505157,"duration":283},"status":"passed","steps":[],"attachments":[],"parameters":[],"stepsCount":0,"attachmentsCount":0,"shouldDisplayMessage":false,"hasContent":false}],"attachments":[],"parameters":[],"stepsCount":1,"attachmentsCount":0,"shouldDisplayMessage":false,"hasContent":true},{"name":"login","time":{"start":1661512505158,"stop":1661512507864,"duration":2706},"description":"","status":"passed","steps":[{"name":"Login with username 'ivan.popal.v.kapkan@yandex.ru' and password '1488228228'","time":{"start":1661512505158,"stop":1661512507864,"duration":2706},"status":"passed","steps":[{"name":"Login with username 'ivan.popal.v.kapkan@yandex.ru' and password '1488228228'","time":{"start":1661512506293,"stop":1661512506475,"duration":182},"status":"passed","steps":[],"attachments":[],"parameters":[{"name":"username","value":"ivan.popal.v.kapkan@yandex.ru"},{"name":"password","value":"1488228228"}],"stepsCount":0,"attachmentsCount":0,"shouldDisplayMessage":false,"hasContent":true},{"name":"Verify Home page is opened","time":{"start":1661512506475,"stop":1661512507701,"duration":1226},"status":"passed","steps":[],"attachments":[],"parameters":[],"stepsCount":0,"attachmentsCount":0,"shouldDisplayMessage":false,"hasContent":false}],"attachments":[{"uid":"693ce3e5be5598a8","name":"screenshot","source":"693ce3e5be5598a8.png","type":"image/png","size":166187}],"parameters":[{"name":"username","value":"ivan.popal.v.kapkan@yandex.ru"},{"name":"password","value":"1488228228"}],"stepsCount":2,"attachmentsCount":1,"shouldDisplayMessage":false,"hasContent":true}],"attachments":[],"parameters":[],"stepsCount":3,"attachmentsCount":1,"shouldDisplayMessage":false,"hasContent":true}],"testStage":{"status":"skipped","statusMessage":"Saved icon hasn't been found by locator By.xpath: //span[contains(@class, 'cke_savetoggle_text') and text()='saved']","statusTrace":"java.lang.AssertionError: Saved icon hasn't been found by locator By.xpath: //span[contains(@class, 'cke_savetoggle_text') and text()='saved']\n\tat org.testng.Assert.fail(Assert.java:97)\n\tat pages.EntryPage.waitForEntryToBeSaved(EntryPage.java:48)\n\tat steps.EntryPageSteps.inputEntryText(EntryPageSteps.java:21)\n\tat tests.HomePageTest.newEntryShouldBeCreated(HomePageTest.java:22)\n\tat sun.reflect.NativeMethodAccessorImpl.invoke0(Native Method)\n\tat sun.reflect.NativeMethodAccessorImpl.invoke(NativeMethodAccessorImpl.java:62)\n\tat sun.reflect.DelegatingMethodAccessorImpl.invoke(DelegatingMethodAccessorImpl.java:43)\n\tat java.lang.reflect.Method.invoke(Method.java:498)\n\tat org.testng.internal.MethodInvocationHelper.invokeMethod(MethodInvocationHelper.java:133)\n\tat org.testng.internal.TestInvoker.invokeMethod(TestInvoker.java:584)\n\tat org.testng.internal.TestInvoker.retryFailed(TestInvoker.java:204)\n\tat org.testng.internal.MethodRunner.runInSequence(MethodRunner.java:58)\n\tat org.testng.internal.TestInvoker$MethodInvocationAgent.invoke(TestInvoker.java:804)\n\tat org.testng.internal.TestInvoker.invokeTestMethods(TestInvoker.java:145)\n\tat org.testng.internal.TestMethodWorker.invokeTestMethods(TestMethodWorker.java:146)\n\tat org.testng.internal.TestMethodWorker.run(TestMethodWorker.java:128)\n\tat java.util.ArrayList.forEach(ArrayList.java:1259)\n\tat org.testng.TestRunner.privateRun(TestRunner.java:770)\n\tat org.testng.TestRunner.run(TestRunner.java:591)\n\tat org.testng.SuiteRunner.runTest(SuiteRunner.java:402)\n\tat org.testng.SuiteRunner.access$000(SuiteRunner.java:41)\n\tat org.testng.SuiteRunner$SuiteWorker.run(SuiteRunner.java:443)\n\tat org.testng.internal.thread.ThreadUtil.lambda$execute$0(ThreadUtil.java:67)\n\tat java.util.concurrent.FutureTask.run(FutureTask.java:266)\n\tat java.util.concurrent.ThreadPoolExecutor.runWorker(ThreadPoolExecutor.java:1149)\n\tat java.util.concurrent.ThreadPoolExecutor$Worker.run(ThreadPoolExecutor.java:624)\n\tat java.lang.Thread.run(Thread.java:750)\n","steps":[{"name":"Start to create new entry","time":{"start":1661512507866,"stop":1661512508101,"duration":235},"status":"passed","steps":[{"name":"Click Create An Entry button","time":{"start":1661512507866,"stop":1661512507913,"duration":47},"status":"passed","steps":[],"attachments":[],"parameters":[],"stepsCount":0,"attachmentsCount":0,"shouldDisplayMessage":false,"hasContent":false}],"attachments":[{"uid":"e5861514d625c23d","name":"screenshot","source":"e5861514d625c23d.png","type":"image/png","size":187196}],"parameters":[],"stepsCount":1,"attachmentsCount":1,"shouldDisplayMessage":false,"hasContent":true},{"name":"Input Entry text Hey! This is the first entry 1651069872","time":{"start":1661512508102,"stop":1661512513615,"duration":5513},"status":"failed","statusMessage":"Saved icon hasn't been found by locator By.xpath: //span[contains(@class, 'cke_savetoggle_text') and text()='saved']","statusTrace":"java.lang.AssertionError: Saved icon hasn't been found by locator By.xpath: //span[contains(@class, 'cke_savetoggle_text') and text()='saved']\n\tat org.testng.Assert.fail(Assert.java:97)\n\tat pages.EntryPage.waitForEntryToBeSaved(EntryPage.java:48)\n\tat steps.EntryPageSteps.inputEntryText(EntryPageSteps.java:21)\n\tat tests.HomePageTest.newEntryShouldBeCreated(HomePageTest.java:22)\n\tat sun.reflect.NativeMethodAccessorImpl.invoke0(Native Method)\n\tat sun.reflect.NativeMethodAccessorImpl.invoke(NativeMethodAccessorImpl.java:62)\n\tat sun.reflect.DelegatingMethodAccessorImpl.invoke(DelegatingMethodAccessorImpl.java:43)\n\tat java.lang.reflect.Method.invoke(Method.java:498)\n\tat org.testng.internal.MethodInvocationHelper.invokeMethod(MethodInvocationHelper.java:133)\n\tat org.testng.internal.TestInvoker.invokeMethod(TestInvoker.java:584)\n\tat org.testng.internal.TestInvoker.retryFailed(TestInvoker.java:204)\n\tat org.testng.internal.MethodRunner.runInSequence(MethodRunner.java:58)\n\tat org.testng.internal.TestInvoker$MethodInvocationAgent.invoke(TestInvoker.java:804)\n\tat org.testng.internal.TestInvoker.invokeTestMethods(TestInvoker.java:145)\n\tat org.testng.internal.TestMethodWorker.invokeTestMethods(TestMethodWorker.java:146)\n\tat org.testng.internal.TestMethodWorker.run(TestMethodWorker.java:128)\n\tat java.util.ArrayList.forEach(ArrayList.java:1259)\n\tat org.testng.TestRunner.privateRun(TestRunner.java:770)\n\tat org.testng.TestRunner.run(TestRunner.java:591)\n\tat org.testng.SuiteRunner.runTest(SuiteRunner.java:402)\n\tat org.testng.SuiteRunner.access$000(SuiteRunner.java:41)\n\tat org.testng.SuiteRunner$SuiteWorker.run(SuiteRunner.java:443)\n\tat org.testng.internal.thread.ThreadUtil.lambda$execute$0(ThreadUtil.java:67)\n\tat java.util.concurrent.FutureTask.run(FutureTask.java:266)\n\tat java.util.concurrent.ThreadPoolExecutor.runWorker(ThreadPoolExecutor.java:1149)\n\tat java.util.concurrent.ThreadPoolExecutor$Worker.run(ThreadPoolExecutor.java:624)\n\tat java.lang.Thread.run(Thread.java:750)\n","steps":[{"name":"Verify Entry page is opened","time":{"start":1661512508102,"stop":1661512508237,"duration":135},"status":"passed","steps":[],"attachments":[],"parameters":[],"stepsCount":0,"attachmentsCount":0,"shouldDisplayMessage":false,"hasContent":false},{"name":"Input text Hey! This is the first entry 1651069872","time":{"start":1661512508237,"stop":1661512508333,"duration":96},"status":"passed","steps":[],"attachments":[],"parameters":[{"name":"text","value":"Hey! This is the first entry 1651069872"}],"stepsCount":0,"attachmentsCount":0,"shouldDisplayMessage":false,"hasContent":true},{"name":"Wait for entry to be saved","time":{"start":1661512508333,"stop":1661512513615,"duration":5282},"status":"failed","statusMessage":"Saved icon hasn't been found by locator By.xpath: //span[contains(@class, 'cke_savetoggle_text') and text()='saved']","statusTrace":"java.lang.AssertionError: Saved icon hasn't been found by locator By.xpath: //span[contains(@class, 'cke_savetoggle_text') and text()='saved']\n\tat org.testng.Assert.fail(Assert.java:97)\n\tat pages.EntryPage.waitForEntryToBeSaved(EntryPage.java:48)\n\tat steps.EntryPageSteps.inputEntryText(EntryPageSteps.java:21)\n\tat tests.HomePageTest.newEntryShouldBeCreated(HomePageTest.java:22)\n\tat sun.reflect.NativeMethodAccessorImpl.invoke0(Native Method)\n\tat sun.reflect.NativeMethodAccessorImpl.invoke(NativeMethodAccessorImpl.java:62)\n\tat sun.reflect.DelegatingMethodAccessorImpl.invoke(DelegatingMethodAccessorImpl.java:43)\n\tat java.lang.reflect.Method.invoke(Method.java:498)\n\tat org.testng.internal.MethodInvocationHelper.invokeMethod(MethodInvocationHelper.java:133)\n\tat org.testng.internal.TestInvoker.invokeMethod(TestInvoker.java:584)\n\tat org.testng.internal.TestInvoker.retryFailed(TestInvoker.java:204)\n\tat org.testng.internal.MethodRunner.runInSequence(MethodRunner.java:58)\n\tat org.testng.internal.TestInvoker$MethodInvocationAgent.invoke(TestInvoker.java:804)\n\tat org.testng.internal.TestInvoker.invokeTestMethods(TestInvoker.java:145)\n\tat org.testng.internal.TestMethodWorker.invokeTestMethods(TestMethodWorker.java:146)\n\tat org.testng.internal.TestMethodWorker.run(TestMethodWorker.java:128)\n\tat java.util.ArrayList.forEach(ArrayList.java:1259)\n\tat org.testng.TestRunner.privateRun(TestRunner.java:770)\n\tat org.testng.TestRunner.run(TestRunner.java:591)\n\tat org.testng.SuiteRunner.runTest(SuiteRunner.java:402)\n\tat org.testng.SuiteRunner.access$000(SuiteRunner.java:41)\n\tat org.testng.SuiteRunner$SuiteWorker.run(SuiteRunner.java:443)\n\tat org.testng.internal.thread.ThreadUtil.lambda$execute$0(ThreadUtil.java:67)\n\tat java.util.concurrent.FutureTask.run(FutureTask.java:266)\n\tat java.util.concurrent.ThreadPoolExecutor.runWorker(ThreadPoolExecutor.java:1149)\n\tat java.util.concurrent.ThreadPoolExecutor$Worker.run(ThreadPoolExecutor.java:624)\n\tat java.lang.Thread.run(Thread.java:750)\n","steps":[],"attachments":[],"parameters":[],"stepsCount":0,"attachmentsCount":0,"shouldDisplayMessage":true,"hasContent":true}],"attachments":[],"parameters":[{"name":"text","value":"Hey! This is the first entry 1651069872"}],"stepsCount":3,"attachmentsCount":0,"shouldDisplayMessage":false,"hasContent":true}],"attachments":[{"uid":"cc8df91712c7bc7a","name":"Last screen state","source":"cc8df91712c7bc7a.bin","type":"image/png","size":0},{"uid":"3f9380f64f27d64","name":"Last screen state","source":"3f9380f64f27d64.bin","type":"image/png","size":0}],"parameters":[],"stepsCount":6,"attachmentsCount":3,"shouldDisplayMessage":false,"hasContent":true},"afterStages":[{"name":"tearDown","time":{"start":1661512513621,"stop":1661512513691,"duration":70},"description":"","status":"passed","steps":[{"name":"Close browser","time":{"start":1661512513621,"stop":1661512513691,"duration":70},"status":"passed","steps":[],"attachments":[],"parameters":[],"stepsCount":0,"attachmentsCount":0,"shouldDisplayMessage":false,"hasContent":false}],"attachments":[],"parameters":[],"stepsCount":1,"attachmentsCount":0,"shouldDisplayMessage":false,"hasContent":true}],"labels":[{"name":"package","value":"tests.HomePageTest"},{"name":"testClass","value":"tests.HomePageTest"},{"name":"testMethod","value":"newEntryShouldBeCreated"},{"name":"parentSuite","value":"Monkkee Regression Test"},{"name":"suite","value":"Create entry"},{"name":"subSuite","value":"tests.HomePageTest"},{"name":"host","value":"fv-az311-451"},{"name":"thread","value":"2392@fv-az311-451.TestNG-tests-2(11)"},{"name":"framework","value":"testng"},{"name":"language","value":"java"},{"name":"resultFormat","value":"allure2"}],"parameters":[],"links":[],"hidden":true,"retry":true,"extra":{"categories":[],"tags":[]},"source":"157f7f275280e2ba.json","parameterValues":[]}