{"uid":"845b5497acc10cc0","name":"Validation that new entry can be created","fullName":"tests.HomePageTest.newEntryShouldBeCreated","historyId":"9a0a0d6a1ad0be89e110fb5d0bb7bd7c","time":{"start":1661253419502,"stop":1661253430801,"duration":11299},"status":"failed","statusMessage":"Page has not been loaded. Search input not found by locator By.xpath: //input[@type='search']","statusTrace":"java.lang.AssertionError: Page has not been loaded. Search input not found by locator By.xpath: //input[@type='search']\n\tat org.testng.Assert.fail(Assert.java:97)\n\tat pages.HomePage.isPageOpened(HomePage.java:33)\n\tat steps.LoginPageSteps.login(LoginPageSteps.java:22)\n\tat tests.HomePageTest.newEntryShouldBeCreated(HomePageTest.java:10)\n\tat sun.reflect.NativeMethodAccessorImpl.invoke0(Native Method)\n\tat sun.reflect.NativeMethodAccessorImpl.invoke(NativeMethodAccessorImpl.java:62)\n\tat sun.reflect.DelegatingMethodAccessorImpl.invoke(DelegatingMethodAccessorImpl.java:43)\n\tat java.lang.reflect.Method.invoke(Method.java:498)\n\tat org.testng.internal.MethodInvocationHelper.invokeMethod(MethodInvocationHelper.java:133)\n\tat org.testng.internal.TestInvoker.invokeMethod(TestInvoker.java:584)\n\tat org.testng.internal.TestInvoker.retryFailed(TestInvoker.java:204)\n\tat org.testng.internal.MethodRunner.runInSequence(MethodRunner.java:58)\n\tat org.testng.internal.TestInvoker$MethodInvocationAgent.invoke(TestInvoker.java:804)\n\tat org.testng.internal.TestInvoker.invokeTestMethods(TestInvoker.java:145)\n\tat org.testng.internal.TestMethodWorker.invokeTestMethods(TestMethodWorker.java:146)\n\tat org.testng.internal.TestMethodWorker.run(TestMethodWorker.java:128)\n\tat java.util.ArrayList.forEach(ArrayList.java:1259)\n\tat org.testng.TestRunner.privateRun(TestRunner.java:770)\n\tat org.testng.TestRunner.run(TestRunner.java:591)\n\tat org.testng.SuiteRunner.runTest(SuiteRunner.java:402)\n\tat org.testng.SuiteRunner.runSequentially(SuiteRunner.java:396)\n\tat org.testng.SuiteRunner.privateRun(SuiteRunner.java:355)\n\tat org.testng.SuiteRunner.run(SuiteRunner.java:304)\n\tat org.testng.SuiteRunnerWorker.runSuite(SuiteRunnerWorker.java:53)\n\tat org.testng.SuiteRunnerWorker.run(SuiteRunnerWorker.java:96)\n\tat org.testng.TestNG.runSuitesSequentially(TestNG.java:1180)\n\tat org.testng.TestNG.runSuitesLocally(TestNG.java:1102)\n\tat org.testng.TestNG.runSuites(TestNG.java:1032)\n\tat org.testng.TestNG.run(TestNG.java:1000)\n\tat org.apache.maven.surefire.testng.TestNGExecutor.run(TestNGExecutor.java:283)\n\tat org.apache.maven.surefire.testng.TestNGXmlTestSuite.execute(TestNGXmlTestSuite.java:75)\n\tat org.apache.maven.surefire.testng.TestNGProvider.invoke(TestNGProvider.java:120)\n\tat org.apache.maven.surefire.booter.ForkedBooter.runSuitesInProcess(ForkedBooter.java:377)\n\tat org.apache.maven.surefire.booter.ForkedBooter.execute(ForkedBooter.java:138)\n\tat org.apache.maven.surefire.booter.ForkedBooter.run(ForkedBooter.java:465)\n\tat org.apache.maven.surefire.booter.ForkedBooter.main(ForkedBooter.java:451)\n","flaky":false,"newFailed":false,"newBroken":false,"newPassed":false,"retriesCount":2,"retriesStatusChange":true,"beforeStages":[{"name":"setUp","time":{"start":1661253419228,"stop":1661253419499,"duration":271},"description":"","status":"passed","steps":[{"name":"Open browser","time":{"start":1661253419229,"stop":1661253419499,"duration":270},"status":"passed","steps":[],"attachments":[],"parameters":[],"shouldDisplayMessage":false,"hasContent":false,"stepsCount":0,"attachmentsCount":0}],"attachments":[],"parameters":[],"shouldDisplayMessage":false,"hasContent":true,"stepsCount":1,"attachmentsCount":0}],"testStage":{"status":"failed","statusMessage":"Page has not been loaded. Search input not found by locator By.xpath: //input[@type='search']","statusTrace":"java.lang.AssertionError: Page has not been loaded. Search input not found by locator By.xpath: //input[@type='search']\n\tat org.testng.Assert.fail(Assert.java:97)\n\tat pages.HomePage.isPageOpened(HomePage.java:33)\n\tat steps.LoginPageSteps.login(LoginPageSteps.java:22)\n\tat tests.HomePageTest.newEntryShouldBeCreated(HomePageTest.java:10)\n\tat sun.reflect.NativeMethodAccessorImpl.invoke0(Native Method)\n\tat sun.reflect.NativeMethodAccessorImpl.invoke(NativeMethodAccessorImpl.java:62)\n\tat sun.reflect.DelegatingMethodAccessorImpl.invoke(DelegatingMethodAccessorImpl.java:43)\n\tat java.lang.reflect.Method.invoke(Method.java:498)\n\tat org.testng.internal.MethodInvocationHelper.invokeMethod(MethodInvocationHelper.java:133)\n\tat org.testng.internal.TestInvoker.invokeMethod(TestInvoker.java:584)\n\tat org.testng.internal.TestInvoker.retryFailed(TestInvoker.java:204)\n\tat org.testng.internal.MethodRunner.runInSequence(MethodRunner.java:58)\n\tat org.testng.internal.TestInvoker$MethodInvocationAgent.invoke(TestInvoker.java:804)\n\tat org.testng.internal.TestInvoker.invokeTestMethods(TestInvoker.java:145)\n\tat org.testng.internal.TestMethodWorker.invokeTestMethods(TestMethodWorker.java:146)\n\tat org.testng.internal.TestMethodWorker.run(TestMethodWorker.java:128)\n\tat java.util.ArrayList.forEach(ArrayList.java:1259)\n\tat org.testng.TestRunner.privateRun(TestRunner.java:770)\n\tat org.testng.TestRunner.run(TestRunner.java:591)\n\tat org.testng.SuiteRunner.runTest(SuiteRunner.java:402)\n\tat org.testng.SuiteRunner.runSequentially(SuiteRunner.java:396)\n\tat org.testng.SuiteRunner.privateRun(SuiteRunner.java:355)\n\tat org.testng.SuiteRunner.run(SuiteRunner.java:304)\n\tat org.testng.SuiteRunnerWorker.runSuite(SuiteRunnerWorker.java:53)\n\tat org.testng.SuiteRunnerWorker.run(SuiteRunnerWorker.java:96)\n\tat org.testng.TestNG.runSuitesSequentially(TestNG.java:1180)\n\tat org.testng.TestNG.runSuitesLocally(TestNG.java:1102)\n\tat org.testng.TestNG.runSuites(TestNG.java:1032)\n\tat org.testng.TestNG.run(TestNG.java:1000)\n\tat org.apache.maven.surefire.testng.TestNGExecutor.run(TestNGExecutor.java:283)\n\tat org.apache.maven.surefire.testng.TestNGXmlTestSuite.execute(TestNGXmlTestSuite.java:75)\n\tat org.apache.maven.surefire.testng.TestNGProvider.invoke(TestNGProvider.java:120)\n\tat org.apache.maven.surefire.booter.ForkedBooter.runSuitesInProcess(ForkedBooter.java:377)\n\tat org.apache.maven.surefire.booter.ForkedBooter.execute(ForkedBooter.java:138)\n\tat org.apache.maven.surefire.booter.ForkedBooter.run(ForkedBooter.java:465)\n\tat org.apache.maven.surefire.booter.ForkedBooter.main(ForkedBooter.java:451)\n","steps":[{"name":"Login with username 'ivan.popal.v.kapkan@yandex.ru' and password '1488228228'","time":{"start":1661253419502,"stop":1661253430789,"duration":11287},"status":"failed","statusMessage":"Page has not been loaded. Search input not found by locator By.xpath: //input[@type='search']","statusTrace":"java.lang.AssertionError: Page has not been loaded. Search input not found by locator By.xpath: //input[@type='search']\n\tat org.testng.Assert.fail(Assert.java:97)\n\tat pages.HomePage.isPageOpened(HomePage.java:33)\n\tat steps.LoginPageSteps.login(LoginPageSteps.java:22)\n\tat tests.HomePageTest.newEntryShouldBeCreated(HomePageTest.java:10)\n\tat sun.reflect.NativeMethodAccessorImpl.invoke0(Native Method)\n\tat sun.reflect.NativeMethodAccessorImpl.invoke(NativeMethodAccessorImpl.java:62)\n\tat sun.reflect.DelegatingMethodAccessorImpl.invoke(DelegatingMethodAccessorImpl.java:43)\n\tat java.lang.reflect.Method.invoke(Method.java:498)\n\tat org.testng.internal.MethodInvocationHelper.invokeMethod(MethodInvocationHelper.java:133)\n\tat org.testng.internal.TestInvoker.invokeMethod(TestInvoker.java:584)\n\tat org.testng.internal.TestInvoker.retryFailed(TestInvoker.java:204)\n\tat org.testng.internal.MethodRunner.runInSequence(MethodRunner.java:58)\n\tat org.testng.internal.TestInvoker$MethodInvocationAgent.invoke(TestInvoker.java:804)\n\tat org.testng.internal.TestInvoker.invokeTestMethods(TestInvoker.java:145)\n\tat org.testng.internal.TestMethodWorker.invokeTestMethods(TestMethodWorker.java:146)\n\tat org.testng.internal.TestMethodWorker.run(TestMethodWorker.java:128)\n\tat java.util.ArrayList.forEach(ArrayList.java:1259)\n\tat org.testng.TestRunner.privateRun(TestRunner.java:770)\n\tat org.testng.TestRunner.run(TestRunner.java:591)\n\tat org.testng.SuiteRunner.runTest(SuiteRunner.java:402)\n\tat org.testng.SuiteRunner.runSequentially(SuiteRunner.java:396)\n\tat org.testng.SuiteRunner.privateRun(SuiteRunner.java:355)\n\tat org.testng.SuiteRunner.run(SuiteRunner.java:304)\n\tat org.testng.SuiteRunnerWorker.runSuite(SuiteRunnerWorker.java:53)\n\tat org.testng.SuiteRunnerWorker.run(SuiteRunnerWorker.java:96)\n\tat org.testng.TestNG.runSuitesSequentially(TestNG.java:1180)\n\tat org.testng.TestNG.runSuitesLocally(TestNG.java:1102)\n\tat org.testng.TestNG.runSuites(TestNG.java:1032)\n\tat org.testng.TestNG.run(TestNG.java:1000)\n\tat org.apache.maven.surefire.testng.TestNGExecutor.run(TestNGExecutor.java:283)\n\tat org.apache.maven.surefire.testng.TestNGXmlTestSuite.execute(TestNGXmlTestSuite.java:75)\n\tat org.apache.maven.surefire.testng.TestNGProvider.invoke(TestNGProvider.java:120)\n\tat org.apache.maven.surefire.booter.ForkedBooter.runSuitesInProcess(ForkedBooter.java:377)\n\tat org.apache.maven.surefire.booter.ForkedBooter.execute(ForkedBooter.java:138)\n\tat org.apache.maven.surefire.booter.ForkedBooter.run(ForkedBooter.java:465)\n\tat org.apache.maven.surefire.booter.ForkedBooter.main(ForkedBooter.java:451)\n","steps":[{"name":"Login with username 'ivan.popal.v.kapkan@yandex.ru' and password '1488228228'","time":{"start":1661253420584,"stop":1661253420762,"duration":178},"status":"passed","steps":[],"attachments":[],"parameters":[{"name":"username","value":"ivan.popal.v.kapkan@yandex.ru"},{"name":"password","value":"1488228228"}],"shouldDisplayMessage":false,"hasContent":true,"stepsCount":0,"attachmentsCount":0},{"name":"Verify Home page is opened","time":{"start":1661253420762,"stop":1661253430789,"duration":10027},"status":"failed","statusMessage":"Page has not been loaded. Search input not found by locator By.xpath: //input[@type='search']","statusTrace":"java.lang.AssertionError: Page has not been loaded. Search input not found by locator By.xpath: //input[@type='search']\n\tat org.testng.Assert.fail(Assert.java:97)\n\tat pages.HomePage.isPageOpened(HomePage.java:33)\n\tat steps.LoginPageSteps.login(LoginPageSteps.java:22)\n\tat tests.HomePageTest.newEntryShouldBeCreated(HomePageTest.java:10)\n\tat sun.reflect.NativeMethodAccessorImpl.invoke0(Native Method)\n\tat sun.reflect.NativeMethodAccessorImpl.invoke(NativeMethodAccessorImpl.java:62)\n\tat sun.reflect.DelegatingMethodAccessorImpl.invoke(DelegatingMethodAccessorImpl.java:43)\n\tat java.lang.reflect.Method.invoke(Method.java:498)\n\tat org.testng.internal.MethodInvocationHelper.invokeMethod(MethodInvocationHelper.java:133)\n\tat org.testng.internal.TestInvoker.invokeMethod(TestInvoker.java:584)\n\tat org.testng.internal.TestInvoker.retryFailed(TestInvoker.java:204)\n\tat org.testng.internal.MethodRunner.runInSequence(MethodRunner.java:58)\n\tat org.testng.internal.TestInvoker$MethodInvocationAgent.invoke(TestInvoker.java:804)\n\tat org.testng.internal.TestInvoker.invokeTestMethods(TestInvoker.java:145)\n\tat org.testng.internal.TestMethodWorker.invokeTestMethods(TestMethodWorker.java:146)\n\tat org.testng.internal.TestMethodWorker.run(TestMethodWorker.java:128)\n\tat java.util.ArrayList.forEach(ArrayList.java:1259)\n\tat org.testng.TestRunner.privateRun(TestRunner.java:770)\n\tat org.testng.TestRunner.run(TestRunner.java:591)\n\tat org.testng.SuiteRunner.runTest(SuiteRunner.java:402)\n\tat org.testng.SuiteRunner.runSequentially(SuiteRunner.java:396)\n\tat org.testng.SuiteRunner.privateRun(SuiteRunner.java:355)\n\tat org.testng.SuiteRunner.run(SuiteRunner.java:304)\n\tat org.testng.SuiteRunnerWorker.runSuite(SuiteRunnerWorker.java:53)\n\tat org.testng.SuiteRunnerWorker.run(SuiteRunnerWorker.java:96)\n\tat org.testng.TestNG.runSuitesSequentially(TestNG.java:1180)\n\tat org.testng.TestNG.runSuitesLocally(TestNG.java:1102)\n\tat org.testng.TestNG.runSuites(TestNG.java:1032)\n\tat org.testng.TestNG.run(TestNG.java:1000)\n\tat org.apache.maven.surefire.testng.TestNGExecutor.run(TestNGExecutor.java:283)\n\tat org.apache.maven.surefire.testng.TestNGXmlTestSuite.execute(TestNGXmlTestSuite.java:75)\n\tat org.apache.maven.surefire.testng.TestNGProvider.invoke(TestNGProvider.java:120)\n\tat org.apache.maven.surefire.booter.ForkedBooter.runSuitesInProcess(ForkedBooter.java:377)\n\tat org.apache.maven.surefire.booter.ForkedBooter.execute(ForkedBooter.java:138)\n\tat org.apache.maven.surefire.booter.ForkedBooter.run(ForkedBooter.java:465)\n\tat org.apache.maven.surefire.booter.ForkedBooter.main(ForkedBooter.java:451)\n","steps":[],"attachments":[],"parameters":[],"shouldDisplayMessage":true,"hasContent":true,"stepsCount":0,"attachmentsCount":0}],"attachments":[],"parameters":[{"name":"username","value":"ivan.popal.v.kapkan@yandex.ru"},{"name":"password","value":"1488228228"}],"shouldDisplayMessage":false,"hasContent":true,"stepsCount":2,"attachmentsCount":0}],"attachments":[{"uid":"d49591a421a0bba9","name":"Last screen state","source":"d49591a421a0bba9.bin","type":"image/png","size":0},{"uid":"bdc31e1895d31cf9","name":"Last screen state","source":"bdc31e1895d31cf9.bin","type":"image/png","size":0}],"parameters":[],"shouldDisplayMessage":false,"hasContent":true,"stepsCount":3,"attachmentsCount":2},"afterStages":[{"name":"tearDown","time":{"start":1661253430802,"stop":1661253430871,"duration":69},"description":"","status":"passed","steps":[{"name":"Close browser","time":{"start":1661253430802,"stop":1661253430871,"duration":69},"status":"passed","steps":[],"attachments":[],"parameters":[],"shouldDisplayMessage":false,"hasContent":false,"stepsCount":0,"attachmentsCount":0}],"attachments":[],"parameters":[],"shouldDisplayMessage":false,"hasContent":true,"stepsCount":1,"attachmentsCount":0}],"labels":[{"name":"package","value":"tests.HomePageTest"},{"name":"testClass","value":"tests.HomePageTest"},{"name":"testMethod","value":"newEntryShouldBeCreated"},{"name":"parentSuite","value":"Monkkee Regression Test"},{"name":"suite","value":"Create entry"},{"name":"subSuite","value":"tests.HomePageTest"},{"name":"host","value":"fv-az41-228"},{"name":"thread","value":"2299@fv-az41-228.main(1)"},{"name":"framework","value":"testng"},{"name":"language","value":"java"},{"name":"resultFormat","value":"allure2"}],"parameters":[],"links":[],"hidden":false,"retry":false,"extra":{"severity":"normal","retries":[{"uid":"a0463ed9d8290258","status":"skipped","statusDetails":"Saved icon hasn't been found by locator By.xpath: //span[contains(@class, 'cke_savetoggle_text') and text()='saved']","time":{"start":1661253410703,"stop":1661253419157,"duration":8454}},{"uid":"df27024a8d282b43","status":"skipped","statusDetails":"Saved icon hasn't been found by locator By.xpath: //span[contains(@class, 'cke_savetoggle_text') and text()='saved']","time":{"start":1661253401644,"stop":1661253410161,"duration":8517}}],"categories":[{"name":"Product defects","matchedStatuses":[],"flaky":false}],"tags":[]},"source":"845b5497acc10cc0.json","parameterValues":[]}