{"uid":"a3102c2707b18e5e","name":"Validation that user could login with valid credentials","fullName":"tests.LoginPageTest.userShouldBeLoggedIn","historyId":"4214bdb3a0c8ab62f93af50898742e7b","time":{"start":1671364559713,"stop":1671364559734,"duration":21},"status":"skipped","statusMessage":"session not created: This version of ChromeDriver only supports Chrome version 104\nCurrent browser version is 108.0.5359.98 with binary path /usr/bin/google-chrome\nBuild info: version: '3.141.59', revision: 'e82be7d358', time: '2018-11-14T08:17:03'\nSystem info: host: 'fv-az559-457', ip: '10.1.0.50', os.name: 'Linux', os.arch: 'amd64', os.version: '5.15.0-1024-azure', java.version: '1.8.0_352'\nDriver info: driver.version: ChromeDriver\nremote stacktrace: #0 0x55b78c5a4403 <unknown>\n#1 0x55b78c3aa778 <unknown>\n#2 0x55b78c3d2aef <unknown>\n#3 0x55b78c3ce297 <unknown>\n#4 0x55b78c3ca12b <unknown>\n#5 0x55b78c40583a <unknown>\n#6 0x55b78c3ff8f3 <unknown>\n#7 0x55b78c3d50d8 <unknown>\n#8 0x55b78c3d6205 <unknown>\n#9 0x55b78c5ebe3d <unknown>\n#10 0x55b78c5eedb6 <unknown>\n#11 0x55b78c5d513e <unknown>\n#12 0x55b78c5ef9b5 <unknown>\n#13 0x55b78c5c9970 <unknown>\n#14 0x55b78c60c228 <unknown>\n#15 0x55b78c60c3bf <unknown>\n#16 0x55b78c626abe <unknown>\n#17 0x7fccd3e4ab43 <unknown>\n","statusTrace":"org.openqa.selenium.SessionNotCreatedException: session not created: This version of ChromeDriver only supports Chrome version 104\nCurrent browser version is 108.0.5359.98 with binary path /usr/bin/google-chrome\nBuild info: version: '3.141.59', revision: 'e82be7d358', time: '2018-11-14T08:17:03'\nSystem info: host: 'fv-az559-457', ip: '10.1.0.50', os.name: 'Linux', os.arch: 'amd64', os.version: '5.15.0-1024-azure', java.version: '1.8.0_352'\nDriver info: driver.version: ChromeDriver\nremote stacktrace: #0 0x55b78c5a4403 <unknown>\n#1 0x55b78c3aa778 <unknown>\n#2 0x55b78c3d2aef <unknown>\n#3 0x55b78c3ce297 <unknown>\n#4 0x55b78c3ca12b <unknown>\n#5 0x55b78c40583a <unknown>\n#6 0x55b78c3ff8f3 <unknown>\n#7 0x55b78c3d50d8 <unknown>\n#8 0x55b78c3d6205 <unknown>\n#9 0x55b78c5ebe3d <unknown>\n#10 0x55b78c5eedb6 <unknown>\n#11 0x55b78c5d513e <unknown>\n#12 0x55b78c5ef9b5 <unknown>\n#13 0x55b78c5c9970 <unknown>\n#14 0x55b78c60c228 <unknown>\n#15 0x55b78c60c3bf <unknown>\n#16 0x55b78c626abe <unknown>\n#17 0x7fccd3e4ab43 <unknown>\n\n\tat sun.reflect.NativeConstructorAccessorImpl.newInstance0(Native Method)\n\tat sun.reflect.NativeConstructorAccessorImpl.newInstance(NativeConstructorAccessorImpl.java:62)\n\tat sun.reflect.DelegatingConstructorAccessorImpl.newInstance(DelegatingConstructorAccessorImpl.java:45)\n\tat java.lang.reflect.Constructor.newInstance(Constructor.java:423)\n\tat org.openqa.selenium.remote.W3CHandshakeResponse.lambda$errorHandler$0(W3CHandshakeResponse.java:62)\n\tat org.openqa.selenium.remote.HandshakeResponse.lambda$getResponseFunction$0(HandshakeResponse.java:30)\n\tat org.openqa.selenium.remote.ProtocolHandshake.lambda$createSession$0(ProtocolHandshake.java:126)\n\tat java.util.stream.ReferencePipeline$3$1.accept(ReferencePipeline.java:193)\n\tat java.util.Spliterators$ArraySpliterator.tryAdvance(Spliterators.java:958)\n\tat java.util.stream.ReferencePipeline.forEachWithCancel(ReferencePipeline.java:126)\n\tat java.util.stream.AbstractPipeline.copyIntoWithCancel(AbstractPipeline.java:499)\n\tat java.util.stream.AbstractPipeline.copyInto(AbstractPipeline.java:486)\n\tat java.util.stream.AbstractPipeline.wrapAndCopyInto(AbstractPipeline.java:472)\n\tat java.util.stream.FindOps$FindOp.evaluateSequential(FindOps.java:152)\n\tat java.util.stream.AbstractPipeline.evaluate(AbstractPipeline.java:234)\n\tat java.util.stream.ReferencePipeline.findFirst(ReferencePipeline.java:531)\n\tat org.openqa.selenium.remote.ProtocolHandshake.createSession(ProtocolHandshake.java:128)\n\tat org.openqa.selenium.remote.ProtocolHandshake.createSession(ProtocolHandshake.java:74)\n\tat org.openqa.selenium.remote.HttpCommandExecutor.execute(HttpCommandExecutor.java:136)\n\tat org.openqa.selenium.remote.service.DriverCommandExecutor.execute(DriverCommandExecutor.java:83)\n\tat org.openqa.selenium.remote.RemoteWebDriver.execute(RemoteWebDriver.java:552)\n\tat org.openqa.selenium.remote.RemoteWebDriver.startSession(RemoteWebDriver.java:213)\n\tat org.openqa.selenium.remote.RemoteWebDriver.<init>(RemoteWebDriver.java:131)\n\tat org.openqa.selenium.chrome.ChromeDriver.<init>(ChromeDriver.java:181)\n\tat org.openqa.selenium.chrome.ChromeDriver.<init>(ChromeDriver.java:168)\n\tat org.openqa.selenium.chrome.ChromeDriver.<init>(ChromeDriver.java:157)\n\tat tests.base.BaseTest.setUp(BaseTest.java:31)\n\tat sun.reflect.NativeMethodAccessorImpl.invoke0(Native Method)\n\tat sun.reflect.NativeMethodAccessorImpl.invoke(NativeMethodAccessorImpl.java:62)\n\tat sun.reflect.DelegatingMethodAccessorImpl.invoke(DelegatingMethodAccessorImpl.java:43)\n\tat java.lang.reflect.Method.invoke(Method.java:498)\n\tat org.testng.internal.MethodInvocationHelper.invokeMethod(MethodInvocationHelper.java:133)\n\tat org.testng.internal.MethodInvocationHelper.invokeMethodConsideringTimeout(MethodInvocationHelper.java:62)\n\tat org.testng.internal.ConfigInvoker.invokeConfigurationMethod(ConfigInvoker.java:340)\n\tat org.testng.internal.ConfigInvoker.invokeConfigurations(ConfigInvoker.java:294)\n\tat org.testng.internal.TestInvoker.runConfigMethods(TestInvoker.java:683)\n\tat org.testng.internal.TestInvoker.invokeMethod(TestInvoker.java:510)\n\tat org.testng.internal.TestInvoker.invokeTestMethod(TestInvoker.java:172)\n\tat org.testng.internal.MethodRunner.runInSequence(MethodRunner.java:46)\n\tat org.testng.internal.TestInvoker$MethodInvocationAgent.invoke(TestInvoker.java:804)\n\tat org.testng.internal.TestInvoker.invokeTestMethods(TestInvoker.java:145)\n\tat org.testng.internal.TestMethodWorker.invokeTestMethods(TestMethodWorker.java:146)\n\tat org.testng.internal.TestMethodWorker.run(TestMethodWorker.java:128)\n\tat java.util.ArrayList.forEach(ArrayList.java:1259)\n\tat org.testng.TestRunner.privateRun(TestRunner.java:770)\n\tat org.testng.TestRunner.run(TestRunner.java:591)\n\tat org.testng.SuiteRunner.runTest(SuiteRunner.java:402)\n\tat org.testng.SuiteRunner.runSequentially(SuiteRunner.java:396)\n\tat org.testng.SuiteRunner.privateRun(SuiteRunner.java:355)\n\tat org.testng.SuiteRunner.run(SuiteRunner.java:304)\n\tat org.testng.SuiteRunnerWorker.runSuite(SuiteRunnerWorker.java:53)\n\tat org.testng.SuiteRunnerWorker.run(SuiteRunnerWorker.java:96)\n\tat org.testng.TestNG.runSuitesSequentially(TestNG.java:1180)\n\tat org.testng.TestNG.runSuitesLocally(TestNG.java:1102)\n\tat org.testng.TestNG.runSuites(TestNG.java:1032)\n\tat org.testng.TestNG.run(TestNG.java:1000)\n\tat org.apache.maven.surefire.testng.TestNGExecutor.run(TestNGExecutor.java:283)\n\tat org.apache.maven.surefire.testng.TestNGXmlTestSuite.execute(TestNGXmlTestSuite.java:75)\n\tat org.apache.maven.surefire.testng.TestNGProvider.invoke(TestNGProvider.java:120)\n\tat org.apache.maven.surefire.booter.ForkedBooter.runSuitesInProcess(ForkedBooter.java:377)\n\tat org.apache.maven.surefire.booter.ForkedBooter.execute(ForkedBooter.java:138)\n\tat org.apache.maven.surefire.booter.ForkedBooter.run(ForkedBooter.java:465)\n\tat org.apache.maven.surefire.booter.ForkedBooter.main(ForkedBooter.java:451)\n","flaky":false,"newFailed":false,"newBroken":false,"newPassed":false,"retriesCount":0,"retriesStatusChange":false,"beforeStages":[{"name":"setUp","time":{"start":1671364553322,"stop":1671364559547,"duration":6225},"description":"","status":"broken","statusMessage":"session not created: This version of ChromeDriver only supports Chrome version 104\nCurrent browser version is 108.0.5359.98 with binary path /usr/bin/google-chrome\nBuild info: version: '3.141.59', revision: 'e82be7d358', time: '2018-11-14T08:17:03'\nSystem info: host: 'fv-az559-457', ip: '10.1.0.50', os.name: 'Linux', os.arch: 'amd64', os.version: '5.15.0-1024-azure', java.version: '1.8.0_352'\nDriver info: driver.version: ChromeDriver\nremote stacktrace: #0 0x55b78c5a4403 <unknown>\n#1 0x55b78c3aa778 <unknown>\n#2 0x55b78c3d2aef <unknown>\n#3 0x55b78c3ce297 <unknown>\n#4 0x55b78c3ca12b <unknown>\n#5 0x55b78c40583a <unknown>\n#6 0x55b78c3ff8f3 <unknown>\n#7 0x55b78c3d50d8 <unknown>\n#8 0x55b78c3d6205 <unknown>\n#9 0x55b78c5ebe3d <unknown>\n#10 0x55b78c5eedb6 <unknown>\n#11 0x55b78c5d513e <unknown>\n#12 0x55b78c5ef9b5 <unknown>\n#13 0x55b78c5c9970 <unknown>\n#14 0x55b78c60c228 <unknown>\n#15 0x55b78c60c3bf <unknown>\n#16 0x55b78c626abe <unknown>\n#17 0x7fccd3e4ab43 <unknown>\n","statusTrace":"org.openqa.selenium.SessionNotCreatedException: session not created: This version of ChromeDriver only supports Chrome version 104\nCurrent browser version is 108.0.5359.98 with binary path /usr/bin/google-chrome\nBuild info: version: '3.141.59', revision: 'e82be7d358', time: '2018-11-14T08:17:03'\nSystem info: host: 'fv-az559-457', ip: '10.1.0.50', os.name: 'Linux', os.arch: 'amd64', os.version: '5.15.0-1024-azure', java.version: '1.8.0_352'\nDriver info: driver.version: ChromeDriver\nremote stacktrace: #0 0x55b78c5a4403 <unknown>\n#1 0x55b78c3aa778 <unknown>\n#2 0x55b78c3d2aef <unknown>\n#3 0x55b78c3ce297 <unknown>\n#4 0x55b78c3ca12b <unknown>\n#5 0x55b78c40583a <unknown>\n#6 0x55b78c3ff8f3 <unknown>\n#7 0x55b78c3d50d8 <unknown>\n#8 0x55b78c3d6205 <unknown>\n#9 0x55b78c5ebe3d <unknown>\n#10 0x55b78c5eedb6 <unknown>\n#11 0x55b78c5d513e <unknown>\n#12 0x55b78c5ef9b5 <unknown>\n#13 0x55b78c5c9970 <unknown>\n#14 0x55b78c60c228 <unknown>\n#15 0x55b78c60c3bf <unknown>\n#16 0x55b78c626abe <unknown>\n#17 0x7fccd3e4ab43 <unknown>\n\n\tat sun.reflect.NativeConstructorAccessorImpl.newInstance0(Native Method)\n\tat sun.reflect.NativeConstructorAccessorImpl.newInstance(NativeConstructorAccessorImpl.java:62)\n\tat sun.reflect.DelegatingConstructorAccessorImpl.newInstance(DelegatingConstructorAccessorImpl.java:45)\n\tat java.lang.reflect.Constructor.newInstance(Constructor.java:423)\n\tat org.openqa.selenium.remote.W3CHandshakeResponse.lambda$errorHandler$0(W3CHandshakeResponse.java:62)\n\tat org.openqa.selenium.remote.HandshakeResponse.lambda$getResponseFunction$0(HandshakeResponse.java:30)\n\tat org.openqa.selenium.remote.ProtocolHandshake.lambda$createSession$0(ProtocolHandshake.java:126)\n\tat java.util.stream.ReferencePipeline$3$1.accept(ReferencePipeline.java:193)\n\tat java.util.Spliterators$ArraySpliterator.tryAdvance(Spliterators.java:958)\n\tat java.util.stream.ReferencePipeline.forEachWithCancel(ReferencePipeline.java:126)\n\tat java.util.stream.AbstractPipeline.copyIntoWithCancel(AbstractPipeline.java:499)\n\tat java.util.stream.AbstractPipeline.copyInto(AbstractPipeline.java:486)\n\tat java.util.stream.AbstractPipeline.wrapAndCopyInto(AbstractPipeline.java:472)\n\tat java.util.stream.FindOps$FindOp.evaluateSequential(FindOps.java:152)\n\tat java.util.stream.AbstractPipeline.evaluate(AbstractPipeline.java:234)\n\tat java.util.stream.ReferencePipeline.findFirst(ReferencePipeline.java:531)\n\tat org.openqa.selenium.remote.ProtocolHandshake.createSession(ProtocolHandshake.java:128)\n\tat org.openqa.selenium.remote.ProtocolHandshake.createSession(ProtocolHandshake.java:74)\n\tat org.openqa.selenium.remote.HttpCommandExecutor.execute(HttpCommandExecutor.java:136)\n\tat org.openqa.selenium.remote.service.DriverCommandExecutor.execute(DriverCommandExecutor.java:83)\n\tat org.openqa.selenium.remote.RemoteWebDriver.execute(RemoteWebDriver.java:552)\n\tat org.openqa.selenium.remote.RemoteWebDriver.startSession(RemoteWebDriver.java:213)\n\tat org.openqa.selenium.remote.RemoteWebDriver.<init>(RemoteWebDriver.java:131)\n\tat org.openqa.selenium.chrome.ChromeDriver.<init>(ChromeDriver.java:181)\n\tat org.openqa.selenium.chrome.ChromeDriver.<init>(ChromeDriver.java:168)\n\tat org.openqa.selenium.chrome.ChromeDriver.<init>(ChromeDriver.java:157)\n\tat tests.base.BaseTest.setUp(BaseTest.java:31)\n\tat sun.reflect.NativeMethodAccessorImpl.invoke0(Native Method)\n\tat sun.reflect.NativeMethodAccessorImpl.invoke(NativeMethodAccessorImpl.java:62)\n\tat sun.reflect.DelegatingMethodAccessorImpl.invoke(DelegatingMethodAccessorImpl.java:43)\n\tat java.lang.reflect.Method.invoke(Method.java:498)\n\tat org.testng.internal.MethodInvocationHelper.invokeMethod(MethodInvocationHelper.java:133)\n\tat org.testng.internal.MethodInvocationHelper.invokeMethodConsideringTimeout(MethodInvocationHelper.java:62)\n\tat org.testng.internal.ConfigInvoker.invokeConfigurationMethod(ConfigInvoker.java:340)\n\tat org.testng.internal.ConfigInvoker.invokeConfigurations(ConfigInvoker.java:294)\n\tat org.testng.internal.TestInvoker.runConfigMethods(TestInvoker.java:683)\n\tat org.testng.internal.TestInvoker.invokeMethod(TestInvoker.java:510)\n\tat org.testng.internal.TestInvoker.invokeTestMethod(TestInvoker.java:172)\n\tat org.testng.internal.MethodRunner.runInSequence(MethodRunner.java:46)\n\tat org.testng.internal.TestInvoker$MethodInvocationAgent.invoke(TestInvoker.java:804)\n\tat org.testng.internal.TestInvoker.invokeTestMethods(TestInvoker.java:145)\n\tat org.testng.internal.TestMethodWorker.invokeTestMethods(TestMethodWorker.java:146)\n\tat org.testng.internal.TestMethodWorker.run(TestMethodWorker.java:128)\n\tat java.util.ArrayList.forEach(ArrayList.java:1259)\n\tat org.testng.TestRunner.privateRun(TestRunner.java:770)\n\tat org.testng.TestRunner.run(TestRunner.java:591)\n\tat org.testng.SuiteRunner.runTest(SuiteRunner.java:402)\n\tat org.testng.SuiteRunner.runSequentially(SuiteRunner.java:396)\n\tat org.testng.SuiteRunner.privateRun(SuiteRunner.java:355)\n\tat org.testng.SuiteRunner.run(SuiteRunner.java:304)\n\tat org.testng.SuiteRunnerWorker.runSuite(SuiteRunnerWorker.java:53)\n\tat org.testng.SuiteRunnerWorker.run(SuiteRunnerWorker.java:96)\n\tat org.testng.TestNG.runSuitesSequentially(TestNG.java:1180)\n\tat org.testng.TestNG.runSuitesLocally(TestNG.java:1102)\n\tat org.testng.TestNG.runSuites(TestNG.java:1032)\n\tat org.testng.TestNG.run(TestNG.java:1000)\n\tat org.apache.maven.surefire.testng.TestNGExecutor.run(TestNGExecutor.java:283)\n\tat org.apache.maven.surefire.testng.TestNGXmlTestSuite.execute(TestNGXmlTestSuite.java:75)\n\tat org.apache.maven.surefire.testng.TestNGProvider.invoke(TestNGProvider.java:120)\n\tat org.apache.maven.surefire.booter.ForkedBooter.runSuitesInProcess(ForkedBooter.java:377)\n\tat org.apache.maven.surefire.booter.ForkedBooter.execute(ForkedBooter.java:138)\n\tat org.apache.maven.surefire.booter.ForkedBooter.run(ForkedBooter.java:465)\n\tat org.apache.maven.surefire.booter.ForkedBooter.main(ForkedBooter.java:451)\n","steps":[{"name":"Open browser","time":{"start":1671364553338,"stop":1671364559545,"duration":6207},"status":"broken","statusMessage":"session not created: This version of ChromeDriver only supports Chrome version 104\nCurrent browser version is 108.0.5359.98 with binary path /usr/bin/google-chrome\nBuild info: version: '3.141.59', revision: 'e82be7d358', time: '2018-11-14T08:17:03'\nSystem info: host: 'fv-az559-457', ip: '10.1.0.50', os.name: 'Linux', os.arch: 'amd64', os.version: '5.15.0-1024-azure', java.version: '1.8.0_352'\nDriver info: driver.version: ChromeDriver\nremote stacktrace: #0 0x55b78c5a4403 <unknown>\n#1 0x55b78c3aa778 <unknown>\n#2 0x55b78c3d2aef <unknown>\n#3 0x55b78c3ce297 <unknown>\n#4 0x55b78c3ca12b <unknown>\n#5 0x55b78c40583a <unknown>\n#6 0x55b78c3ff8f3 <unknown>\n#7 0x55b78c3d50d8 <unknown>\n#8 0x55b78c3d6205 <unknown>\n#9 0x55b78c5ebe3d <unknown>\n#10 0x55b78c5eedb6 <unknown>\n#11 0x55b78c5d513e <unknown>\n#12 0x55b78c5ef9b5 <unknown>\n#13 0x55b78c5c9970 <unknown>\n#14 0x55b78c60c228 <unknown>\n#15 0x55b78c60c3bf <unknown>\n#16 0x55b78c626abe <unknown>\n#17 0x7fccd3e4ab43 <unknown>\n","statusTrace":"org.openqa.selenium.SessionNotCreatedException: session not created: This version of ChromeDriver only supports Chrome version 104\nCurrent browser version is 108.0.5359.98 with binary path /usr/bin/google-chrome\nBuild info: version: '3.141.59', revision: 'e82be7d358', time: '2018-11-14T08:17:03'\nSystem info: host: 'fv-az559-457', ip: '10.1.0.50', os.name: 'Linux', os.arch: 'amd64', os.version: '5.15.0-1024-azure', java.version: '1.8.0_352'\nDriver info: driver.version: ChromeDriver\nremote stacktrace: #0 0x55b78c5a4403 <unknown>\n#1 0x55b78c3aa778 <unknown>\n#2 0x55b78c3d2aef <unknown>\n#3 0x55b78c3ce297 <unknown>\n#4 0x55b78c3ca12b <unknown>\n#5 0x55b78c40583a <unknown>\n#6 0x55b78c3ff8f3 <unknown>\n#7 0x55b78c3d50d8 <unknown>\n#8 0x55b78c3d6205 <unknown>\n#9 0x55b78c5ebe3d <unknown>\n#10 0x55b78c5eedb6 <unknown>\n#11 0x55b78c5d513e <unknown>\n#12 0x55b78c5ef9b5 <unknown>\n#13 0x55b78c5c9970 <unknown>\n#14 0x55b78c60c228 <unknown>\n#15 0x55b78c60c3bf <unknown>\n#16 0x55b78c626abe <unknown>\n#17 0x7fccd3e4ab43 <unknown>\n\n\tat sun.reflect.NativeConstructorAccessorImpl.newInstance0(Native Method)\n\tat sun.reflect.NativeConstructorAccessorImpl.newInstance(NativeConstructorAccessorImpl.java:62)\n\tat sun.reflect.DelegatingConstructorAccessorImpl.newInstance(DelegatingConstructorAccessorImpl.java:45)\n\tat java.lang.reflect.Constructor.newInstance(Constructor.java:423)\n\tat org.openqa.selenium.remote.W3CHandshakeResponse.lambda$errorHandler$0(W3CHandshakeResponse.java:62)\n\tat org.openqa.selenium.remote.HandshakeResponse.lambda$getResponseFunction$0(HandshakeResponse.java:30)\n\tat org.openqa.selenium.remote.ProtocolHandshake.lambda$createSession$0(ProtocolHandshake.java:126)\n\tat java.util.stream.ReferencePipeline$3$1.accept(ReferencePipeline.java:193)\n\tat java.util.Spliterators$ArraySpliterator.tryAdvance(Spliterators.java:958)\n\tat java.util.stream.ReferencePipeline.forEachWithCancel(ReferencePipeline.java:126)\n\tat java.util.stream.AbstractPipeline.copyIntoWithCancel(AbstractPipeline.java:499)\n\tat java.util.stream.AbstractPipeline.copyInto(AbstractPipeline.java:486)\n\tat java.util.stream.AbstractPipeline.wrapAndCopyInto(AbstractPipeline.java:472)\n\tat java.util.stream.FindOps$FindOp.evaluateSequential(FindOps.java:152)\n\tat java.util.stream.AbstractPipeline.evaluate(AbstractPipeline.java:234)\n\tat java.util.stream.ReferencePipeline.findFirst(ReferencePipeline.java:531)\n\tat org.openqa.selenium.remote.ProtocolHandshake.createSession(ProtocolHandshake.java:128)\n\tat org.openqa.selenium.remote.ProtocolHandshake.createSession(ProtocolHandshake.java:74)\n\tat org.openqa.selenium.remote.HttpCommandExecutor.execute(HttpCommandExecutor.java:136)\n\tat org.openqa.selenium.remote.service.DriverCommandExecutor.execute(DriverCommandExecutor.java:83)\n\tat org.openqa.selenium.remote.RemoteWebDriver.execute(RemoteWebDriver.java:552)\n\tat org.openqa.selenium.remote.RemoteWebDriver.startSession(RemoteWebDriver.java:213)\n\tat org.openqa.selenium.remote.RemoteWebDriver.<init>(RemoteWebDriver.java:131)\n\tat org.openqa.selenium.chrome.ChromeDriver.<init>(ChromeDriver.java:181)\n\tat org.openqa.selenium.chrome.ChromeDriver.<init>(ChromeDriver.java:168)\n\tat org.openqa.selenium.chrome.ChromeDriver.<init>(ChromeDriver.java:157)\n\tat tests.base.BaseTest.setUp(BaseTest.java:31)\n\tat sun.reflect.NativeMethodAccessorImpl.invoke0(Native Method)\n\tat sun.reflect.NativeMethodAccessorImpl.invoke(NativeMethodAccessorImpl.java:62)\n\tat sun.reflect.DelegatingMethodAccessorImpl.invoke(DelegatingMethodAccessorImpl.java:43)\n\tat java.lang.reflect.Method.invoke(Method.java:498)\n\tat org.testng.internal.MethodInvocationHelper.invokeMethod(MethodInvocationHelper.java:133)\n\tat org.testng.internal.MethodInvocationHelper.invokeMethodConsideringTimeout(MethodInvocationHelper.java:62)\n\tat org.testng.internal.ConfigInvoker.invokeConfigurationMethod(ConfigInvoker.java:340)\n\tat org.testng.internal.ConfigInvoker.invokeConfigurations(ConfigInvoker.java:294)\n\tat org.testng.internal.TestInvoker.runConfigMethods(TestInvoker.java:683)\n\tat org.testng.internal.TestInvoker.invokeMethod(TestInvoker.java:510)\n\tat org.testng.internal.TestInvoker.invokeTestMethod(TestInvoker.java:172)\n\tat org.testng.internal.MethodRunner.runInSequence(MethodRunner.java:46)\n\tat org.testng.internal.TestInvoker$MethodInvocationAgent.invoke(TestInvoker.java:804)\n\tat org.testng.internal.TestInvoker.invokeTestMethods(TestInvoker.java:145)\n\tat org.testng.internal.TestMethodWorker.invokeTestMethods(TestMethodWorker.java:146)\n\tat org.testng.internal.TestMethodWorker.run(TestMethodWorker.java:128)\n\tat java.util.ArrayList.forEach(ArrayList.java:1259)\n\tat org.testng.TestRunner.privateRun(TestRunner.java:770)\n\tat org.testng.TestRunner.run(TestRunner.java:591)\n\tat org.testng.SuiteRunner.runTest(SuiteRunner.java:402)\n\tat org.testng.SuiteRunner.runSequentially(SuiteRunner.java:396)\n\tat org.testng.SuiteRunner.privateRun(SuiteRunner.java:355)\n\tat org.testng.SuiteRunner.run(SuiteRunner.java:304)\n\tat org.testng.SuiteRunnerWorker.runSuite(SuiteRunnerWorker.java:53)\n\tat org.testng.SuiteRunnerWorker.run(SuiteRunnerWorker.java:96)\n\tat org.testng.TestNG.runSuitesSequentially(TestNG.java:1180)\n\tat org.testng.TestNG.runSuitesLocally(TestNG.java:1102)\n\tat org.testng.TestNG.runSuites(TestNG.java:1032)\n\tat org.testng.TestNG.run(TestNG.java:1000)\n\tat org.apache.maven.surefire.testng.TestNGExecutor.run(TestNGExecutor.java:283)\n\tat org.apache.maven.surefire.testng.TestNGXmlTestSuite.execute(TestNGXmlTestSuite.java:75)\n\tat org.apache.maven.surefire.testng.TestNGProvider.invoke(TestNGProvider.java:120)\n\tat org.apache.maven.surefire.booter.ForkedBooter.runSuitesInProcess(ForkedBooter.java:377)\n\tat org.apache.maven.surefire.booter.ForkedBooter.execute(ForkedBooter.java:138)\n\tat org.apache.maven.surefire.booter.ForkedBooter.run(ForkedBooter.java:465)\n\tat org.apache.maven.surefire.booter.ForkedBooter.main(ForkedBooter.java:451)\n","steps":[],"attachments":[],"parameters":[],"stepsCount":0,"attachmentsCount":0,"shouldDisplayMessage":true,"hasContent":true}],"attachments":[],"parameters":[],"stepsCount":1,"attachmentsCount":0,"shouldDisplayMessage":false,"hasContent":true}],"testStage":{"status":"skipped","statusMessage":"session not created: This version of ChromeDriver only supports Chrome version 104\nCurrent browser version is 108.0.5359.98 with binary path /usr/bin/google-chrome\nBuild info: version: '3.141.59', revision: 'e82be7d358', time: '2018-11-14T08:17:03'\nSystem info: host: 'fv-az559-457', ip: '10.1.0.50', os.name: 'Linux', os.arch: 'amd64', os.version: '5.15.0-1024-azure', java.version: '1.8.0_352'\nDriver info: driver.version: ChromeDriver\nremote stacktrace: #0 0x55b78c5a4403 <unknown>\n#1 0x55b78c3aa778 <unknown>\n#2 0x55b78c3d2aef <unknown>\n#3 0x55b78c3ce297 <unknown>\n#4 0x55b78c3ca12b <unknown>\n#5 0x55b78c40583a <unknown>\n#6 0x55b78c3ff8f3 <unknown>\n#7 0x55b78c3d50d8 <unknown>\n#8 0x55b78c3d6205 <unknown>\n#9 0x55b78c5ebe3d <unknown>\n#10 0x55b78c5eedb6 <unknown>\n#11 0x55b78c5d513e <unknown>\n#12 0x55b78c5ef9b5 <unknown>\n#13 0x55b78c5c9970 <unknown>\n#14 0x55b78c60c228 <unknown>\n#15 0x55b78c60c3bf <unknown>\n#16 0x55b78c626abe <unknown>\n#17 0x7fccd3e4ab43 <unknown>\n","statusTrace":"org.openqa.selenium.SessionNotCreatedException: session not created: This version of ChromeDriver only supports Chrome version 104\nCurrent browser version is 108.0.5359.98 with binary path /usr/bin/google-chrome\nBuild info: version: '3.141.59', revision: 'e82be7d358', time: '2018-11-14T08:17:03'\nSystem info: host: 'fv-az559-457', ip: '10.1.0.50', os.name: 'Linux', os.arch: 'amd64', os.version: '5.15.0-1024-azure', java.version: '1.8.0_352'\nDriver info: driver.version: ChromeDriver\nremote stacktrace: #0 0x55b78c5a4403 <unknown>\n#1 0x55b78c3aa778 <unknown>\n#2 0x55b78c3d2aef <unknown>\n#3 0x55b78c3ce297 <unknown>\n#4 0x55b78c3ca12b <unknown>\n#5 0x55b78c40583a <unknown>\n#6 0x55b78c3ff8f3 <unknown>\n#7 0x55b78c3d50d8 <unknown>\n#8 0x55b78c3d6205 <unknown>\n#9 0x55b78c5ebe3d <unknown>\n#10 0x55b78c5eedb6 <unknown>\n#11 0x55b78c5d513e <unknown>\n#12 0x55b78c5ef9b5 <unknown>\n#13 0x55b78c5c9970 <unknown>\n#14 0x55b78c60c228 <unknown>\n#15 0x55b78c60c3bf <unknown>\n#16 0x55b78c626abe <unknown>\n#17 0x7fccd3e4ab43 <unknown>\n\n\tat sun.reflect.NativeConstructorAccessorImpl.newInstance0(Native Method)\n\tat sun.reflect.NativeConstructorAccessorImpl.newInstance(NativeConstructorAccessorImpl.java:62)\n\tat sun.reflect.DelegatingConstructorAccessorImpl.newInstance(DelegatingConstructorAccessorImpl.java:45)\n\tat java.lang.reflect.Constructor.newInstance(Constructor.java:423)\n\tat org.openqa.selenium.remote.W3CHandshakeResponse.lambda$errorHandler$0(W3CHandshakeResponse.java:62)\n\tat org.openqa.selenium.remote.HandshakeResponse.lambda$getResponseFunction$0(HandshakeResponse.java:30)\n\tat org.openqa.selenium.remote.ProtocolHandshake.lambda$createSession$0(ProtocolHandshake.java:126)\n\tat java.util.stream.ReferencePipeline$3$1.accept(ReferencePipeline.java:193)\n\tat java.util.Spliterators$ArraySpliterator.tryAdvance(Spliterators.java:958)\n\tat java.util.stream.ReferencePipeline.forEachWithCancel(ReferencePipeline.java:126)\n\tat java.util.stream.AbstractPipeline.copyIntoWithCancel(AbstractPipeline.java:499)\n\tat java.util.stream.AbstractPipeline.copyInto(AbstractPipeline.java:486)\n\tat java.util.stream.AbstractPipeline.wrapAndCopyInto(AbstractPipeline.java:472)\n\tat java.util.stream.FindOps$FindOp.evaluateSequential(FindOps.java:152)\n\tat java.util.stream.AbstractPipeline.evaluate(AbstractPipeline.java:234)\n\tat java.util.stream.ReferencePipeline.findFirst(ReferencePipeline.java:531)\n\tat org.openqa.selenium.remote.ProtocolHandshake.createSession(ProtocolHandshake.java:128)\n\tat org.openqa.selenium.remote.ProtocolHandshake.createSession(ProtocolHandshake.java:74)\n\tat org.openqa.selenium.remote.HttpCommandExecutor.execute(HttpCommandExecutor.java:136)\n\tat org.openqa.selenium.remote.service.DriverCommandExecutor.execute(DriverCommandExecutor.java:83)\n\tat org.openqa.selenium.remote.RemoteWebDriver.execute(RemoteWebDriver.java:552)\n\tat org.openqa.selenium.remote.RemoteWebDriver.startSession(RemoteWebDriver.java:213)\n\tat org.openqa.selenium.remote.RemoteWebDriver.<init>(RemoteWebDriver.java:131)\n\tat org.openqa.selenium.chrome.ChromeDriver.<init>(ChromeDriver.java:181)\n\tat org.openqa.selenium.chrome.ChromeDriver.<init>(ChromeDriver.java:168)\n\tat org.openqa.selenium.chrome.ChromeDriver.<init>(ChromeDriver.java:157)\n\tat tests.base.BaseTest.setUp(BaseTest.java:31)\n\tat sun.reflect.NativeMethodAccessorImpl.invoke0(Native Method)\n\tat sun.reflect.NativeMethodAccessorImpl.invoke(NativeMethodAccessorImpl.java:62)\n\tat sun.reflect.DelegatingMethodAccessorImpl.invoke(DelegatingMethodAccessorImpl.java:43)\n\tat java.lang.reflect.Method.invoke(Method.java:498)\n\tat org.testng.internal.MethodInvocationHelper.invokeMethod(MethodInvocationHelper.java:133)\n\tat org.testng.internal.MethodInvocationHelper.invokeMethodConsideringTimeout(MethodInvocationHelper.java:62)\n\tat org.testng.internal.ConfigInvoker.invokeConfigurationMethod(ConfigInvoker.java:340)\n\tat org.testng.internal.ConfigInvoker.invokeConfigurations(ConfigInvoker.java:294)\n\tat org.testng.internal.TestInvoker.runConfigMethods(TestInvoker.java:683)\n\tat org.testng.internal.TestInvoker.invokeMethod(TestInvoker.java:510)\n\tat org.testng.internal.TestInvoker.invokeTestMethod(TestInvoker.java:172)\n\tat org.testng.internal.MethodRunner.runInSequence(MethodRunner.java:46)\n\tat org.testng.internal.TestInvoker$MethodInvocationAgent.invoke(TestInvoker.java:804)\n\tat org.testng.internal.TestInvoker.invokeTestMethods(TestInvoker.java:145)\n\tat org.testng.internal.TestMethodWorker.invokeTestMethods(TestMethodWorker.java:146)\n\tat org.testng.internal.TestMethodWorker.run(TestMethodWorker.java:128)\n\tat java.util.ArrayList.forEach(ArrayList.java:1259)\n\tat org.testng.TestRunner.privateRun(TestRunner.java:770)\n\tat org.testng.TestRunner.run(TestRunner.java:591)\n\tat org.testng.SuiteRunner.runTest(SuiteRunner.java:402)\n\tat org.testng.SuiteRunner.runSequentially(SuiteRunner.java:396)\n\tat org.testng.SuiteRunner.privateRun(SuiteRunner.java:355)\n\tat org.testng.SuiteRunner.run(SuiteRunner.java:304)\n\tat org.testng.SuiteRunnerWorker.runSuite(SuiteRunnerWorker.java:53)\n\tat org.testng.SuiteRunnerWorker.run(SuiteRunnerWorker.java:96)\n\tat org.testng.TestNG.runSuitesSequentially(TestNG.java:1180)\n\tat org.testng.TestNG.runSuitesLocally(TestNG.java:1102)\n\tat org.testng.TestNG.runSuites(TestNG.java:1032)\n\tat org.testng.TestNG.run(TestNG.java:1000)\n\tat org.apache.maven.surefire.testng.TestNGExecutor.run(TestNGExecutor.java:283)\n\tat org.apache.maven.surefire.testng.TestNGXmlTestSuite.execute(TestNGXmlTestSuite.java:75)\n\tat org.apache.maven.surefire.testng.TestNGProvider.invoke(TestNGProvider.java:120)\n\tat org.apache.maven.surefire.booter.ForkedBooter.runSuitesInProcess(ForkedBooter.java:377)\n\tat org.apache.maven.surefire.booter.ForkedBooter.execute(ForkedBooter.java:138)\n\tat org.apache.maven.surefire.booter.ForkedBooter.run(ForkedBooter.java:465)\n\tat org.apache.maven.surefire.booter.ForkedBooter.main(ForkedBooter.java:451)\n","steps":[],"attachments":[{"uid":"77a335c8ffbab89b","name":"Last screen state","source":"77a335c8ffbab89b.bin","type":"image/png","size":0},{"uid":"5b209b55fb14c1c6","name":"Last screen state","source":"5b209b55fb14c1c6.bin","type":"image/png","size":0}],"parameters":[],"stepsCount":0,"attachmentsCount":2,"shouldDisplayMessage":true,"hasContent":true},"afterStages":[{"name":"tearDown","time":{"start":1671364559738,"stop":1671364559740,"duration":2},"description":"","status":"passed","steps":[{"name":"Close browser","time":{"start":1671364559738,"stop":1671364559739,"duration":1},"status":"passed","steps":[],"attachments":[],"parameters":[],"stepsCount":0,"attachmentsCount":0,"shouldDisplayMessage":false,"hasContent":false}],"attachments":[],"parameters":[],"stepsCount":1,"attachmentsCount":0,"shouldDisplayMessage":false,"hasContent":true}],"labels":[{"name":"package","value":"tests.LoginPageTest"},{"name":"testClass","value":"tests.LoginPageTest"},{"name":"testMethod","value":"userShouldBeLoggedIn"},{"name":"parentSuite","value":"Monkkee Regression Test"},{"name":"suite","value":"Login"},{"name":"subSuite","value":"tests.LoginPageTest"},{"name":"host","value":"fv-az559-457"},{"name":"thread","value":"2513@fv-az559-457.main(1)"},{"name":"framework","value":"testng"},{"name":"language","value":"java"},{"name":"resultFormat","value":"allure2"}],"parameters":[],"links":[],"hidden":false,"retry":false,"extra":{"severity":"normal","retries":[],"categories":[],"history":{"statistic":{"failed":0,"broken":0,"skipped":2,"passed":22,"unknown":0,"total":24},"items":[{"uid":"e394bebff98263d0","reportUrl":"https://KazadaevIvan.github.io/Monkkee/43//#testresult/e394bebff98263d0","status":"passed","time":{"start":1661529488844,"stop":1661529491966,"duration":3122}},{"uid":"7b8ada1b52a20e9c","reportUrl":"https://KazadaevIvan.github.io/Monkkee/42//#testresult/7b8ada1b52a20e9c","status":"passed","time":{"start":1661526656369,"stop":1661526659172,"duration":2803}},{"uid":"c28baf43100d6877","reportUrl":"https://KazadaevIvan.github.io/Monkkee/41//#testresult/c28baf43100d6877","status":"passed","time":{"start":1661522064457,"stop":1661522069499,"duration":5042}},{"uid":"ec361072132406cd","reportUrl":"https://KazadaevIvan.github.io/Monkkee/40//#testresult/ec361072132406cd","status":"passed","time":{"start":1661521411256,"stop":1661521414066,"duration":2810}},{"uid":"a4275f6db3e7314b","reportUrl":"https://KazadaevIvan.github.io/Monkkee/39//#testresult/a4275f6db3e7314b","status":"passed","time":{"start":1661520877090,"stop":1661520880735,"duration":3645}},{"uid":"2ce47648b69c317e","reportUrl":"https://KazadaevIvan.github.io/Monkkee/38//#testresult/2ce47648b69c317e","status":"passed","time":{"start":1661519587366,"stop":1661519590916,"duration":3550}},{"uid":"d6689a4796923337","reportUrl":"https://KazadaevIvan.github.io/Monkkee/37//#testresult/d6689a4796923337","status":"passed","time":{"start":1661519224453,"stop":1661519227076,"duration":2623}},{"uid":"3f2defe845b46a1b","reportUrl":"https://KazadaevIvan.github.io/Monkkee/37//#testresult/3f2defe845b46a1b","status":"skipped","statusDetails":"element not interactable\n  (Session info: headless chrome=104.0.5112.101)\nBuild info: version: '3.141.59', revision: 'e82be7d358', time: '2018-11-14T08:17:03'\nSystem info: host: 'fv-az303-576', ip: '10.1.0.150', os.name: 'Linux', os.arch: 'amd64', os.version: '5.15.0-1017-azure', java.version: '1.8.0_345'\nDriver info: org.openqa.selenium.chrome.ChromeDriver\nCapabilities {acceptInsecureCerts: false, browserName: chrome, browserVersion: 104.0.5112.101, chrome: {chromedriverVersion: 104.0.5112.79 (3cf3e8c8a07d..., userDataDir: /tmp/.com.google.Chrome.Mt7jed}, goog:chromeOptions: {debuggerAddress: localhost:40917}, javascriptEnabled: true, networkConnectionEnabled: false, pageLoadStrategy: normal, platform: LINUX, platformName: LINUX, proxy: Proxy(), setWindowRect: true, strictFileInteractability: false, timeouts: {implicit: 0, pageLoad: 300000, script: 30000}, unhandledPromptBehavior: dismiss and notify, webauthn:extension:credBlob: true, webauthn:extension:largeBlob: true, webauthn:virtualAuthenticators: true}\nSession ID: 1cf71ef81af2df7e1b8f98d49b579027","time":{"start":1661517182891,"stop":1661517182894,"duration":3}},{"uid":"e664bfaaf7e02871","reportUrl":"https://KazadaevIvan.github.io/Monkkee/36//#testresult/e664bfaaf7e02871","status":"passed","time":{"start":1661514656867,"stop":1661514661478,"duration":4611}},{"uid":"3c64fb3ccca80b5c","reportUrl":"https://KazadaevIvan.github.io/Monkkee/35//#testresult/3c64fb3ccca80b5c","status":"passed","time":{"start":1661514220180,"stop":1661514224665,"duration":4485}},{"uid":"664f22ba0b366308","reportUrl":"https://KazadaevIvan.github.io/Monkkee/34//#testresult/664f22ba0b366308","status":"passed","time":{"start":1661513934812,"stop":1661513937389,"duration":2577}},{"uid":"2b2fa61a434ef294","reportUrl":"https://KazadaevIvan.github.io/Monkkee/33//#testresult/2b2fa61a434ef294","status":"passed","time":{"start":1661513340300,"stop":1661513343861,"duration":3561}},{"uid":"f3c01e8c286b5f23","reportUrl":"https://KazadaevIvan.github.io/Monkkee/32//#testresult/f3c01e8c286b5f23","status":"passed","time":{"start":1661512494840,"stop":1661512498945,"duration":4105}},{"uid":"309b9d9bf875ac39","reportUrl":"https://KazadaevIvan.github.io/Monkkee/31//#testresult/309b9d9bf875ac39","status":"passed","time":{"start":1661254062880,"stop":1661254067529,"duration":4649}},{"uid":"9ea5028456be40ed","reportUrl":"https://KazadaevIvan.github.io/Monkkee/31//#testresult/9ea5028456be40ed","status":"passed","time":{"start":1661253396930,"stop":1661253401177,"duration":4247}},{"uid":"f642aa9ed95a7280","reportUrl":"https://KazadaevIvan.github.io/Monkkee/30//#testresult/f642aa9ed95a7280","status":"passed","time":{"start":1661253089052,"stop":1661253093993,"duration":4941}},{"uid":"3a61d2961909e702","reportUrl":"https://KazadaevIvan.github.io/Monkkee/29//#testresult/3a61d2961909e702","status":"passed","time":{"start":1660921801428,"stop":1660921804074,"duration":2646}},{"uid":"9b640e7be652925d","reportUrl":"https://KazadaevIvan.github.io/Monkkee/28//#testresult/9b640e7be652925d","status":"passed","time":{"start":1660921388858,"stop":1660921391704,"duration":2846}},{"uid":"b3f2a27e9b599137","reportUrl":"https://KazadaevIvan.github.io/Monkkee/27//#testresult/b3f2a27e9b599137","status":"passed","time":{"start":1660913601155,"stop":1660913602877,"duration":1722}},{"uid":"393124d6555e959b","reportUrl":"https://KazadaevIvan.github.io/Monkkee/26//#testresult/393124d6555e959b","status":"passed","time":{"start":1660913267840,"stop":1660913270357,"duration":2517}}]},"tags":[]},"source":"a3102c2707b18e5e.json","parameterValues":[]}