{"uid":"3f2defe845b46a1b","name":"Validation that user could login with valid credentials","fullName":"tests.LoginPageTest.userShouldBeLoggedIn","historyId":"4214bdb3a0c8ab62f93af50898742e7b","time":{"start":1661517182891,"stop":1661517182894,"duration":3},"status":"skipped","statusMessage":"element not interactable\n  (Session info: headless chrome=104.0.5112.101)\nBuild info: version: '3.141.59', revision: 'e82be7d358', time: '2018-11-14T08:17:03'\nSystem info: host: 'fv-az303-576', ip: '10.1.0.150', os.name: 'Linux', os.arch: 'amd64', os.version: '5.15.0-1017-azure', java.version: '1.8.0_345'\nDriver info: org.openqa.selenium.chrome.ChromeDriver\nCapabilities {acceptInsecureCerts: false, browserName: chrome, browserVersion: 104.0.5112.101, chrome: {chromedriverVersion: 104.0.5112.79 (3cf3e8c8a07d..., userDataDir: /tmp/.com.google.Chrome.Mt7jed}, goog:chromeOptions: {debuggerAddress: localhost:40917}, javascriptEnabled: true, networkConnectionEnabled: false, pageLoadStrategy: normal, platform: LINUX, platformName: LINUX, proxy: Proxy(), setWindowRect: true, strictFileInteractability: false, timeouts: {implicit: 0, pageLoad: 300000, script: 30000}, unhandledPromptBehavior: dismiss and notify, webauthn:extension:credBlob: true, webauthn:extension:largeBlob: true, webauthn:virtualAuthenticators: true}\nSession ID: 1cf71ef81af2df7e1b8f98d49b579027","statusTrace":"org.openqa.selenium.ElementNotInteractableException: element not interactable\n  (Session info: headless chrome=104.0.5112.101)\nBuild info: version: '3.141.59', revision: 'e82be7d358', time: '2018-11-14T08:17:03'\nSystem info: host: 'fv-az303-576', ip: '10.1.0.150', os.name: 'Linux', os.arch: 'amd64', os.version: '5.15.0-1017-azure', java.version: '1.8.0_345'\nDriver info: org.openqa.selenium.chrome.ChromeDriver\nCapabilities {acceptInsecureCerts: false, browserName: chrome, browserVersion: 104.0.5112.101, chrome: {chromedriverVersion: 104.0.5112.79 (3cf3e8c8a07d..., userDataDir: /tmp/.com.google.Chrome.Mt7jed}, goog:chromeOptions: {debuggerAddress: localhost:40917}, javascriptEnabled: true, networkConnectionEnabled: false, pageLoadStrategy: normal, platform: LINUX, platformName: LINUX, proxy: Proxy(), setWindowRect: true, strictFileInteractability: false, timeouts: {implicit: 0, pageLoad: 300000, script: 30000}, unhandledPromptBehavior: dismiss and notify, webauthn:extension:credBlob: true, webauthn:extension:largeBlob: true, webauthn:virtualAuthenticators: true}\nSession ID: 1cf71ef81af2df7e1b8f98d49b579027\n\tat sun.reflect.NativeConstructorAccessorImpl.newInstance0(Native Method)\n\tat sun.reflect.NativeConstructorAccessorImpl.newInstance(NativeConstructorAccessorImpl.java:62)\n\tat sun.reflect.DelegatingConstructorAccessorImpl.newInstance(DelegatingConstructorAccessorImpl.java:45)\n\tat java.lang.reflect.Constructor.newInstance(Constructor.java:423)\n\tat org.openqa.selenium.remote.http.W3CHttpResponseCodec.createException(W3CHttpResponseCodec.java:187)\n\tat org.openqa.selenium.remote.http.W3CHttpResponseCodec.decode(W3CHttpResponseCodec.java:122)\n\tat org.openqa.selenium.remote.http.W3CHttpResponseCodec.decode(W3CHttpResponseCodec.java:49)\n\tat org.openqa.selenium.remote.HttpCommandExecutor.execute(HttpCommandExecutor.java:158)\n\tat org.openqa.selenium.remote.service.DriverCommandExecutor.execute(DriverCommandExecutor.java:83)\n\tat org.openqa.selenium.remote.RemoteWebDriver.execute(RemoteWebDriver.java:552)\n\tat org.openqa.selenium.remote.RemoteWebElement.execute(RemoteWebElement.java:285)\n\tat org.openqa.selenium.remote.RemoteWebElement.click(RemoteWebElement.java:84)\n\tat pages.HomePage.clickLogoutButton(HomePage.java:52)\n\tat steps.HomePageSteps.logout(HomePageSteps.java:36)\n\tat tests.LoginPageTest.logout(LoginPageTest.java:16)\n\tat sun.reflect.NativeMethodAccessorImpl.invoke0(Native Method)\n\tat sun.reflect.NativeMethodAccessorImpl.invoke(NativeMethodAccessorImpl.java:62)\n\tat sun.reflect.DelegatingMethodAccessorImpl.invoke(DelegatingMethodAccessorImpl.java:43)\n\tat java.lang.reflect.Method.invoke(Method.java:498)\n\tat org.testng.internal.MethodInvocationHelper.invokeMethod(MethodInvocationHelper.java:133)\n\tat org.testng.internal.MethodInvocationHelper.invokeMethodConsideringTimeout(MethodInvocationHelper.java:62)\n\tat org.testng.internal.ConfigInvoker.invokeConfigurationMethod(ConfigInvoker.java:340)\n\tat org.testng.internal.ConfigInvoker.invokeConfigurations(ConfigInvoker.java:294)\n\tat org.testng.internal.TestInvoker.runConfigMethods(TestInvoker.java:683)\n\tat org.testng.internal.TestInvoker.runAfterGroupsConfigurations(TestInvoker.java:658)\n\tat org.testng.internal.TestInvoker.invokeMethod(TestInvoker.java:642)\n\tat org.testng.internal.TestInvoker.invokeTestMethod(TestInvoker.java:172)\n\tat org.testng.internal.MethodRunner.runInSequence(MethodRunner.java:46)\n\tat org.testng.internal.TestInvoker$MethodInvocationAgent.invoke(TestInvoker.java:804)\n\tat org.testng.internal.TestInvoker.invokeTestMethods(TestInvoker.java:145)\n\tat org.testng.internal.TestMethodWorker.invokeTestMethods(TestMethodWorker.java:146)\n\tat org.testng.internal.TestMethodWorker.run(TestMethodWorker.java:128)\n\tat java.util.ArrayList.forEach(ArrayList.java:1259)\n\tat org.testng.TestRunner.privateRun(TestRunner.java:770)\n\tat org.testng.TestRunner.run(TestRunner.java:591)\n\tat org.testng.SuiteRunner.runTest(SuiteRunner.java:402)\n\tat org.testng.SuiteRunner.runSequentially(SuiteRunner.java:396)\n\tat org.testng.SuiteRunner.privateRun(SuiteRunner.java:355)\n\tat org.testng.SuiteRunner.run(SuiteRunner.java:304)\n\tat org.testng.SuiteRunnerWorker.runSuite(SuiteRunnerWorker.java:53)\n\tat org.testng.SuiteRunnerWorker.run(SuiteRunnerWorker.java:96)\n\tat org.testng.TestNG.runSuitesSequentially(TestNG.java:1180)\n\tat org.testng.TestNG.runSuitesLocally(TestNG.java:1102)\n\tat org.testng.TestNG.runSuites(TestNG.java:1032)\n\tat org.testng.TestNG.run(TestNG.java:1000)\n\tat org.apache.maven.surefire.testng.TestNGExecutor.run(TestNGExecutor.java:283)\n\tat org.apache.maven.surefire.testng.TestNGXmlTestSuite.execute(TestNGXmlTestSuite.java:75)\n\tat org.apache.maven.surefire.testng.TestNGProvider.invoke(TestNGProvider.java:120)\n\tat org.apache.maven.surefire.booter.ForkedBooter.runSuitesInProcess(ForkedBooter.java:377)\n\tat org.apache.maven.surefire.booter.ForkedBooter.execute(ForkedBooter.java:138)\n\tat org.apache.maven.surefire.booter.ForkedBooter.run(ForkedBooter.java:465)\n\tat org.apache.maven.surefire.booter.ForkedBooter.main(ForkedBooter.java:451)\n","flaky":false,"newFailed":false,"newBroken":false,"newPassed":false,"retriesCount":1,"retriesStatusChange":false,"beforeStages":[{"name":"setUp","time":{"start":1661517182888,"stop":1661517182888,"duration":0},"description":"","status":"broken","steps":[],"attachments":[],"parameters":[],"stepsCount":0,"attachmentsCount":0,"shouldDisplayMessage":false,"hasContent":false}],"testStage":{"status":"skipped","statusMessage":"element not interactable\n  (Session info: headless chrome=104.0.5112.101)\nBuild info: version: '3.141.59', revision: 'e82be7d358', time: '2018-11-14T08:17:03'\nSystem info: host: 'fv-az303-576', ip: '10.1.0.150', os.name: 'Linux', os.arch: 'amd64', os.version: '5.15.0-1017-azure', java.version: '1.8.0_345'\nDriver info: org.openqa.selenium.chrome.ChromeDriver\nCapabilities {acceptInsecureCerts: false, browserName: chrome, browserVersion: 104.0.5112.101, chrome: {chromedriverVersion: 104.0.5112.79 (3cf3e8c8a07d..., userDataDir: /tmp/.com.google.Chrome.Mt7jed}, goog:chromeOptions: {debuggerAddress: localhost:40917}, javascriptEnabled: true, networkConnectionEnabled: false, pageLoadStrategy: normal, platform: LINUX, platformName: LINUX, proxy: Proxy(), setWindowRect: true, strictFileInteractability: false, timeouts: {implicit: 0, pageLoad: 300000, script: 30000}, unhandledPromptBehavior: dismiss and notify, webauthn:extension:credBlob: true, webauthn:extension:largeBlob: true, webauthn:virtualAuthenticators: true}\nSession ID: 1cf71ef81af2df7e1b8f98d49b579027","statusTrace":"org.openqa.selenium.ElementNotInteractableException: element not interactable\n  (Session info: headless chrome=104.0.5112.101)\nBuild info: version: '3.141.59', revision: 'e82be7d358', time: '2018-11-14T08:17:03'\nSystem info: host: 'fv-az303-576', ip: '10.1.0.150', os.name: 'Linux', os.arch: 'amd64', os.version: '5.15.0-1017-azure', java.version: '1.8.0_345'\nDriver info: org.openqa.selenium.chrome.ChromeDriver\nCapabilities {acceptInsecureCerts: false, browserName: chrome, browserVersion: 104.0.5112.101, chrome: {chromedriverVersion: 104.0.5112.79 (3cf3e8c8a07d..., userDataDir: /tmp/.com.google.Chrome.Mt7jed}, goog:chromeOptions: {debuggerAddress: localhost:40917}, javascriptEnabled: true, networkConnectionEnabled: false, pageLoadStrategy: normal, platform: LINUX, platformName: LINUX, proxy: Proxy(), setWindowRect: true, strictFileInteractability: false, timeouts: {implicit: 0, pageLoad: 300000, script: 30000}, unhandledPromptBehavior: dismiss and notify, webauthn:extension:credBlob: true, webauthn:extension:largeBlob: true, webauthn:virtualAuthenticators: true}\nSession ID: 1cf71ef81af2df7e1b8f98d49b579027\n\tat sun.reflect.NativeConstructorAccessorImpl.newInstance0(Native Method)\n\tat sun.reflect.NativeConstructorAccessorImpl.newInstance(NativeConstructorAccessorImpl.java:62)\n\tat sun.reflect.DelegatingConstructorAccessorImpl.newInstance(DelegatingConstructorAccessorImpl.java:45)\n\tat java.lang.reflect.Constructor.newInstance(Constructor.java:423)\n\tat org.openqa.selenium.remote.http.W3CHttpResponseCodec.createException(W3CHttpResponseCodec.java:187)\n\tat org.openqa.selenium.remote.http.W3CHttpResponseCodec.decode(W3CHttpResponseCodec.java:122)\n\tat org.openqa.selenium.remote.http.W3CHttpResponseCodec.decode(W3CHttpResponseCodec.java:49)\n\tat org.openqa.selenium.remote.HttpCommandExecutor.execute(HttpCommandExecutor.java:158)\n\tat org.openqa.selenium.remote.service.DriverCommandExecutor.execute(DriverCommandExecutor.java:83)\n\tat org.openqa.selenium.remote.RemoteWebDriver.execute(RemoteWebDriver.java:552)\n\tat org.openqa.selenium.remote.RemoteWebElement.execute(RemoteWebElement.java:285)\n\tat org.openqa.selenium.remote.RemoteWebElement.click(RemoteWebElement.java:84)\n\tat pages.HomePage.clickLogoutButton(HomePage.java:52)\n\tat steps.HomePageSteps.logout(HomePageSteps.java:36)\n\tat tests.LoginPageTest.logout(LoginPageTest.java:16)\n\tat sun.reflect.NativeMethodAccessorImpl.invoke0(Native Method)\n\tat sun.reflect.NativeMethodAccessorImpl.invoke(NativeMethodAccessorImpl.java:62)\n\tat sun.reflect.DelegatingMethodAccessorImpl.invoke(DelegatingMethodAccessorImpl.java:43)\n\tat java.lang.reflect.Method.invoke(Method.java:498)\n\tat org.testng.internal.MethodInvocationHelper.invokeMethod(MethodInvocationHelper.java:133)\n\tat org.testng.internal.MethodInvocationHelper.invokeMethodConsideringTimeout(MethodInvocationHelper.java:62)\n\tat org.testng.internal.ConfigInvoker.invokeConfigurationMethod(ConfigInvoker.java:340)\n\tat org.testng.internal.ConfigInvoker.invokeConfigurations(ConfigInvoker.java:294)\n\tat org.testng.internal.TestInvoker.runConfigMethods(TestInvoker.java:683)\n\tat org.testng.internal.TestInvoker.runAfterGroupsConfigurations(TestInvoker.java:658)\n\tat org.testng.internal.TestInvoker.invokeMethod(TestInvoker.java:642)\n\tat org.testng.internal.TestInvoker.invokeTestMethod(TestInvoker.java:172)\n\tat org.testng.internal.MethodRunner.runInSequence(MethodRunner.java:46)\n\tat org.testng.internal.TestInvoker$MethodInvocationAgent.invoke(TestInvoker.java:804)\n\tat org.testng.internal.TestInvoker.invokeTestMethods(TestInvoker.java:145)\n\tat org.testng.internal.TestMethodWorker.invokeTestMethods(TestMethodWorker.java:146)\n\tat org.testng.internal.TestMethodWorker.run(TestMethodWorker.java:128)\n\tat java.util.ArrayList.forEach(ArrayList.java:1259)\n\tat org.testng.TestRunner.privateRun(TestRunner.java:770)\n\tat org.testng.TestRunner.run(TestRunner.java:591)\n\tat org.testng.SuiteRunner.runTest(SuiteRunner.java:402)\n\tat org.testng.SuiteRunner.runSequentially(SuiteRunner.java:396)\n\tat org.testng.SuiteRunner.privateRun(SuiteRunner.java:355)\n\tat org.testng.SuiteRunner.run(SuiteRunner.java:304)\n\tat org.testng.SuiteRunnerWorker.runSuite(SuiteRunnerWorker.java:53)\n\tat org.testng.SuiteRunnerWorker.run(SuiteRunnerWorker.java:96)\n\tat org.testng.TestNG.runSuitesSequentially(TestNG.java:1180)\n\tat org.testng.TestNG.runSuitesLocally(TestNG.java:1102)\n\tat org.testng.TestNG.runSuites(TestNG.java:1032)\n\tat org.testng.TestNG.run(TestNG.java:1000)\n\tat org.apache.maven.surefire.testng.TestNGExecutor.run(TestNGExecutor.java:283)\n\tat org.apache.maven.surefire.testng.TestNGXmlTestSuite.execute(TestNGXmlTestSuite.java:75)\n\tat org.apache.maven.surefire.testng.TestNGProvider.invoke(TestNGProvider.java:120)\n\tat org.apache.maven.surefire.booter.ForkedBooter.runSuitesInProcess(ForkedBooter.java:377)\n\tat org.apache.maven.surefire.booter.ForkedBooter.execute(ForkedBooter.java:138)\n\tat org.apache.maven.surefire.booter.ForkedBooter.run(ForkedBooter.java:465)\n\tat org.apache.maven.surefire.booter.ForkedBooter.main(ForkedBooter.java:451)\n","steps":[],"attachments":[{"uid":"5ddf02edc55ab8bc","name":"Last screen state","source":"5ddf02edc55ab8bc.bin","type":"image/png","size":0}],"parameters":[],"stepsCount":0,"attachmentsCount":1,"shouldDisplayMessage":true,"hasContent":true},"afterStages":[{"name":"Logout user","time":{"start":1661517182898,"stop":1661517182898,"duration":0},"description":"Logout user","status":"broken","steps":[],"attachments":[],"parameters":[],"stepsCount":0,"attachmentsCount":0,"shouldDisplayMessage":false,"hasContent":false},{"name":"tearDown","time":{"start":1661517182900,"stop":1661517182900,"duration":0},"description":"","status":"passed","steps":[{"name":"Close browser","time":{"start":1661517182900,"stop":1661517182900,"duration":0},"status":"passed","steps":[],"attachments":[],"parameters":[],"stepsCount":0,"attachmentsCount":0,"shouldDisplayMessage":false,"hasContent":false}],"attachments":[],"parameters":[],"stepsCount":1,"attachmentsCount":0,"shouldDisplayMessage":false,"hasContent":true}],"labels":[{"name":"package","value":"tests.LoginPageTest"},{"name":"testClass","value":"tests.LoginPageTest"},{"name":"testMethod","value":"userShouldBeLoggedIn"},{"name":"parentSuite","value":"Monkkee Regression Test"},{"name":"suite","value":"Login"},{"name":"subSuite","value":"tests.LoginPageTest"},{"name":"host","value":"fv-az303-576"},{"name":"thread","value":"2359@fv-az303-576.main(1)"},{"name":"framework","value":"testng"},{"name":"language","value":"java"},{"name":"resultFormat","value":"allure2"}],"parameters":[],"links":[],"hidden":false,"retry":false,"extra":{"severity":"normal","retries":[{"uid":"ef52ad462da2d921","status":"skipped","statusDetails":"Page has not been loaded. Search input not found by locator By.xpath: //input[@type='search']","time":{"start":1661517161106,"stop":1661517172717,"duration":11611}}],"categories":[],"history":{"statistic":{"failed":0,"broken":0,"skipped":1,"passed":15,"unknown":0,"total":16},"items":[{"uid":"e664bfaaf7e02871","reportUrl":"https://KazadaevIvan.github.io/Monkkee/36//#testresult/e664bfaaf7e02871","status":"passed","time":{"start":1661514656867,"stop":1661514661478,"duration":4611}},{"uid":"3c64fb3ccca80b5c","reportUrl":"https://KazadaevIvan.github.io/Monkkee/35//#testresult/3c64fb3ccca80b5c","status":"passed","time":{"start":1661514220180,"stop":1661514224665,"duration":4485}},{"uid":"664f22ba0b366308","reportUrl":"https://KazadaevIvan.github.io/Monkkee/34//#testresult/664f22ba0b366308","status":"passed","time":{"start":1661513934812,"stop":1661513937389,"duration":2577}},{"uid":"2b2fa61a434ef294","reportUrl":"https://KazadaevIvan.github.io/Monkkee/33//#testresult/2b2fa61a434ef294","status":"passed","time":{"start":1661513340300,"stop":1661513343861,"duration":3561}},{"uid":"f3c01e8c286b5f23","reportUrl":"https://KazadaevIvan.github.io/Monkkee/32//#testresult/f3c01e8c286b5f23","status":"passed","time":{"start":1661512494840,"stop":1661512498945,"duration":4105}},{"uid":"309b9d9bf875ac39","reportUrl":"https://KazadaevIvan.github.io/Monkkee/31//#testresult/309b9d9bf875ac39","status":"passed","time":{"start":1661254062880,"stop":1661254067529,"duration":4649}},{"uid":"9ea5028456be40ed","reportUrl":"https://KazadaevIvan.github.io/Monkkee/31//#testresult/9ea5028456be40ed","status":"passed","time":{"start":1661253396930,"stop":1661253401177,"duration":4247}},{"uid":"f642aa9ed95a7280","reportUrl":"https://KazadaevIvan.github.io/Monkkee/30//#testresult/f642aa9ed95a7280","status":"passed","time":{"start":1661253089052,"stop":1661253093993,"duration":4941}},{"uid":"3a61d2961909e702","reportUrl":"https://KazadaevIvan.github.io/Monkkee/29//#testresult/3a61d2961909e702","status":"passed","time":{"start":1660921801428,"stop":1660921804074,"duration":2646}},{"uid":"9b640e7be652925d","reportUrl":"https://KazadaevIvan.github.io/Monkkee/28//#testresult/9b640e7be652925d","status":"passed","time":{"start":1660921388858,"stop":1660921391704,"duration":2846}},{"uid":"b3f2a27e9b599137","reportUrl":"https://KazadaevIvan.github.io/Monkkee/27//#testresult/b3f2a27e9b599137","status":"passed","time":{"start":1660913601155,"stop":1660913602877,"duration":1722}},{"uid":"393124d6555e959b","reportUrl":"https://KazadaevIvan.github.io/Monkkee/26//#testresult/393124d6555e959b","status":"passed","time":{"start":1660913267840,"stop":1660913270357,"duration":2517}},{"uid":"4a0c885bce1293c0","reportUrl":"https://KazadaevIvan.github.io/Monkkee/26//#testresult/4a0c885bce1293c0","status":"passed","time":{"start":1660913098660,"stop":1660913101017,"duration":2357}},{"uid":"5138ac982dfad5e8","reportUrl":"https://KazadaevIvan.github.io/Monkkee/25//#testresult/5138ac982dfad5e8","status":"passed","time":{"start":1660906047629,"stop":1660906049359,"duration":1730}},{"uid":"7069b518005abf4b","reportUrl":"https://KazadaevIvan.github.io/Monkkee/24//#testresult/7069b518005abf4b","status":"passed","time":{"start":1660904475937,"stop":1660904478263,"duration":2326}}]},"tags":[]},"source":"3f2defe845b46a1b.json","parameterValues":[]}