{"uid":"9f4aa444e7034945","name":"Validation that new entry can be created","fullName":"tests.HomePageTest.newEntryShouldBeCreated","historyId":"9a0a0d6a1ad0be89e110fb5d0bb7bd7c","time":{"start":1661517203664,"stop":1661517209525,"duration":5861},"status":"failed","statusMessage":"Saved icon hasn't been found by locator By.xpath: //span[contains(@class, 'cke_savetoggle_text') and text()='saved']","statusTrace":"java.lang.AssertionError: Saved icon hasn't been found by locator By.xpath: //span[contains(@class, 'cke_savetoggle_text') and text()='saved']\n\tat org.testng.Assert.fail(Assert.java:97)\n\tat pages.EntryPage.waitForEntryToBeSaved(EntryPage.java:48)\n\tat steps.EntryPageSteps.inputEntryText(EntryPageSteps.java:20)\n\tat tests.HomePageTest.newEntryShouldBeCreated(HomePageTest.java:23)\n\tat sun.reflect.NativeMethodAccessorImpl.invoke0(Native Method)\n\tat sun.reflect.NativeMethodAccessorImpl.invoke(NativeMethodAccessorImpl.java:62)\n\tat sun.reflect.DelegatingMethodAccessorImpl.invoke(DelegatingMethodAccessorImpl.java:43)\n\tat java.lang.reflect.Method.invoke(Method.java:498)\n\tat org.testng.internal.MethodInvocationHelper.invokeMethod(MethodInvocationHelper.java:133)\n\tat org.testng.internal.TestInvoker.invokeMethod(TestInvoker.java:584)\n\tat org.testng.internal.TestInvoker.retryFailed(TestInvoker.java:204)\n\tat org.testng.internal.MethodRunner.runInSequence(MethodRunner.java:58)\n\tat org.testng.internal.TestInvoker$MethodInvocationAgent.invoke(TestInvoker.java:804)\n\tat org.testng.internal.TestInvoker.invokeTestMethods(TestInvoker.java:145)\n\tat org.testng.internal.TestMethodWorker.invokeTestMethods(TestMethodWorker.java:146)\n\tat org.testng.internal.TestMethodWorker.run(TestMethodWorker.java:128)\n\tat java.util.ArrayList.forEach(ArrayList.java:1259)\n\tat org.testng.TestRunner.privateRun(TestRunner.java:770)\n\tat org.testng.TestRunner.run(TestRunner.java:591)\n\tat org.testng.SuiteRunner.runTest(SuiteRunner.java:402)\n\tat org.testng.SuiteRunner.runSequentially(SuiteRunner.java:396)\n\tat org.testng.SuiteRunner.privateRun(SuiteRunner.java:355)\n\tat org.testng.SuiteRunner.run(SuiteRunner.java:304)\n\tat org.testng.SuiteRunnerWorker.runSuite(SuiteRunnerWorker.java:53)\n\tat org.testng.SuiteRunnerWorker.run(SuiteRunnerWorker.java:96)\n\tat org.testng.TestNG.runSuitesSequentially(TestNG.java:1180)\n\tat org.testng.TestNG.runSuitesLocally(TestNG.java:1102)\n\tat org.testng.TestNG.runSuites(TestNG.java:1032)\n\tat org.testng.TestNG.run(TestNG.java:1000)\n\tat org.apache.maven.surefire.testng.TestNGExecutor.run(TestNGExecutor.java:283)\n\tat org.apache.maven.surefire.testng.TestNGXmlTestSuite.execute(TestNGXmlTestSuite.java:75)\n\tat org.apache.maven.surefire.testng.TestNGProvider.invoke(TestNGProvider.java:120)\n\tat org.apache.maven.surefire.booter.ForkedBooter.runSuitesInProcess(ForkedBooter.java:377)\n\tat org.apache.maven.surefire.booter.ForkedBooter.execute(ForkedBooter.java:138)\n\tat org.apache.maven.surefire.booter.ForkedBooter.run(ForkedBooter.java:465)\n\tat org.apache.maven.surefire.booter.ForkedBooter.main(ForkedBooter.java:451)\n","flaky":false,"newFailed":false,"newBroken":false,"newPassed":false,"retriesCount":2,"retriesStatusChange":true,"beforeStages":[{"name":"setUp","time":{"start":1661517200847,"stop":1661517201100,"duration":253},"description":"","status":"passed","steps":[{"name":"Open browser","time":{"start":1661517200847,"stop":1661517201100,"duration":253},"status":"passed","steps":[],"attachments":[],"parameters":[],"stepsCount":0,"attachmentsCount":0,"shouldDisplayMessage":false,"hasContent":false}],"attachments":[],"parameters":[],"stepsCount":1,"attachmentsCount":0,"shouldDisplayMessage":false,"hasContent":true},{"name":"Login user","time":{"start":1661517201101,"stop":1661517203661,"duration":2560},"description":"Login user","status":"passed","steps":[{"name":"Login with username 'ivan.popal.v.kapkan@yandex.ru' and password '1488228228'","time":{"start":1661517201101,"stop":1661517203661,"duration":2560},"status":"passed","steps":[{"name":"Open Login page","time":{"start":1661517201101,"stop":1661517202168,"duration":1067},"status":"passed","steps":[],"attachments":[],"parameters":[],"stepsCount":0,"attachmentsCount":0,"shouldDisplayMessage":false,"hasContent":false},{"name":"Verify Login page is opened","time":{"start":1661517202168,"stop":1661517202250,"duration":82},"status":"passed","steps":[],"attachments":[],"parameters":[],"stepsCount":0,"attachmentsCount":0,"shouldDisplayMessage":false,"hasContent":false},{"name":"Login with username 'ivan.popal.v.kapkan@yandex.ru' and password '1488228228'","time":{"start":1661517202250,"stop":1661517202423,"duration":173},"status":"passed","steps":[],"attachments":[],"parameters":[{"name":"username","value":"ivan.popal.v.kapkan@yandex.ru"},{"name":"password","value":"1488228228"}],"stepsCount":0,"attachmentsCount":0,"shouldDisplayMessage":false,"hasContent":true},{"name":"Verify Home page is opened","time":{"start":1661517202423,"stop":1661517203530,"duration":1107},"status":"passed","steps":[],"attachments":[],"parameters":[],"stepsCount":0,"attachmentsCount":0,"shouldDisplayMessage":false,"hasContent":false}],"attachments":[{"uid":"9b0a38e127d86151","name":"screenshot","source":"9b0a38e127d86151.png","type":"image/png","size":162706}],"parameters":[{"name":"username","value":"ivan.popal.v.kapkan@yandex.ru"},{"name":"password","value":"1488228228"}],"stepsCount":4,"attachmentsCount":1,"shouldDisplayMessage":false,"hasContent":true}],"attachments":[],"parameters":[],"stepsCount":5,"attachmentsCount":1,"shouldDisplayMessage":false,"hasContent":true}],"testStage":{"status":"failed","statusMessage":"Saved icon hasn't been found by locator By.xpath: //span[contains(@class, 'cke_savetoggle_text') and text()='saved']","statusTrace":"java.lang.AssertionError: Saved icon hasn't been found by locator By.xpath: //span[contains(@class, 'cke_savetoggle_text') and text()='saved']\n\tat org.testng.Assert.fail(Assert.java:97)\n\tat pages.EntryPage.waitForEntryToBeSaved(EntryPage.java:48)\n\tat steps.EntryPageSteps.inputEntryText(EntryPageSteps.java:20)\n\tat tests.HomePageTest.newEntryShouldBeCreated(HomePageTest.java:23)\n\tat sun.reflect.NativeMethodAccessorImpl.invoke0(Native Method)\n\tat sun.reflect.NativeMethodAccessorImpl.invoke(NativeMethodAccessorImpl.java:62)\n\tat sun.reflect.DelegatingMethodAccessorImpl.invoke(DelegatingMethodAccessorImpl.java:43)\n\tat java.lang.reflect.Method.invoke(Method.java:498)\n\tat org.testng.internal.MethodInvocationHelper.invokeMethod(MethodInvocationHelper.java:133)\n\tat org.testng.internal.TestInvoker.invokeMethod(TestInvoker.java:584)\n\tat org.testng.internal.TestInvoker.retryFailed(TestInvoker.java:204)\n\tat org.testng.internal.MethodRunner.runInSequence(MethodRunner.java:58)\n\tat org.testng.internal.TestInvoker$MethodInvocationAgent.invoke(TestInvoker.java:804)\n\tat org.testng.internal.TestInvoker.invokeTestMethods(TestInvoker.java:145)\n\tat org.testng.internal.TestMethodWorker.invokeTestMethods(TestMethodWorker.java:146)\n\tat org.testng.internal.TestMethodWorker.run(TestMethodWorker.java:128)\n\tat java.util.ArrayList.forEach(ArrayList.java:1259)\n\tat org.testng.TestRunner.privateRun(TestRunner.java:770)\n\tat org.testng.TestRunner.run(TestRunner.java:591)\n\tat org.testng.SuiteRunner.runTest(SuiteRunner.java:402)\n\tat org.testng.SuiteRunner.runSequentially(SuiteRunner.java:396)\n\tat org.testng.SuiteRunner.privateRun(SuiteRunner.java:355)\n\tat org.testng.SuiteRunner.run(SuiteRunner.java:304)\n\tat org.testng.SuiteRunnerWorker.runSuite(SuiteRunnerWorker.java:53)\n\tat org.testng.SuiteRunnerWorker.run(SuiteRunnerWorker.java:96)\n\tat org.testng.TestNG.runSuitesSequentially(TestNG.java:1180)\n\tat org.testng.TestNG.runSuitesLocally(TestNG.java:1102)\n\tat org.testng.TestNG.runSuites(TestNG.java:1032)\n\tat org.testng.TestNG.run(TestNG.java:1000)\n\tat org.apache.maven.surefire.testng.TestNGExecutor.run(TestNGExecutor.java:283)\n\tat org.apache.maven.surefire.testng.TestNGXmlTestSuite.execute(TestNGXmlTestSuite.java:75)\n\tat org.apache.maven.surefire.testng.TestNGProvider.invoke(TestNGProvider.java:120)\n\tat org.apache.maven.surefire.booter.ForkedBooter.runSuitesInProcess(ForkedBooter.java:377)\n\tat org.apache.maven.surefire.booter.ForkedBooter.execute(ForkedBooter.java:138)\n\tat org.apache.maven.surefire.booter.ForkedBooter.run(ForkedBooter.java:465)\n\tat org.apache.maven.surefire.booter.ForkedBooter.main(ForkedBooter.java:451)\n","steps":[{"name":"Start to create new entry","time":{"start":1661517203664,"stop":1661517204186,"duration":522},"status":"passed","steps":[{"name":"Click Create An Entry button","time":{"start":1661517203664,"stop":1661517203719,"duration":55},"status":"passed","steps":[],"attachments":[],"parameters":[],"stepsCount":0,"attachmentsCount":0,"shouldDisplayMessage":false,"hasContent":false},{"name":"Verify Entry page is opened","time":{"start":1661517203719,"stop":1661517204054,"duration":335},"status":"passed","steps":[],"attachments":[],"parameters":[],"stepsCount":0,"attachmentsCount":0,"shouldDisplayMessage":false,"hasContent":false}],"attachments":[{"uid":"433d8a5a418781dc","name":"screenshot","source":"433d8a5a418781dc.png","type":"image/png","size":121665}],"parameters":[],"stepsCount":2,"attachmentsCount":1,"shouldDisplayMessage":false,"hasContent":true},{"name":"Input Entry text Hey! This is the first entry 1173542485","time":{"start":1661517204186,"stop":1661517209522,"duration":5336},"status":"failed","statusMessage":"Saved icon hasn't been found by locator By.xpath: //span[contains(@class, 'cke_savetoggle_text') and text()='saved']","statusTrace":"java.lang.AssertionError: Saved icon hasn't been found by locator By.xpath: //span[contains(@class, 'cke_savetoggle_text') and text()='saved']\n\tat org.testng.Assert.fail(Assert.java:97)\n\tat pages.EntryPage.waitForEntryToBeSaved(EntryPage.java:48)\n\tat steps.EntryPageSteps.inputEntryText(EntryPageSteps.java:20)\n\tat tests.HomePageTest.newEntryShouldBeCreated(HomePageTest.java:23)\n\tat sun.reflect.NativeMethodAccessorImpl.invoke0(Native Method)\n\tat sun.reflect.NativeMethodAccessorImpl.invoke(NativeMethodAccessorImpl.java:62)\n\tat sun.reflect.DelegatingMethodAccessorImpl.invoke(DelegatingMethodAccessorImpl.java:43)\n\tat java.lang.reflect.Method.invoke(Method.java:498)\n\tat org.testng.internal.MethodInvocationHelper.invokeMethod(MethodInvocationHelper.java:133)\n\tat org.testng.internal.TestInvoker.invokeMethod(TestInvoker.java:584)\n\tat org.testng.internal.TestInvoker.retryFailed(TestInvoker.java:204)\n\tat org.testng.internal.MethodRunner.runInSequence(MethodRunner.java:58)\n\tat org.testng.internal.TestInvoker$MethodInvocationAgent.invoke(TestInvoker.java:804)\n\tat org.testng.internal.TestInvoker.invokeTestMethods(TestInvoker.java:145)\n\tat org.testng.internal.TestMethodWorker.invokeTestMethods(TestMethodWorker.java:146)\n\tat org.testng.internal.TestMethodWorker.run(TestMethodWorker.java:128)\n\tat java.util.ArrayList.forEach(ArrayList.java:1259)\n\tat org.testng.TestRunner.privateRun(TestRunner.java:770)\n\tat org.testng.TestRunner.run(TestRunner.java:591)\n\tat org.testng.SuiteRunner.runTest(SuiteRunner.java:402)\n\tat org.testng.SuiteRunner.runSequentially(SuiteRunner.java:396)\n\tat org.testng.SuiteRunner.privateRun(SuiteRunner.java:355)\n\tat org.testng.SuiteRunner.run(SuiteRunner.java:304)\n\tat org.testng.SuiteRunnerWorker.runSuite(SuiteRunnerWorker.java:53)\n\tat org.testng.SuiteRunnerWorker.run(SuiteRunnerWorker.java:96)\n\tat org.testng.TestNG.runSuitesSequentially(TestNG.java:1180)\n\tat org.testng.TestNG.runSuitesLocally(TestNG.java:1102)\n\tat org.testng.TestNG.runSuites(TestNG.java:1032)\n\tat org.testng.TestNG.run(TestNG.java:1000)\n\tat org.apache.maven.surefire.testng.TestNGExecutor.run(TestNGExecutor.java:283)\n\tat org.apache.maven.surefire.testng.TestNGXmlTestSuite.execute(TestNGXmlTestSuite.java:75)\n\tat org.apache.maven.surefire.testng.TestNGProvider.invoke(TestNGProvider.java:120)\n\tat org.apache.maven.surefire.booter.ForkedBooter.runSuitesInProcess(ForkedBooter.java:377)\n\tat org.apache.maven.surefire.booter.ForkedBooter.execute(ForkedBooter.java:138)\n\tat org.apache.maven.surefire.booter.ForkedBooter.run(ForkedBooter.java:465)\n\tat org.apache.maven.surefire.booter.ForkedBooter.main(ForkedBooter.java:451)\n","steps":[{"name":"Input text Hey! This is the first entry 1173542485","time":{"start":1661517204186,"stop":1661517204264,"duration":78},"status":"passed","steps":[],"attachments":[],"parameters":[{"name":"text","value":"Hey! This is the first entry 1173542485"}],"stepsCount":0,"attachmentsCount":0,"shouldDisplayMessage":false,"hasContent":true},{"name":"Wait for entry to be saved","time":{"start":1661517204264,"stop":1661517209522,"duration":5258},"status":"failed","statusMessage":"Saved icon hasn't been found by locator By.xpath: //span[contains(@class, 'cke_savetoggle_text') and text()='saved']","statusTrace":"java.lang.AssertionError: Saved icon hasn't been found by locator By.xpath: //span[contains(@class, 'cke_savetoggle_text') and text()='saved']\n\tat org.testng.Assert.fail(Assert.java:97)\n\tat pages.EntryPage.waitForEntryToBeSaved(EntryPage.java:48)\n\tat steps.EntryPageSteps.inputEntryText(EntryPageSteps.java:20)\n\tat tests.HomePageTest.newEntryShouldBeCreated(HomePageTest.java:23)\n\tat sun.reflect.NativeMethodAccessorImpl.invoke0(Native Method)\n\tat sun.reflect.NativeMethodAccessorImpl.invoke(NativeMethodAccessorImpl.java:62)\n\tat sun.reflect.DelegatingMethodAccessorImpl.invoke(DelegatingMethodAccessorImpl.java:43)\n\tat java.lang.reflect.Method.invoke(Method.java:498)\n\tat org.testng.internal.MethodInvocationHelper.invokeMethod(MethodInvocationHelper.java:133)\n\tat org.testng.internal.TestInvoker.invokeMethod(TestInvoker.java:584)\n\tat org.testng.internal.TestInvoker.retryFailed(TestInvoker.java:204)\n\tat org.testng.internal.MethodRunner.runInSequence(MethodRunner.java:58)\n\tat org.testng.internal.TestInvoker$MethodInvocationAgent.invoke(TestInvoker.java:804)\n\tat org.testng.internal.TestInvoker.invokeTestMethods(TestInvoker.java:145)\n\tat org.testng.internal.TestMethodWorker.invokeTestMethods(TestMethodWorker.java:146)\n\tat org.testng.internal.TestMethodWorker.run(TestMethodWorker.java:128)\n\tat java.util.ArrayList.forEach(ArrayList.java:1259)\n\tat org.testng.TestRunner.privateRun(TestRunner.java:770)\n\tat org.testng.TestRunner.run(TestRunner.java:591)\n\tat org.testng.SuiteRunner.runTest(SuiteRunner.java:402)\n\tat org.testng.SuiteRunner.runSequentially(SuiteRunner.java:396)\n\tat org.testng.SuiteRunner.privateRun(SuiteRunner.java:355)\n\tat org.testng.SuiteRunner.run(SuiteRunner.java:304)\n\tat org.testng.SuiteRunnerWorker.runSuite(SuiteRunnerWorker.java:53)\n\tat org.testng.SuiteRunnerWorker.run(SuiteRunnerWorker.java:96)\n\tat org.testng.TestNG.runSuitesSequentially(TestNG.java:1180)\n\tat org.testng.TestNG.runSuitesLocally(TestNG.java:1102)\n\tat org.testng.TestNG.runSuites(TestNG.java:1032)\n\tat org.testng.TestNG.run(TestNG.java:1000)\n\tat org.apache.maven.surefire.testng.TestNGExecutor.run(TestNGExecutor.java:283)\n\tat org.apache.maven.surefire.testng.TestNGXmlTestSuite.execute(TestNGXmlTestSuite.java:75)\n\tat org.apache.maven.surefire.testng.TestNGProvider.invoke(TestNGProvider.java:120)\n\tat org.apache.maven.surefire.booter.ForkedBooter.runSuitesInProcess(ForkedBooter.java:377)\n\tat org.apache.maven.surefire.booter.ForkedBooter.execute(ForkedBooter.java:138)\n\tat org.apache.maven.surefire.booter.ForkedBooter.run(ForkedBooter.java:465)\n\tat org.apache.maven.surefire.booter.ForkedBooter.main(ForkedBooter.java:451)\n","steps":[],"attachments":[],"parameters":[],"stepsCount":0,"attachmentsCount":0,"shouldDisplayMessage":true,"hasContent":true}],"attachments":[],"parameters":[{"name":"text","value":"Hey! This is the first entry 1173542485"}],"stepsCount":2,"attachmentsCount":0,"shouldDisplayMessage":false,"hasContent":true}],"attachments":[{"uid":"d2e56f6a838c45c5","name":"Last screen state","source":"d2e56f6a838c45c5.bin","type":"image/png","size":0}],"parameters":[],"stepsCount":6,"attachmentsCount":2,"shouldDisplayMessage":false,"hasContent":true},"afterStages":[{"name":"Logout user","time":{"start":1661517209533,"stop":1661517209729,"duration":196},"description":"Logout user","status":"passed","steps":[{"name":"Logout user","time":{"start":1661517209534,"stop":1661517209729,"duration":195},"status":"passed","steps":[{"name":"Click Logout button","time":{"start":1661517209534,"stop":1661517209579,"duration":45},"status":"passed","steps":[],"attachments":[],"parameters":[],"stepsCount":0,"attachmentsCount":0,"shouldDisplayMessage":false,"hasContent":false},{"name":"Verify Login page is opened","time":{"start":1661517209579,"stop":1661517209603,"duration":24},"status":"passed","steps":[],"attachments":[],"parameters":[],"stepsCount":0,"attachmentsCount":0,"shouldDisplayMessage":false,"hasContent":false}],"attachments":[{"uid":"1a026a69b4181208","name":"screenshot","source":"1a026a69b4181208.png","type":"image/png","size":137888}],"parameters":[],"stepsCount":2,"attachmentsCount":1,"shouldDisplayMessage":false,"hasContent":true}],"attachments":[],"parameters":[],"stepsCount":3,"attachmentsCount":1,"shouldDisplayMessage":false,"hasContent":true},{"name":"tearDown","time":{"start":1661517209730,"stop":1661517209797,"duration":67},"description":"","status":"passed","steps":[{"name":"Close browser","time":{"start":1661517209730,"stop":1661517209796,"duration":66},"status":"passed","steps":[],"attachments":[],"parameters":[],"stepsCount":0,"attachmentsCount":0,"shouldDisplayMessage":false,"hasContent":false}],"attachments":[],"parameters":[],"stepsCount":1,"attachmentsCount":0,"shouldDisplayMessage":false,"hasContent":true}],"labels":[{"name":"package","value":"tests.HomePageTest"},{"name":"testClass","value":"tests.HomePageTest"},{"name":"testMethod","value":"newEntryShouldBeCreated"},{"name":"parentSuite","value":"Monkkee Regression Test"},{"name":"suite","value":"Create entry"},{"name":"subSuite","value":"tests.HomePageTest"},{"name":"host","value":"fv-az303-576"},{"name":"thread","value":"2359@fv-az303-576.main(1)"},{"name":"framework","value":"testng"},{"name":"language","value":"java"},{"name":"resultFormat","value":"allure2"}],"parameters":[],"links":[],"hidden":false,"retry":false,"extra":{"severity":"normal","retries":[{"uid":"75056a6043b0355d","status":"skipped","statusDetails":"Saved icon hasn't been found by locator By.xpath: //span[contains(@class, 'cke_savetoggle_text') and text()='saved']","time":{"start":1661517194775,"stop":1661517200562,"duration":5787}},{"uid":"d0a70f0fd80e5c1a","status":"skipped","statusDetails":"Saved icon hasn't been found by locator By.xpath: //span[contains(@class, 'cke_savetoggle_text') and text()='saved']","time":{"start":1661517185827,"stop":1661517191676,"duration":5849}}],"categories":[{"name":"Product defects","matchedStatuses":[],"flaky":false}],"history":{"statistic":{"failed":5,"broken":0,"skipped":3,"passed":0,"unknown":0,"total":8},"items":[{"uid":"a6c91ca8f2b6154d","reportUrl":"https://KazadaevIvan.github.io/Monkkee/36//#testresult/a6c91ca8f2b6154d","status":"skipped","statusDetails":"Page has not been loaded. Search input not found by locator By.xpath: //input[@type='search']","time":{"start":1661514679997,"stop":1661514679998,"duration":1}},{"uid":"bbbe864bdcee323a","reportUrl":"https://KazadaevIvan.github.io/Monkkee/35//#testresult/bbbe864bdcee323a","status":"skipped","statusDetails":"Page has not been loaded. Search input not found by locator By.xpath: //input[@type='search']","time":{"start":1661514243061,"stop":1661514243063,"duration":2}},{"uid":"9ac66e71e78933f8","reportUrl":"https://KazadaevIvan.github.io/Monkkee/34//#testresult/9ac66e71e78933f8","status":"skipped","statusDetails":"Page has not been loaded. Search input not found by locator By.xpath: //input[@type='search']","time":{"start":1661513934223,"stop":1661513934231,"duration":8}},{"uid":"c3a094d03ba6317b","reportUrl":"https://KazadaevIvan.github.io/Monkkee/33//#testresult/c3a094d03ba6317b","status":"failed","statusDetails":"Saved icon hasn't been found by locator By.xpath: //span[contains(@class, 'cke_savetoggle_text') and text()='saved']","time":{"start":1661513362604,"stop":1661513368109,"duration":5505}},{"uid":"d019d6040021bfde","reportUrl":"https://KazadaevIvan.github.io/Monkkee/32//#testresult/d019d6040021bfde","status":"failed","statusDetails":"Saved icon hasn't been found by locator By.xpath: //span[contains(@class, 'cke_savetoggle_text') and text()='saved']","time":{"start":1661512516564,"stop":1661512522391,"duration":5827}},{"uid":"d0f94206b55bb8c3","reportUrl":"https://KazadaevIvan.github.io/Monkkee/31//#testresult/d0f94206b55bb8c3","status":"failed","statusDetails":"Saved icon hasn't been found by locator By.xpath: //span[contains(@class, 'cke_savetoggle_text') and text()='saved']","time":{"start":1661254091244,"stop":1661254101047,"duration":9803}},{"uid":"845b5497acc10cc0","reportUrl":"https://KazadaevIvan.github.io/Monkkee/31//#testresult/845b5497acc10cc0","status":"failed","statusDetails":"Page has not been loaded. Search input not found by locator By.xpath: //input[@type='search']","time":{"start":1661253419502,"stop":1661253430801,"duration":11299}}]},"tags":[]},"source":"9f4aa444e7034945.json","parameterValues":[]}