{"uid":"f7ca80b923ff6319","name":"Validation that user could login with valid credentials","fullName":"tests.LoginPageTest.userShouldBeLoggedIn","historyId":"4214bdb3a0c8ab62f93af50898742e7b","time":{"start":1660902979829,"stop":1660902979853,"duration":24},"status":"skipped","statusMessage":"The driver executable does not exist: /home/runner/work/Monkkee/Monkkee/src/test/resources/webdrivers/linux/chromedriver","statusTrace":"java.lang.IllegalStateException: The driver executable does not exist: /home/runner/work/Monkkee/Monkkee/src/test/resources/webdrivers/linux/chromedriver\n\tat com.google.common.base.Preconditions.checkState(Preconditions.java:585)\n\tat org.openqa.selenium.remote.service.DriverService.checkExecutable(DriverService.java:146)\n\tat org.openqa.selenium.remote.service.DriverService.findExecutable(DriverService.java:141)\n\tat org.openqa.selenium.chrome.ChromeDriverService.access$000(ChromeDriverService.java:35)\n\tat org.openqa.selenium.chrome.ChromeDriverService$Builder.findDefaultExecutable(ChromeDriverService.java:159)\n\tat org.openqa.selenium.remote.service.DriverService$Builder.build(DriverService.java:355)\n\tat org.openqa.selenium.chrome.ChromeDriverService.createDefaultService(ChromeDriverService.java:94)\n\tat org.openqa.selenium.chrome.ChromeDriver.<init>(ChromeDriver.java:157)\n\tat tests.base.BaseTest.setUp(BaseTest.java:25)\n\tat sun.reflect.NativeMethodAccessorImpl.invoke0(Native Method)\n\tat sun.reflect.NativeMethodAccessorImpl.invoke(NativeMethodAccessorImpl.java:62)\n\tat sun.reflect.DelegatingMethodAccessorImpl.invoke(DelegatingMethodAccessorImpl.java:43)\n\tat java.lang.reflect.Method.invoke(Method.java:498)\n\tat org.testng.internal.MethodInvocationHelper.invokeMethod(MethodInvocationHelper.java:133)\n\tat org.testng.internal.MethodInvocationHelper.invokeMethodConsideringTimeout(MethodInvocationHelper.java:62)\n\tat org.testng.internal.ConfigInvoker.invokeConfigurationMethod(ConfigInvoker.java:340)\n\tat org.testng.internal.ConfigInvoker.invokeConfigurations(ConfigInvoker.java:294)\n\tat org.testng.internal.TestInvoker.runConfigMethods(TestInvoker.java:683)\n\tat org.testng.internal.TestInvoker.invokeMethod(TestInvoker.java:510)\n\tat org.testng.internal.TestInvoker.invokeTestMethod(TestInvoker.java:172)\n\tat org.testng.internal.MethodRunner.runInSequence(MethodRunner.java:46)\n\tat org.testng.internal.TestInvoker$MethodInvocationAgent.invoke(TestInvoker.java:804)\n\tat org.testng.internal.TestInvoker.invokeTestMethods(TestInvoker.java:145)\n\tat org.testng.internal.TestMethodWorker.invokeTestMethods(TestMethodWorker.java:146)\n\tat org.testng.internal.TestMethodWorker.run(TestMethodWorker.java:128)\n\tat java.util.ArrayList.forEach(ArrayList.java:1259)\n\tat org.testng.TestRunner.privateRun(TestRunner.java:770)\n\tat org.testng.TestRunner.run(TestRunner.java:591)\n\tat org.testng.SuiteRunner.runTest(SuiteRunner.java:402)\n\tat org.testng.SuiteRunner.runSequentially(SuiteRunner.java:396)\n\tat org.testng.SuiteRunner.privateRun(SuiteRunner.java:355)\n\tat org.testng.SuiteRunner.run(SuiteRunner.java:304)\n\tat org.testng.SuiteRunnerWorker.runSuite(SuiteRunnerWorker.java:53)\n\tat org.testng.SuiteRunnerWorker.run(SuiteRunnerWorker.java:96)\n\tat org.testng.TestNG.runSuitesSequentially(TestNG.java:1180)\n\tat org.testng.TestNG.runSuitesLocally(TestNG.java:1102)\n\tat org.testng.TestNG.runSuites(TestNG.java:1032)\n\tat org.testng.TestNG.run(TestNG.java:1000)\n\tat org.apache.maven.surefire.testng.TestNGExecutor.run(TestNGExecutor.java:283)\n\tat org.apache.maven.surefire.testng.TestNGXmlTestSuite.execute(TestNGXmlTestSuite.java:75)\n\tat org.apache.maven.surefire.testng.TestNGProvider.invoke(TestNGProvider.java:120)\n\tat org.apache.maven.surefire.booter.ForkedBooter.runSuitesInProcess(ForkedBooter.java:377)\n\tat org.apache.maven.surefire.booter.ForkedBooter.execute(ForkedBooter.java:138)\n\tat org.apache.maven.surefire.booter.ForkedBooter.run(ForkedBooter.java:465)\n\tat org.apache.maven.surefire.booter.ForkedBooter.main(ForkedBooter.java:451)\n","flaky":false,"newFailed":false,"newBroken":false,"newPassed":false,"retriesCount":0,"retriesStatusChange":false,"beforeStages":[{"name":"setUp","time":{"start":1660902979345,"stop":1660902979472,"duration":127},"description":"","status":"broken","statusMessage":"The driver executable does not exist: /home/runner/work/Monkkee/Monkkee/src/test/resources/webdrivers/linux/chromedriver","statusTrace":"java.lang.IllegalStateException: The driver executable does not exist: /home/runner/work/Monkkee/Monkkee/src/test/resources/webdrivers/linux/chromedriver\n\tat com.google.common.base.Preconditions.checkState(Preconditions.java:585)\n\tat org.openqa.selenium.remote.service.DriverService.checkExecutable(DriverService.java:146)\n\tat org.openqa.selenium.remote.service.DriverService.findExecutable(DriverService.java:141)\n\tat org.openqa.selenium.chrome.ChromeDriverService.access$000(ChromeDriverService.java:35)\n\tat org.openqa.selenium.chrome.ChromeDriverService$Builder.findDefaultExecutable(ChromeDriverService.java:159)\n\tat org.openqa.selenium.remote.service.DriverService$Builder.build(DriverService.java:355)\n\tat org.openqa.selenium.chrome.ChromeDriverService.createDefaultService(ChromeDriverService.java:94)\n\tat org.openqa.selenium.chrome.ChromeDriver.<init>(ChromeDriver.java:157)\n\tat tests.base.BaseTest.setUp(BaseTest.java:25)\n\tat sun.reflect.NativeMethodAccessorImpl.invoke0(Native Method)\n\tat sun.reflect.NativeMethodAccessorImpl.invoke(NativeMethodAccessorImpl.java:62)\n\tat sun.reflect.DelegatingMethodAccessorImpl.invoke(DelegatingMethodAccessorImpl.java:43)\n\tat java.lang.reflect.Method.invoke(Method.java:498)\n\tat org.testng.internal.MethodInvocationHelper.invokeMethod(MethodInvocationHelper.java:133)\n\tat org.testng.internal.MethodInvocationHelper.invokeMethodConsideringTimeout(MethodInvocationHelper.java:62)\n\tat org.testng.internal.ConfigInvoker.invokeConfigurationMethod(ConfigInvoker.java:340)\n\tat org.testng.internal.ConfigInvoker.invokeConfigurations(ConfigInvoker.java:294)\n\tat org.testng.internal.TestInvoker.runConfigMethods(TestInvoker.java:683)\n\tat org.testng.internal.TestInvoker.invokeMethod(TestInvoker.java:510)\n\tat org.testng.internal.TestInvoker.invokeTestMethod(TestInvoker.java:172)\n\tat org.testng.internal.MethodRunner.runInSequence(MethodRunner.java:46)\n\tat org.testng.internal.TestInvoker$MethodInvocationAgent.invoke(TestInvoker.java:804)\n\tat org.testng.internal.TestInvoker.invokeTestMethods(TestInvoker.java:145)\n\tat org.testng.internal.TestMethodWorker.invokeTestMethods(TestMethodWorker.java:146)\n\tat org.testng.internal.TestMethodWorker.run(TestMethodWorker.java:128)\n\tat java.util.ArrayList.forEach(ArrayList.java:1259)\n\tat org.testng.TestRunner.privateRun(TestRunner.java:770)\n\tat org.testng.TestRunner.run(TestRunner.java:591)\n\tat org.testng.SuiteRunner.runTest(SuiteRunner.java:402)\n\tat org.testng.SuiteRunner.runSequentially(SuiteRunner.java:396)\n\tat org.testng.SuiteRunner.privateRun(SuiteRunner.java:355)\n\tat org.testng.SuiteRunner.run(SuiteRunner.java:304)\n\tat org.testng.SuiteRunnerWorker.runSuite(SuiteRunnerWorker.java:53)\n\tat org.testng.SuiteRunnerWorker.run(SuiteRunnerWorker.java:96)\n\tat org.testng.TestNG.runSuitesSequentially(TestNG.java:1180)\n\tat org.testng.TestNG.runSuitesLocally(TestNG.java:1102)\n\tat org.testng.TestNG.runSuites(TestNG.java:1032)\n\tat org.testng.TestNG.run(TestNG.java:1000)\n\tat org.apache.maven.surefire.testng.TestNGExecutor.run(TestNGExecutor.java:283)\n\tat org.apache.maven.surefire.testng.TestNGXmlTestSuite.execute(TestNGXmlTestSuite.java:75)\n\tat org.apache.maven.surefire.testng.TestNGProvider.invoke(TestNGProvider.java:120)\n\tat org.apache.maven.surefire.booter.ForkedBooter.runSuitesInProcess(ForkedBooter.java:377)\n\tat org.apache.maven.surefire.booter.ForkedBooter.execute(ForkedBooter.java:138)\n\tat org.apache.maven.surefire.booter.ForkedBooter.run(ForkedBooter.java:465)\n\tat org.apache.maven.surefire.booter.ForkedBooter.main(ForkedBooter.java:451)\n","steps":[{"name":"Open browser","time":{"start":1660902979366,"stop":1660902979470,"duration":104},"status":"broken","statusMessage":"The driver executable does not exist: /home/runner/work/Monkkee/Monkkee/src/test/resources/webdrivers/linux/chromedriver","statusTrace":"java.lang.IllegalStateException: The driver executable does not exist: /home/runner/work/Monkkee/Monkkee/src/test/resources/webdrivers/linux/chromedriver\n\tat com.google.common.base.Preconditions.checkState(Preconditions.java:585)\n\tat org.openqa.selenium.remote.service.DriverService.checkExecutable(DriverService.java:146)\n\tat org.openqa.selenium.remote.service.DriverService.findExecutable(DriverService.java:141)\n\tat org.openqa.selenium.chrome.ChromeDriverService.access$000(ChromeDriverService.java:35)\n\tat org.openqa.selenium.chrome.ChromeDriverService$Builder.findDefaultExecutable(ChromeDriverService.java:159)\n\tat org.openqa.selenium.remote.service.DriverService$Builder.build(DriverService.java:355)\n\tat org.openqa.selenium.chrome.ChromeDriverService.createDefaultService(ChromeDriverService.java:94)\n\tat org.openqa.selenium.chrome.ChromeDriver.<init>(ChromeDriver.java:157)\n\tat tests.base.BaseTest.setUp(BaseTest.java:25)\n\tat sun.reflect.NativeMethodAccessorImpl.invoke0(Native Method)\n\tat sun.reflect.NativeMethodAccessorImpl.invoke(NativeMethodAccessorImpl.java:62)\n\tat sun.reflect.DelegatingMethodAccessorImpl.invoke(DelegatingMethodAccessorImpl.java:43)\n\tat java.lang.reflect.Method.invoke(Method.java:498)\n\tat org.testng.internal.MethodInvocationHelper.invokeMethod(MethodInvocationHelper.java:133)\n\tat org.testng.internal.MethodInvocationHelper.invokeMethodConsideringTimeout(MethodInvocationHelper.java:62)\n\tat org.testng.internal.ConfigInvoker.invokeConfigurationMethod(ConfigInvoker.java:340)\n\tat org.testng.internal.ConfigInvoker.invokeConfigurations(ConfigInvoker.java:294)\n\tat org.testng.internal.TestInvoker.runConfigMethods(TestInvoker.java:683)\n\tat org.testng.internal.TestInvoker.invokeMethod(TestInvoker.java:510)\n\tat org.testng.internal.TestInvoker.invokeTestMethod(TestInvoker.java:172)\n\tat org.testng.internal.MethodRunner.runInSequence(MethodRunner.java:46)\n\tat org.testng.internal.TestInvoker$MethodInvocationAgent.invoke(TestInvoker.java:804)\n\tat org.testng.internal.TestInvoker.invokeTestMethods(TestInvoker.java:145)\n\tat org.testng.internal.TestMethodWorker.invokeTestMethods(TestMethodWorker.java:146)\n\tat org.testng.internal.TestMethodWorker.run(TestMethodWorker.java:128)\n\tat java.util.ArrayList.forEach(ArrayList.java:1259)\n\tat org.testng.TestRunner.privateRun(TestRunner.java:770)\n\tat org.testng.TestRunner.run(TestRunner.java:591)\n\tat org.testng.SuiteRunner.runTest(SuiteRunner.java:402)\n\tat org.testng.SuiteRunner.runSequentially(SuiteRunner.java:396)\n\tat org.testng.SuiteRunner.privateRun(SuiteRunner.java:355)\n\tat org.testng.SuiteRunner.run(SuiteRunner.java:304)\n\tat org.testng.SuiteRunnerWorker.runSuite(SuiteRunnerWorker.java:53)\n\tat org.testng.SuiteRunnerWorker.run(SuiteRunnerWorker.java:96)\n\tat org.testng.TestNG.runSuitesSequentially(TestNG.java:1180)\n\tat org.testng.TestNG.runSuitesLocally(TestNG.java:1102)\n\tat org.testng.TestNG.runSuites(TestNG.java:1032)\n\tat org.testng.TestNG.run(TestNG.java:1000)\n\tat org.apache.maven.surefire.testng.TestNGExecutor.run(TestNGExecutor.java:283)\n\tat org.apache.maven.surefire.testng.TestNGXmlTestSuite.execute(TestNGXmlTestSuite.java:75)\n\tat org.apache.maven.surefire.testng.TestNGProvider.invoke(TestNGProvider.java:120)\n\tat org.apache.maven.surefire.booter.ForkedBooter.runSuitesInProcess(ForkedBooter.java:377)\n\tat org.apache.maven.surefire.booter.ForkedBooter.execute(ForkedBooter.java:138)\n\tat org.apache.maven.surefire.booter.ForkedBooter.run(ForkedBooter.java:465)\n\tat org.apache.maven.surefire.booter.ForkedBooter.main(ForkedBooter.java:451)\n","steps":[],"attachments":[],"parameters":[],"attachmentsCount":0,"shouldDisplayMessage":true,"hasContent":true,"stepsCount":0}],"attachments":[],"parameters":[],"attachmentsCount":0,"shouldDisplayMessage":false,"hasContent":true,"stepsCount":1}],"testStage":{"status":"skipped","statusMessage":"The driver executable does not exist: /home/runner/work/Monkkee/Monkkee/src/test/resources/webdrivers/linux/chromedriver","statusTrace":"java.lang.IllegalStateException: The driver executable does not exist: /home/runner/work/Monkkee/Monkkee/src/test/resources/webdrivers/linux/chromedriver\n\tat com.google.common.base.Preconditions.checkState(Preconditions.java:585)\n\tat org.openqa.selenium.remote.service.DriverService.checkExecutable(DriverService.java:146)\n\tat org.openqa.selenium.remote.service.DriverService.findExecutable(DriverService.java:141)\n\tat org.openqa.selenium.chrome.ChromeDriverService.access$000(ChromeDriverService.java:35)\n\tat org.openqa.selenium.chrome.ChromeDriverService$Builder.findDefaultExecutable(ChromeDriverService.java:159)\n\tat org.openqa.selenium.remote.service.DriverService$Builder.build(DriverService.java:355)\n\tat org.openqa.selenium.chrome.ChromeDriverService.createDefaultService(ChromeDriverService.java:94)\n\tat org.openqa.selenium.chrome.ChromeDriver.<init>(ChromeDriver.java:157)\n\tat tests.base.BaseTest.setUp(BaseTest.java:25)\n\tat sun.reflect.NativeMethodAccessorImpl.invoke0(Native Method)\n\tat sun.reflect.NativeMethodAccessorImpl.invoke(NativeMethodAccessorImpl.java:62)\n\tat sun.reflect.DelegatingMethodAccessorImpl.invoke(DelegatingMethodAccessorImpl.java:43)\n\tat java.lang.reflect.Method.invoke(Method.java:498)\n\tat org.testng.internal.MethodInvocationHelper.invokeMethod(MethodInvocationHelper.java:133)\n\tat org.testng.internal.MethodInvocationHelper.invokeMethodConsideringTimeout(MethodInvocationHelper.java:62)\n\tat org.testng.internal.ConfigInvoker.invokeConfigurationMethod(ConfigInvoker.java:340)\n\tat org.testng.internal.ConfigInvoker.invokeConfigurations(ConfigInvoker.java:294)\n\tat org.testng.internal.TestInvoker.runConfigMethods(TestInvoker.java:683)\n\tat org.testng.internal.TestInvoker.invokeMethod(TestInvoker.java:510)\n\tat org.testng.internal.TestInvoker.invokeTestMethod(TestInvoker.java:172)\n\tat org.testng.internal.MethodRunner.runInSequence(MethodRunner.java:46)\n\tat org.testng.internal.TestInvoker$MethodInvocationAgent.invoke(TestInvoker.java:804)\n\tat org.testng.internal.TestInvoker.invokeTestMethods(TestInvoker.java:145)\n\tat org.testng.internal.TestMethodWorker.invokeTestMethods(TestMethodWorker.java:146)\n\tat org.testng.internal.TestMethodWorker.run(TestMethodWorker.java:128)\n\tat java.util.ArrayList.forEach(ArrayList.java:1259)\n\tat org.testng.TestRunner.privateRun(TestRunner.java:770)\n\tat org.testng.TestRunner.run(TestRunner.java:591)\n\tat org.testng.SuiteRunner.runTest(SuiteRunner.java:402)\n\tat org.testng.SuiteRunner.runSequentially(SuiteRunner.java:396)\n\tat org.testng.SuiteRunner.privateRun(SuiteRunner.java:355)\n\tat org.testng.SuiteRunner.run(SuiteRunner.java:304)\n\tat org.testng.SuiteRunnerWorker.runSuite(SuiteRunnerWorker.java:53)\n\tat org.testng.SuiteRunnerWorker.run(SuiteRunnerWorker.java:96)\n\tat org.testng.TestNG.runSuitesSequentially(TestNG.java:1180)\n\tat org.testng.TestNG.runSuitesLocally(TestNG.java:1102)\n\tat org.testng.TestNG.runSuites(TestNG.java:1032)\n\tat org.testng.TestNG.run(TestNG.java:1000)\n\tat org.apache.maven.surefire.testng.TestNGExecutor.run(TestNGExecutor.java:283)\n\tat org.apache.maven.surefire.testng.TestNGXmlTestSuite.execute(TestNGXmlTestSuite.java:75)\n\tat org.apache.maven.surefire.testng.TestNGProvider.invoke(TestNGProvider.java:120)\n\tat org.apache.maven.surefire.booter.ForkedBooter.runSuitesInProcess(ForkedBooter.java:377)\n\tat org.apache.maven.surefire.booter.ForkedBooter.execute(ForkedBooter.java:138)\n\tat org.apache.maven.surefire.booter.ForkedBooter.run(ForkedBooter.java:465)\n\tat org.apache.maven.surefire.booter.ForkedBooter.main(ForkedBooter.java:451)\n","steps":[],"attachments":[{"uid":"60cc964a4d89baa9","name":"Last screen state","source":"60cc964a4d89baa9.bin","type":"image/png","size":0}],"parameters":[],"attachmentsCount":1,"shouldDisplayMessage":true,"hasContent":true,"stepsCount":0},"afterStages":[{"name":"tearDown","time":{"start":1660902979860,"stop":1660902979861,"duration":1},"description":"","status":"passed","steps":[{"name":"Close browser","time":{"start":1660902979860,"stop":1660902979861,"duration":1},"status":"passed","steps":[],"attachments":[],"parameters":[],"attachmentsCount":0,"shouldDisplayMessage":false,"hasContent":false,"stepsCount":0}],"attachments":[],"parameters":[],"attachmentsCount":0,"shouldDisplayMessage":false,"hasContent":true,"stepsCount":1}],"labels":[{"name":"package","value":"tests.LoginPageTest"},{"name":"testClass","value":"tests.LoginPageTest"},{"name":"testMethod","value":"userShouldBeLoggedIn"},{"name":"parentSuite","value":"Monkkee Regression Test"},{"name":"suite","value":"Login"},{"name":"subSuite","value":"tests.LoginPageTest"},{"name":"host","value":"fv-az163-678"},{"name":"thread","value":"2472@fv-az163-678.main(1)"},{"name":"framework","value":"testng"},{"name":"language","value":"java"},{"name":"resultFormat","value":"allure2"}],"parameters":[],"links":[],"hidden":false,"retry":false,"extra":{"severity":"normal","retries":[],"categories":[],"history":{"statistic":{"failed":0,"broken":0,"skipped":9,"passed":0,"unknown":0,"total":9},"items":[{"uid":"45a0fd0edb8f2150","reportUrl":"https://KazadaevIvan.github.io/Monkkee/20//#testresult/45a0fd0edb8f2150","status":"skipped","statusDetails":"unknown error: Chrome failed to start: exited abnormally.\n  (unknown error: DevToolsActivePort file doesn't exist)\n  (The process started from chrome location /usr/bin/google-chrome is no longer running, so ChromeDriver is assuming that Chrome has crashed.)\nBuild info: version: '3.141.59', revision: 'e82be7d358', time: '2018-11-14T08:17:03'\nSystem info: host: 'fv-az178-140', ip: '10.1.0.80', os.name: 'Linux', os.arch: 'amd64', os.version: '5.15.0-1017-azure', java.version: '1.8.0_345'\nDriver info: driver.version: ChromeDriver\nremote stacktrace: #0 0x55d3dfffd403 <unknown>\n#1 0x55d3dfe03778 <unknown>\n#2 0x55d3dfe27fa9 <unknown>\n#3 0x55d3dfe2312b <unknown>\n#4 0x55d3dfe5e83a <unknown>\n#5 0x55d3dfe588f3 <unknown>\n#6 0x55d3dfe2e0d8 <unknown>\n#7 0x55d3dfe2f205 <unknown>\n#8 0x55d3e0044e3d <unknown>\n#9 0x55d3e0047db6 <unknown>\n#10 0x55d3e002e13e <unknown>\n#11 0x55d3e00489b5 <unknown>\n#12 0x55d3e0022970 <unknown>\n#13 0x55d3e0065228 <unknown>\n#14 0x55d3e00653bf <unknown>\n#15 0x55d3e007fabe <unknown>\n#16 0x7f9c6a96c609 <unknown>\n","time":{"start":1660901712969,"stop":1660901712983,"duration":14}},{"uid":"da4d130c8d6c9078","reportUrl":"https://KazadaevIvan.github.io/Monkkee/19//#testresult/da4d130c8d6c9078","status":"skipped","statusDetails":"unknown error: Chrome failed to start: exited abnormally.\n  (unknown error: DevToolsActivePort file doesn't exist)\n  (The process started from chrome location /usr/bin/google-chrome is no longer running, so ChromeDriver is assuming that Chrome has crashed.)\nBuild info: version: '3.141.59', revision: 'e82be7d358', time: '2018-11-14T08:17:03'\nSystem info: host: 'fv-az133-624', ip: '10.1.0.147', os.name: 'Linux', os.arch: 'amd64', os.version: '5.15.0-1017-azure', java.version: '1.8.0_345'\nDriver info: driver.version: ChromeDriver\nremote stacktrace: #0 0x560adee19403 <unknown>\n#1 0x560adec1f778 <unknown>\n#2 0x560adec43fa9 <unknown>\n#3 0x560adec3f12b <unknown>\n#4 0x560adec7a83a <unknown>\n#5 0x560adec748f3 <unknown>\n#6 0x560adec4a0d8 <unknown>\n#7 0x560adec4b205 <unknown>\n#8 0x560adee60e3d <unknown>\n#9 0x560adee63db6 <unknown>\n#10 0x560adee4a13e <unknown>\n#11 0x560adee649b5 <unknown>\n#12 0x560adee3e970 <unknown>\n#13 0x560adee81228 <unknown>\n#14 0x560adee813bf <unknown>\n#15 0x560adee9babe <unknown>\n#16 0x7effbbdfd609 <unknown>\n","time":{"start":1660900176898,"stop":1660900176915,"duration":17}},{"uid":"9cd4e0fca80aaab1","reportUrl":"https://KazadaevIvan.github.io/Monkkee/18//#testresult/9cd4e0fca80aaab1","status":"skipped","statusDetails":"unknown error: Chrome failed to start: exited abnormally.\n  (unknown error: DevToolsActivePort file doesn't exist)\n  (The process started from chrome location /usr/bin/google-chrome is no longer running, so ChromeDriver is assuming that Chrome has crashed.)\nBuild info: version: '3.141.59', revision: 'e82be7d358', time: '2018-11-14T08:17:03'\nSystem info: host: 'fv-az204-439', ip: '10.1.1.236', os.name: 'Linux', os.arch: 'amd64', os.version: '5.15.0-1017-azure', java.version: '1.8.0_345'\nDriver info: driver.version: ChromeDriver\nremote stacktrace: #0 0x55d333818403 <unknown>\n#1 0x55d33361e778 <unknown>\n#2 0x55d333642fa9 <unknown>\n#3 0x55d33363e12b <unknown>\n#4 0x55d33367983a <unknown>\n#5 0x55d3336738f3 <unknown>\n#6 0x55d3336490d8 <unknown>\n#7 0x55d33364a205 <unknown>\n#8 0x55d33385fe3d <unknown>\n#9 0x55d333862db6 <unknown>\n#10 0x55d33384913e <unknown>\n#11 0x55d3338639b5 <unknown>\n#12 0x55d33383d970 <unknown>\n#13 0x55d333880228 <unknown>\n#14 0x55d3338803bf <unknown>\n#15 0x55d33389aabe <unknown>\n#16 0x7f79f729f609 <unknown>\n","time":{"start":1660899679976,"stop":1660899679998,"duration":22}},{"uid":"8b9d74dfadf07bb2","reportUrl":"https://KazadaevIvan.github.io/Monkkee/17//#testresult/8b9d74dfadf07bb2","status":"skipped","statusDetails":"unknown error: Chrome failed to start: exited abnormally.\n  (unknown error: DevToolsActivePort file doesn't exist)\n  (The process started from chrome location /usr/bin/google-chrome is no longer running, so ChromeDriver is assuming that Chrome has crashed.)\nBuild info: version: '3.141.59', revision: 'e82be7d358', time: '2018-11-14T08:17:03'\nSystem info: host: 'fv-az154-529', ip: '10.1.0.88', os.name: 'Linux', os.arch: 'amd64', os.version: '5.15.0-1017-azure', java.version: '1.8.0_345'\nDriver info: driver.version: ChromeDriver\nremote stacktrace: #0 0x55fce7b1d403 <unknown>\n#1 0x55fce7923778 <unknown>\n#2 0x55fce7947fa9 <unknown>\n#3 0x55fce794312b <unknown>\n#4 0x55fce797e83a <unknown>\n#5 0x55fce79788f3 <unknown>\n#6 0x55fce794e0d8 <unknown>\n#7 0x55fce794f205 <unknown>\n#8 0x55fce7b64e3d <unknown>\n#9 0x55fce7b67db6 <unknown>\n#10 0x55fce7b4e13e <unknown>\n#11 0x55fce7b689b5 <unknown>\n#12 0x55fce7b42970 <unknown>\n#13 0x55fce7b85228 <unknown>\n#14 0x55fce7b853bf <unknown>\n#15 0x55fce7b9fabe <unknown>\n#16 0x7fcbee304609 <unknown>\n","time":{"start":1660899316002,"stop":1660899316021,"duration":19}},{"uid":"2bc624c2a4a39575","reportUrl":"https://KazadaevIvan.github.io/Monkkee/15//#testresult/2bc624c2a4a39575","status":"skipped","statusDetails":"unknown error: Chrome failed to start: exited abnormally.\n  (unknown error: DevToolsActivePort file doesn't exist)\n  (The process started from chrome location /usr/bin/google-chrome is no longer running, so ChromeDriver is assuming that Chrome has crashed.)\nBuild info: version: '3.141.59', revision: 'e82be7d358', time: '2018-11-14T08:17:03'\nSystem info: host: 'fv-az121-395', ip: '10.1.0.202', os.name: 'Linux', os.arch: 'amd64', os.version: '5.15.0-1017-azure', java.version: '1.8.0_345'\nDriver info: driver.version: ChromeDriver\nremote stacktrace: #0 0x5647ecb25403 <unknown>\n#1 0x5647ec92b778 <unknown>\n#2 0x5647ec94ffa9 <unknown>\n#3 0x5647ec94b12b <unknown>\n#4 0x5647ec98683a <unknown>\n#5 0x5647ec9808f3 <unknown>\n#6 0x5647ec9560d8 <unknown>\n#7 0x5647ec957205 <unknown>\n#8 0x5647ecb6ce3d <unknown>\n#9 0x5647ecb6fdb6 <unknown>\n#10 0x5647ecb5613e <unknown>\n#11 0x5647ecb709b5 <unknown>\n#12 0x5647ecb4a970 <unknown>\n#13 0x5647ecb8d228 <unknown>\n#14 0x5647ecb8d3bf <unknown>\n#15 0x5647ecba7abe <unknown>\n#16 0x7ff0b0c53609 <unknown>\n","time":{"start":1660895151433,"stop":1660895151444,"duration":11}},{"uid":"4036e62e2e15dc76","reportUrl":"https://KazadaevIvan.github.io/Monkkee/16//#testresult/4036e62e2e15dc76","status":"skipped","statusDetails":"unknown error: Chrome failed to start: exited abnormally.\n  (unknown error: DevToolsActivePort file doesn't exist)\n  (The process started from chrome location /usr/bin/google-chrome is no longer running, so ChromeDriver is assuming that Chrome has crashed.)\nBuild info: version: '3.141.59', revision: 'e82be7d358', time: '2018-11-14T08:17:03'\nSystem info: host: 'fv-az131-813', ip: '10.1.0.73', os.name: 'Linux', os.arch: 'amd64', os.version: '5.15.0-1017-azure', java.version: '1.8.0_345'\nDriver info: driver.version: ChromeDriver\nremote stacktrace: #0 0x5572a97cb403 <unknown>\n#1 0x5572a95d1778 <unknown>\n#2 0x5572a95f5fa9 <unknown>\n#3 0x5572a95f112b <unknown>\n#4 0x5572a962c83a <unknown>\n#5 0x5572a96268f3 <unknown>\n#6 0x5572a95fc0d8 <unknown>\n#7 0x5572a95fd205 <unknown>\n#8 0x5572a9812e3d <unknown>\n#9 0x5572a9815db6 <unknown>\n#10 0x5572a97fc13e <unknown>\n#11 0x5572a98169b5 <unknown>\n#12 0x5572a97f0970 <unknown>\n#13 0x5572a9833228 <unknown>\n#14 0x5572a98333bf <unknown>\n#15 0x5572a984dabe <unknown>\n#16 0x7fd0b6435609 <unknown>\n","time":{"start":1660894915666,"stop":1660894915682,"duration":16}},{"uid":"84249a71f650fbbd","reportUrl":"https://KazadaevIvan.github.io/Monkkee/15//#testresult/84249a71f650fbbd","status":"skipped","statusDetails":"unknown error: Chrome failed to start: exited abnormally.\n  (unknown error: DevToolsActivePort file doesn't exist)\n  (The process started from chrome location /usr/bin/google-chrome is no longer running, so ChromeDriver is assuming that Chrome has crashed.)\nBuild info: version: '3.141.59', revision: 'e82be7d358', time: '2018-11-14T08:17:03'\nSystem info: host: 'fv-az133-624', ip: '10.1.1.55', os.name: 'Linux', os.arch: 'amd64', os.version: '5.15.0-1017-azure', java.version: '1.8.0_345'\nDriver info: driver.version: ChromeDriver\nremote stacktrace: #0 0x55a87eb94403 <unknown>\n#1 0x55a87e99a778 <unknown>\n#2 0x55a87e9befa9 <unknown>\n#3 0x55a87e9ba12b <unknown>\n#4 0x55a87e9f583a <unknown>\n#5 0x55a87e9ef8f3 <unknown>\n#6 0x55a87e9c50d8 <unknown>\n#7 0x55a87e9c6205 <unknown>\n#8 0x55a87ebdbe3d <unknown>\n#9 0x55a87ebdedb6 <unknown>\n#10 0x55a87ebc513e <unknown>\n#11 0x55a87ebdf9b5 <unknown>\n#12 0x55a87ebb9970 <unknown>\n#13 0x55a87ebfc228 <unknown>\n#14 0x55a87ebfc3bf <unknown>\n#15 0x55a87ec16abe <unknown>\n#16 0x7fd8f4500609 <unknown>\n","time":{"start":1660894269802,"stop":1660894269820,"duration":18}},{"uid":"2c20de151851fb38","reportUrl":"https://KazadaevIvan.github.io/Monkkee/14//#testresult/2c20de151851fb38","status":"skipped","statusDetails":"unknown error: Chrome failed to start: exited abnormally.\n  (unknown error: DevToolsActivePort file doesn't exist)\n  (The process started from chrome location /usr/bin/google-chrome is no longer running, so ChromeDriver is assuming that Chrome has crashed.)\nBuild info: version: '3.141.59', revision: 'e82be7d358', time: '2018-11-14T08:17:03'\nSystem info: host: 'fv-az36-83', ip: '10.1.0.69', os.name: 'Linux', os.arch: 'amd64', os.version: '5.15.0-1017-azure', java.version: '1.8.0_345'\nDriver info: driver.version: ChromeDriver\nremote stacktrace: #0 0x5604276fb403 <unknown>\n#1 0x560427501778 <unknown>\n#2 0x560427525fa9 <unknown>\n#3 0x56042752112b <unknown>\n#4 0x56042755c83a <unknown>\n#5 0x5604275568f3 <unknown>\n#6 0x56042752c0d8 <unknown>\n#7 0x56042752d205 <unknown>\n#8 0x560427742e3d <unknown>\n#9 0x560427745db6 <unknown>\n#10 0x56042772c13e <unknown>\n#11 0x5604277469b5 <unknown>\n#12 0x560427720970 <unknown>\n#13 0x560427763228 <unknown>\n#14 0x5604277633bf <unknown>\n#15 0x56042777dabe <unknown>\n#16 0x7f2193e7b609 <unknown>\n","time":{"start":1660893864296,"stop":1660893864313,"duration":17}}]},"tags":[]},"source":"f7ca80b923ff6319.json","parameterValues":[]}