{"uid":"2e09ba0400429f87","name":"Validation that new entry can be created","fullName":"tests.HomePageTest.newEntryShouldBeCreated","historyId":"9a0a0d6a1ad0be89e110fb5d0bb7bd7c","time":{"start":1671364966407,"stop":1671364980439,"duration":14032},"status":"skipped","statusMessage":"Page has not been loaded. Saved icon not found by locator By.xpath: //span[contains(@class, 'cke_savetoggle_text') and text()='saved']","statusTrace":"java.lang.AssertionError: Page has not been loaded. Saved icon not found by locator By.xpath: //span[contains(@class, 'cke_savetoggle_text') and text()='saved']\n\tat org.testng.Assert.fail(Assert.java:97)\n\tat pages.EntryPage.isPageOpened(EntryPage.java:32)\n\tat steps.HomePageSteps.startToCreateNewEntry(HomePageSteps.java:21)\n\tat tests.HomePageTest.newEntryShouldBeCreated(HomePageTest.java:15)\n\tat sun.reflect.NativeMethodAccessorImpl.invoke0(Native Method)\n\tat sun.reflect.NativeMethodAccessorImpl.invoke(NativeMethodAccessorImpl.java:62)\n\tat sun.reflect.DelegatingMethodAccessorImpl.invoke(DelegatingMethodAccessorImpl.java:43)\n\tat java.lang.reflect.Method.invoke(Method.java:498)\n\tat org.testng.internal.MethodInvocationHelper.invokeMethod(MethodInvocationHelper.java:133)\n\tat org.testng.internal.TestInvoker.invokeMethod(TestInvoker.java:584)\n\tat org.testng.internal.TestInvoker.retryFailed(TestInvoker.java:204)\n\tat org.testng.internal.MethodRunner.runInSequence(MethodRunner.java:58)\n\tat org.testng.internal.TestInvoker$MethodInvocationAgent.invoke(TestInvoker.java:804)\n\tat org.testng.internal.TestInvoker.invokeTestMethods(TestInvoker.java:145)\n\tat org.testng.internal.TestMethodWorker.invokeTestMethods(TestMethodWorker.java:146)\n\tat org.testng.internal.TestMethodWorker.run(TestMethodWorker.java:128)\n\tat java.util.ArrayList.forEach(ArrayList.java:1259)\n\tat org.testng.TestRunner.privateRun(TestRunner.java:770)\n\tat org.testng.TestRunner.run(TestRunner.java:591)\n\tat org.testng.SuiteRunner.runTest(SuiteRunner.java:402)\n\tat org.testng.SuiteRunner.runSequentially(SuiteRunner.java:396)\n\tat org.testng.SuiteRunner.privateRun(SuiteRunner.java:355)\n\tat org.testng.SuiteRunner.run(SuiteRunner.java:304)\n\tat org.testng.SuiteRunnerWorker.runSuite(SuiteRunnerWorker.java:53)\n\tat org.testng.SuiteRunnerWorker.run(SuiteRunnerWorker.java:96)\n\tat org.testng.TestNG.runSuitesSequentially(TestNG.java:1180)\n\tat org.testng.TestNG.runSuitesLocally(TestNG.java:1102)\n\tat org.testng.TestNG.runSuites(TestNG.java:1032)\n\tat org.testng.TestNG.run(TestNG.java:1000)\n\tat org.apache.maven.surefire.testng.TestNGExecutor.run(TestNGExecutor.java:283)\n\tat org.apache.maven.surefire.testng.TestNGXmlTestSuite.execute(TestNGXmlTestSuite.java:75)\n\tat org.apache.maven.surefire.testng.TestNGProvider.invoke(TestNGProvider.java:120)\n\tat org.apache.maven.surefire.booter.ForkedBooter.runSuitesInProcess(ForkedBooter.java:377)\n\tat org.apache.maven.surefire.booter.ForkedBooter.execute(ForkedBooter.java:138)\n\tat org.apache.maven.surefire.booter.ForkedBooter.run(ForkedBooter.java:465)\n\tat org.apache.maven.surefire.booter.ForkedBooter.main(ForkedBooter.java:451)\n","flaky":false,"newFailed":false,"newBroken":false,"newPassed":false,"retriesCount":0,"retriesStatusChange":false,"beforeStages":[{"name":"setUp","time":{"start":1671364966084,"stop":1671364966404,"duration":320},"description":"","status":"passed","steps":[{"name":"Open browser","time":{"start":1671364966084,"stop":1671364966404,"duration":320},"status":"passed","steps":[],"attachments":[],"parameters":[],"shouldDisplayMessage":false,"hasContent":false,"stepsCount":0,"attachmentsCount":0}],"attachments":[],"parameters":[],"shouldDisplayMessage":false,"hasContent":true,"stepsCount":1,"attachmentsCount":0}],"testStage":{"status":"skipped","statusMessage":"Page has not been loaded. Saved icon not found by locator By.xpath: //span[contains(@class, 'cke_savetoggle_text') and text()='saved']","statusTrace":"java.lang.AssertionError: Page has not been loaded. Saved icon not found by locator By.xpath: //span[contains(@class, 'cke_savetoggle_text') and text()='saved']\n\tat org.testng.Assert.fail(Assert.java:97)\n\tat pages.EntryPage.isPageOpened(EntryPage.java:32)\n\tat steps.HomePageSteps.startToCreateNewEntry(HomePageSteps.java:21)\n\tat tests.HomePageTest.newEntryShouldBeCreated(HomePageTest.java:15)\n\tat sun.reflect.NativeMethodAccessorImpl.invoke0(Native Method)\n\tat sun.reflect.NativeMethodAccessorImpl.invoke(NativeMethodAccessorImpl.java:62)\n\tat sun.reflect.DelegatingMethodAccessorImpl.invoke(DelegatingMethodAccessorImpl.java:43)\n\tat java.lang.reflect.Method.invoke(Method.java:498)\n\tat org.testng.internal.MethodInvocationHelper.invokeMethod(MethodInvocationHelper.java:133)\n\tat org.testng.internal.TestInvoker.invokeMethod(TestInvoker.java:584)\n\tat org.testng.internal.TestInvoker.retryFailed(TestInvoker.java:204)\n\tat org.testng.internal.MethodRunner.runInSequence(MethodRunner.java:58)\n\tat org.testng.internal.TestInvoker$MethodInvocationAgent.invoke(TestInvoker.java:804)\n\tat org.testng.internal.TestInvoker.invokeTestMethods(TestInvoker.java:145)\n\tat org.testng.internal.TestMethodWorker.invokeTestMethods(TestMethodWorker.java:146)\n\tat org.testng.internal.TestMethodWorker.run(TestMethodWorker.java:128)\n\tat java.util.ArrayList.forEach(ArrayList.java:1259)\n\tat org.testng.TestRunner.privateRun(TestRunner.java:770)\n\tat org.testng.TestRunner.run(TestRunner.java:591)\n\tat org.testng.SuiteRunner.runTest(SuiteRunner.java:402)\n\tat org.testng.SuiteRunner.runSequentially(SuiteRunner.java:396)\n\tat org.testng.SuiteRunner.privateRun(SuiteRunner.java:355)\n\tat org.testng.SuiteRunner.run(SuiteRunner.java:304)\n\tat org.testng.SuiteRunnerWorker.runSuite(SuiteRunnerWorker.java:53)\n\tat org.testng.SuiteRunnerWorker.run(SuiteRunnerWorker.java:96)\n\tat org.testng.TestNG.runSuitesSequentially(TestNG.java:1180)\n\tat org.testng.TestNG.runSuitesLocally(TestNG.java:1102)\n\tat org.testng.TestNG.runSuites(TestNG.java:1032)\n\tat org.testng.TestNG.run(TestNG.java:1000)\n\tat org.apache.maven.surefire.testng.TestNGExecutor.run(TestNGExecutor.java:283)\n\tat org.apache.maven.surefire.testng.TestNGXmlTestSuite.execute(TestNGXmlTestSuite.java:75)\n\tat org.apache.maven.surefire.testng.TestNGProvider.invoke(TestNGProvider.java:120)\n\tat org.apache.maven.surefire.booter.ForkedBooter.runSuitesInProcess(ForkedBooter.java:377)\n\tat org.apache.maven.surefire.booter.ForkedBooter.execute(ForkedBooter.java:138)\n\tat org.apache.maven.surefire.booter.ForkedBooter.run(ForkedBooter.java:465)\n\tat org.apache.maven.surefire.booter.ForkedBooter.main(ForkedBooter.java:451)\n","steps":[{"name":"Login with username 'ivan.popal.v.kapkan@yandex.ru' and password '1488228228'","time":{"start":1671364966408,"stop":1671364970118,"duration":3710},"status":"passed","steps":[{"name":"Open Login page","time":{"start":1671364966408,"stop":1671364967991,"duration":1583},"status":"passed","steps":[],"attachments":[],"parameters":[],"shouldDisplayMessage":false,"hasContent":false,"stepsCount":0,"attachmentsCount":0},{"name":"Verify Login page is opened","time":{"start":1671364967991,"stop":1671364968198,"duration":207},"status":"passed","steps":[],"attachments":[],"parameters":[],"shouldDisplayMessage":false,"hasContent":false,"stepsCount":0,"attachmentsCount":0},{"name":"Login with username 'ivan.popal.v.kapkan@yandex.ru' and password '1488228228'","time":{"start":1671364968198,"stop":1671364968467,"duration":269},"status":"passed","steps":[],"attachments":[],"parameters":[{"name":"username","value":"ivan.popal.v.kapkan@yandex.ru"},{"name":"password","value":"1488228228"}],"shouldDisplayMessage":false,"hasContent":true,"stepsCount":0,"attachmentsCount":0},{"name":"Verify Home page is opened","time":{"start":1671364968467,"stop":1671364969972,"duration":1505},"status":"passed","steps":[],"attachments":[],"parameters":[],"shouldDisplayMessage":false,"hasContent":false,"stepsCount":0,"attachmentsCount":0}],"attachments":[{"uid":"aa1faba2539cff26","name":"screenshot","source":"aa1faba2539cff26.png","type":"image/png","size":166609}],"parameters":[{"name":"username","value":"ivan.popal.v.kapkan@yandex.ru"},{"name":"password","value":"1488228228"}],"shouldDisplayMessage":false,"hasContent":true,"stepsCount":4,"attachmentsCount":1},{"name":"Start to create new entry","time":{"start":1671364970119,"stop":1671364980435,"duration":10316},"status":"failed","statusMessage":"Page has not been loaded. Saved icon not found by locator By.xpath: //span[contains(@class, 'cke_savetoggle_text') and text()='saved']","statusTrace":"java.lang.AssertionError: Page has not been loaded. Saved icon not found by locator By.xpath: //span[contains(@class, 'cke_savetoggle_text') and text()='saved']\n\tat org.testng.Assert.fail(Assert.java:97)\n\tat pages.EntryPage.isPageOpened(EntryPage.java:32)\n\tat steps.HomePageSteps.startToCreateNewEntry(HomePageSteps.java:21)\n\tat tests.HomePageTest.newEntryShouldBeCreated(HomePageTest.java:15)\n\tat sun.reflect.NativeMethodAccessorImpl.invoke0(Native Method)\n\tat sun.reflect.NativeMethodAccessorImpl.invoke(NativeMethodAccessorImpl.java:62)\n\tat sun.reflect.DelegatingMethodAccessorImpl.invoke(DelegatingMethodAccessorImpl.java:43)\n\tat java.lang.reflect.Method.invoke(Method.java:498)\n\tat org.testng.internal.MethodInvocationHelper.invokeMethod(MethodInvocationHelper.java:133)\n\tat org.testng.internal.TestInvoker.invokeMethod(TestInvoker.java:584)\n\tat org.testng.internal.TestInvoker.retryFailed(TestInvoker.java:204)\n\tat org.testng.internal.MethodRunner.runInSequence(MethodRunner.java:58)\n\tat org.testng.internal.TestInvoker$MethodInvocationAgent.invoke(TestInvoker.java:804)\n\tat org.testng.internal.TestInvoker.invokeTestMethods(TestInvoker.java:145)\n\tat org.testng.internal.TestMethodWorker.invokeTestMethods(TestMethodWorker.java:146)\n\tat org.testng.internal.TestMethodWorker.run(TestMethodWorker.java:128)\n\tat java.util.ArrayList.forEach(ArrayList.java:1259)\n\tat org.testng.TestRunner.privateRun(TestRunner.java:770)\n\tat org.testng.TestRunner.run(TestRunner.java:591)\n\tat org.testng.SuiteRunner.runTest(SuiteRunner.java:402)\n\tat org.testng.SuiteRunner.runSequentially(SuiteRunner.java:396)\n\tat org.testng.SuiteRunner.privateRun(SuiteRunner.java:355)\n\tat org.testng.SuiteRunner.run(SuiteRunner.java:304)\n\tat org.testng.SuiteRunnerWorker.runSuite(SuiteRunnerWorker.java:53)\n\tat org.testng.SuiteRunnerWorker.run(SuiteRunnerWorker.java:96)\n\tat org.testng.TestNG.runSuitesSequentially(TestNG.java:1180)\n\tat org.testng.TestNG.runSuitesLocally(TestNG.java:1102)\n\tat org.testng.TestNG.runSuites(TestNG.java:1032)\n\tat org.testng.TestNG.run(TestNG.java:1000)\n\tat org.apache.maven.surefire.testng.TestNGExecutor.run(TestNGExecutor.java:283)\n\tat org.apache.maven.surefire.testng.TestNGXmlTestSuite.execute(TestNGXmlTestSuite.java:75)\n\tat org.apache.maven.surefire.testng.TestNGProvider.invoke(TestNGProvider.java:120)\n\tat org.apache.maven.surefire.booter.ForkedBooter.runSuitesInProcess(ForkedBooter.java:377)\n\tat org.apache.maven.surefire.booter.ForkedBooter.execute(ForkedBooter.java:138)\n\tat org.apache.maven.surefire.booter.ForkedBooter.run(ForkedBooter.java:465)\n\tat org.apache.maven.surefire.booter.ForkedBooter.main(ForkedBooter.java:451)\n","steps":[{"name":"Click Create An Entry button","time":{"start":1671364970119,"stop":1671364970189,"duration":70},"status":"passed","steps":[],"attachments":[],"parameters":[],"shouldDisplayMessage":false,"hasContent":false,"stepsCount":0,"attachmentsCount":0},{"name":"Verify Entry page is opened","time":{"start":1671364970189,"stop":1671364980435,"duration":10246},"status":"failed","statusMessage":"Page has not been loaded. Saved icon not found by locator By.xpath: //span[contains(@class, 'cke_savetoggle_text') and text()='saved']","statusTrace":"java.lang.AssertionError: Page has not been loaded. Saved icon not found by locator By.xpath: //span[contains(@class, 'cke_savetoggle_text') and text()='saved']\n\tat org.testng.Assert.fail(Assert.java:97)\n\tat pages.EntryPage.isPageOpened(EntryPage.java:32)\n\tat steps.HomePageSteps.startToCreateNewEntry(HomePageSteps.java:21)\n\tat tests.HomePageTest.newEntryShouldBeCreated(HomePageTest.java:15)\n\tat sun.reflect.NativeMethodAccessorImpl.invoke0(Native Method)\n\tat sun.reflect.NativeMethodAccessorImpl.invoke(NativeMethodAccessorImpl.java:62)\n\tat sun.reflect.DelegatingMethodAccessorImpl.invoke(DelegatingMethodAccessorImpl.java:43)\n\tat java.lang.reflect.Method.invoke(Method.java:498)\n\tat org.testng.internal.MethodInvocationHelper.invokeMethod(MethodInvocationHelper.java:133)\n\tat org.testng.internal.TestInvoker.invokeMethod(TestInvoker.java:584)\n\tat org.testng.internal.TestInvoker.retryFailed(TestInvoker.java:204)\n\tat org.testng.internal.MethodRunner.runInSequence(MethodRunner.java:58)\n\tat org.testng.internal.TestInvoker$MethodInvocationAgent.invoke(TestInvoker.java:804)\n\tat org.testng.internal.TestInvoker.invokeTestMethods(TestInvoker.java:145)\n\tat org.testng.internal.TestMethodWorker.invokeTestMethods(TestMethodWorker.java:146)\n\tat org.testng.internal.TestMethodWorker.run(TestMethodWorker.java:128)\n\tat java.util.ArrayList.forEach(ArrayList.java:1259)\n\tat org.testng.TestRunner.privateRun(TestRunner.java:770)\n\tat org.testng.TestRunner.run(TestRunner.java:591)\n\tat org.testng.SuiteRunner.runTest(SuiteRunner.java:402)\n\tat org.testng.SuiteRunner.runSequentially(SuiteRunner.java:396)\n\tat org.testng.SuiteRunner.privateRun(SuiteRunner.java:355)\n\tat org.testng.SuiteRunner.run(SuiteRunner.java:304)\n\tat org.testng.SuiteRunnerWorker.runSuite(SuiteRunnerWorker.java:53)\n\tat org.testng.SuiteRunnerWorker.run(SuiteRunnerWorker.java:96)\n\tat org.testng.TestNG.runSuitesSequentially(TestNG.java:1180)\n\tat org.testng.TestNG.runSuitesLocally(TestNG.java:1102)\n\tat org.testng.TestNG.runSuites(TestNG.java:1032)\n\tat org.testng.TestNG.run(TestNG.java:1000)\n\tat org.apache.maven.surefire.testng.TestNGExecutor.run(TestNGExecutor.java:283)\n\tat org.apache.maven.surefire.testng.TestNGXmlTestSuite.execute(TestNGXmlTestSuite.java:75)\n\tat org.apache.maven.surefire.testng.TestNGProvider.invoke(TestNGProvider.java:120)\n\tat org.apache.maven.surefire.booter.ForkedBooter.runSuitesInProcess(ForkedBooter.java:377)\n\tat org.apache.maven.surefire.booter.ForkedBooter.execute(ForkedBooter.java:138)\n\tat org.apache.maven.surefire.booter.ForkedBooter.run(ForkedBooter.java:465)\n\tat org.apache.maven.surefire.booter.ForkedBooter.main(ForkedBooter.java:451)\n","steps":[],"attachments":[],"parameters":[],"shouldDisplayMessage":true,"hasContent":true,"stepsCount":0,"attachmentsCount":0}],"attachments":[],"parameters":[],"shouldDisplayMessage":false,"hasContent":true,"stepsCount":2,"attachmentsCount":0}],"attachments":[{"uid":"5ee18e402dcf0cb9","name":"Last screen state","source":"5ee18e402dcf0cb9.bin","type":"image/png","size":0},{"uid":"8cb2dbd7905c300e","name":"Last screen state","source":"8cb2dbd7905c300e.bin","type":"image/png","size":0}],"parameters":[],"shouldDisplayMessage":false,"hasContent":true,"stepsCount":8,"attachmentsCount":3},"afterStages":[{"name":"tearDown","time":{"start":1671364980441,"stop":1671364980632,"duration":191},"description":"","status":"passed","steps":[{"name":"Close browser","time":{"start":1671364980441,"stop":1671364980632,"duration":191},"status":"passed","steps":[],"attachments":[{"uid":"8fbca34cdee47bc1","name":"screenshot","source":"8fbca34cdee47bc1.png","type":"image/png","size":130535}],"parameters":[],"shouldDisplayMessage":false,"hasContent":true,"stepsCount":0,"attachmentsCount":1}],"attachments":[],"parameters":[],"shouldDisplayMessage":false,"hasContent":true,"stepsCount":1,"attachmentsCount":1}],"labels":[{"name":"package","value":"tests.HomePageTest"},{"name":"testClass","value":"tests.HomePageTest"},{"name":"testMethod","value":"newEntryShouldBeCreated"},{"name":"parentSuite","value":"Monkkee Regression Test"},{"name":"suite","value":"Create entry"},{"name":"subSuite","value":"tests.HomePageTest"},{"name":"host","value":"fv-az574-855"},{"name":"thread","value":"2377@fv-az574-855.main(1)"},{"name":"framework","value":"testng"},{"name":"language","value":"java"},{"name":"resultFormat","value":"allure2"}],"parameters":[],"links":[],"hidden":true,"retry":true,"extra":{"categories":[],"tags":[]},"source":"2e09ba0400429f87.json","parameterValues":[]}