{"uid":"3a8adbc4c14f2f93","name":"Validation that new entry can be created","fullName":"tests.HomePageTest.newEntryShouldBeCreated","historyId":"9a0a0d6a1ad0be89e110fb5d0bb7bd7c","time":{"start":1671364980953,"stop":1671364993135,"duration":12182},"status":"failed","statusMessage":"Page has not been loaded. Search input not found by locator By.xpath: //input[@type='search']","statusTrace":"java.lang.AssertionError: Page has not been loaded. Search input not found by locator By.xpath: //input[@type='search']\n\tat org.testng.Assert.fail(Assert.java:97)\n\tat pages.HomePage.isPageOpened(HomePage.java:34)\n\tat steps.LoginPageSteps.login(LoginPageSteps.java:22)\n\tat tests.HomePageTest.newEntryShouldBeCreated(HomePageTest.java:13)\n\tat sun.reflect.NativeMethodAccessorImpl.invoke0(Native Method)\n\tat sun.reflect.NativeMethodAccessorImpl.invoke(NativeMethodAccessorImpl.java:62)\n\tat sun.reflect.DelegatingMethodAccessorImpl.invoke(DelegatingMethodAccessorImpl.java:43)\n\tat java.lang.reflect.Method.invoke(Method.java:498)\n\tat org.testng.internal.MethodInvocationHelper.invokeMethod(MethodInvocationHelper.java:133)\n\tat org.testng.internal.TestInvoker.invokeMethod(TestInvoker.java:584)\n\tat org.testng.internal.TestInvoker.retryFailed(TestInvoker.java:204)\n\tat org.testng.internal.MethodRunner.runInSequence(MethodRunner.java:58)\n\tat org.testng.internal.TestInvoker$MethodInvocationAgent.invoke(TestInvoker.java:804)\n\tat org.testng.internal.TestInvoker.invokeTestMethods(TestInvoker.java:145)\n\tat org.testng.internal.TestMethodWorker.invokeTestMethods(TestMethodWorker.java:146)\n\tat org.testng.internal.TestMethodWorker.run(TestMethodWorker.java:128)\n\tat java.util.ArrayList.forEach(ArrayList.java:1259)\n\tat org.testng.TestRunner.privateRun(TestRunner.java:770)\n\tat org.testng.TestRunner.run(TestRunner.java:591)\n\tat org.testng.SuiteRunner.runTest(SuiteRunner.java:402)\n\tat org.testng.SuiteRunner.runSequentially(SuiteRunner.java:396)\n\tat org.testng.SuiteRunner.privateRun(SuiteRunner.java:355)\n\tat org.testng.SuiteRunner.run(SuiteRunner.java:304)\n\tat org.testng.SuiteRunnerWorker.runSuite(SuiteRunnerWorker.java:53)\n\tat org.testng.SuiteRunnerWorker.run(SuiteRunnerWorker.java:96)\n\tat org.testng.TestNG.runSuitesSequentially(TestNG.java:1180)\n\tat org.testng.TestNG.runSuitesLocally(TestNG.java:1102)\n\tat org.testng.TestNG.runSuites(TestNG.java:1032)\n\tat org.testng.TestNG.run(TestNG.java:1000)\n\tat org.apache.maven.surefire.testng.TestNGExecutor.run(TestNGExecutor.java:283)\n\tat org.apache.maven.surefire.testng.TestNGXmlTestSuite.execute(TestNGXmlTestSuite.java:75)\n\tat org.apache.maven.surefire.testng.TestNGProvider.invoke(TestNGProvider.java:120)\n\tat org.apache.maven.surefire.booter.ForkedBooter.runSuitesInProcess(ForkedBooter.java:377)\n\tat org.apache.maven.surefire.booter.ForkedBooter.execute(ForkedBooter.java:138)\n\tat org.apache.maven.surefire.booter.ForkedBooter.run(ForkedBooter.java:465)\n\tat org.apache.maven.surefire.booter.ForkedBooter.main(ForkedBooter.java:451)\n","flaky":false,"newFailed":false,"newBroken":false,"newPassed":false,"retriesCount":2,"retriesStatusChange":true,"beforeStages":[{"name":"setUp","time":{"start":1671364980633,"stop":1671364980949,"duration":316},"description":"","status":"passed","steps":[{"name":"Open browser","time":{"start":1671364980633,"stop":1671364980949,"duration":316},"status":"passed","steps":[],"attachments":[],"parameters":[],"shouldDisplayMessage":false,"hasContent":false,"stepsCount":0,"attachmentsCount":0}],"attachments":[],"parameters":[],"shouldDisplayMessage":false,"hasContent":true,"stepsCount":1,"attachmentsCount":0}],"testStage":{"status":"failed","statusMessage":"Page has not been loaded. Search input not found by locator By.xpath: //input[@type='search']","statusTrace":"java.lang.AssertionError: Page has not been loaded. Search input not found by locator By.xpath: //input[@type='search']\n\tat org.testng.Assert.fail(Assert.java:97)\n\tat pages.HomePage.isPageOpened(HomePage.java:34)\n\tat steps.LoginPageSteps.login(LoginPageSteps.java:22)\n\tat tests.HomePageTest.newEntryShouldBeCreated(HomePageTest.java:13)\n\tat sun.reflect.NativeMethodAccessorImpl.invoke0(Native Method)\n\tat sun.reflect.NativeMethodAccessorImpl.invoke(NativeMethodAccessorImpl.java:62)\n\tat sun.reflect.DelegatingMethodAccessorImpl.invoke(DelegatingMethodAccessorImpl.java:43)\n\tat java.lang.reflect.Method.invoke(Method.java:498)\n\tat org.testng.internal.MethodInvocationHelper.invokeMethod(MethodInvocationHelper.java:133)\n\tat org.testng.internal.TestInvoker.invokeMethod(TestInvoker.java:584)\n\tat org.testng.internal.TestInvoker.retryFailed(TestInvoker.java:204)\n\tat org.testng.internal.MethodRunner.runInSequence(MethodRunner.java:58)\n\tat org.testng.internal.TestInvoker$MethodInvocationAgent.invoke(TestInvoker.java:804)\n\tat org.testng.internal.TestInvoker.invokeTestMethods(TestInvoker.java:145)\n\tat org.testng.internal.TestMethodWorker.invokeTestMethods(TestMethodWorker.java:146)\n\tat org.testng.internal.TestMethodWorker.run(TestMethodWorker.java:128)\n\tat java.util.ArrayList.forEach(ArrayList.java:1259)\n\tat org.testng.TestRunner.privateRun(TestRunner.java:770)\n\tat org.testng.TestRunner.run(TestRunner.java:591)\n\tat org.testng.SuiteRunner.runTest(SuiteRunner.java:402)\n\tat org.testng.SuiteRunner.runSequentially(SuiteRunner.java:396)\n\tat org.testng.SuiteRunner.privateRun(SuiteRunner.java:355)\n\tat org.testng.SuiteRunner.run(SuiteRunner.java:304)\n\tat org.testng.SuiteRunnerWorker.runSuite(SuiteRunnerWorker.java:53)\n\tat org.testng.SuiteRunnerWorker.run(SuiteRunnerWorker.java:96)\n\tat org.testng.TestNG.runSuitesSequentially(TestNG.java:1180)\n\tat org.testng.TestNG.runSuitesLocally(TestNG.java:1102)\n\tat org.testng.TestNG.runSuites(TestNG.java:1032)\n\tat org.testng.TestNG.run(TestNG.java:1000)\n\tat org.apache.maven.surefire.testng.TestNGExecutor.run(TestNGExecutor.java:283)\n\tat org.apache.maven.surefire.testng.TestNGXmlTestSuite.execute(TestNGXmlTestSuite.java:75)\n\tat org.apache.maven.surefire.testng.TestNGProvider.invoke(TestNGProvider.java:120)\n\tat org.apache.maven.surefire.booter.ForkedBooter.runSuitesInProcess(ForkedBooter.java:377)\n\tat org.apache.maven.surefire.booter.ForkedBooter.execute(ForkedBooter.java:138)\n\tat org.apache.maven.surefire.booter.ForkedBooter.run(ForkedBooter.java:465)\n\tat org.apache.maven.surefire.booter.ForkedBooter.main(ForkedBooter.java:451)\n","steps":[{"name":"Login with username 'ivan.popal.v.kapkan@yandex.ru' and password '1488228228'","time":{"start":1671364980954,"stop":1671364993126,"duration":12172},"status":"failed","statusMessage":"Page has not been loaded. Search input not found by locator By.xpath: //input[@type='search']","statusTrace":"java.lang.AssertionError: Page has not been loaded. Search input not found by locator By.xpath: //input[@type='search']\n\tat org.testng.Assert.fail(Assert.java:97)\n\tat pages.HomePage.isPageOpened(HomePage.java:34)\n\tat steps.LoginPageSteps.login(LoginPageSteps.java:22)\n\tat tests.HomePageTest.newEntryShouldBeCreated(HomePageTest.java:13)\n\tat sun.reflect.NativeMethodAccessorImpl.invoke0(Native Method)\n\tat sun.reflect.NativeMethodAccessorImpl.invoke(NativeMethodAccessorImpl.java:62)\n\tat sun.reflect.DelegatingMethodAccessorImpl.invoke(DelegatingMethodAccessorImpl.java:43)\n\tat java.lang.reflect.Method.invoke(Method.java:498)\n\tat org.testng.internal.MethodInvocationHelper.invokeMethod(MethodInvocationHelper.java:133)\n\tat org.testng.internal.TestInvoker.invokeMethod(TestInvoker.java:584)\n\tat org.testng.internal.TestInvoker.retryFailed(TestInvoker.java:204)\n\tat org.testng.internal.MethodRunner.runInSequence(MethodRunner.java:58)\n\tat org.testng.internal.TestInvoker$MethodInvocationAgent.invoke(TestInvoker.java:804)\n\tat org.testng.internal.TestInvoker.invokeTestMethods(TestInvoker.java:145)\n\tat org.testng.internal.TestMethodWorker.invokeTestMethods(TestMethodWorker.java:146)\n\tat org.testng.internal.TestMethodWorker.run(TestMethodWorker.java:128)\n\tat java.util.ArrayList.forEach(ArrayList.java:1259)\n\tat org.testng.TestRunner.privateRun(TestRunner.java:770)\n\tat org.testng.TestRunner.run(TestRunner.java:591)\n\tat org.testng.SuiteRunner.runTest(SuiteRunner.java:402)\n\tat org.testng.SuiteRunner.runSequentially(SuiteRunner.java:396)\n\tat org.testng.SuiteRunner.privateRun(SuiteRunner.java:355)\n\tat org.testng.SuiteRunner.run(SuiteRunner.java:304)\n\tat org.testng.SuiteRunnerWorker.runSuite(SuiteRunnerWorker.java:53)\n\tat org.testng.SuiteRunnerWorker.run(SuiteRunnerWorker.java:96)\n\tat org.testng.TestNG.runSuitesSequentially(TestNG.java:1180)\n\tat org.testng.TestNG.runSuitesLocally(TestNG.java:1102)\n\tat org.testng.TestNG.runSuites(TestNG.java:1032)\n\tat org.testng.TestNG.run(TestNG.java:1000)\n\tat org.apache.maven.surefire.testng.TestNGExecutor.run(TestNGExecutor.java:283)\n\tat org.apache.maven.surefire.testng.TestNGXmlTestSuite.execute(TestNGXmlTestSuite.java:75)\n\tat org.apache.maven.surefire.testng.TestNGProvider.invoke(TestNGProvider.java:120)\n\tat org.apache.maven.surefire.booter.ForkedBooter.runSuitesInProcess(ForkedBooter.java:377)\n\tat org.apache.maven.surefire.booter.ForkedBooter.execute(ForkedBooter.java:138)\n\tat org.apache.maven.surefire.booter.ForkedBooter.run(ForkedBooter.java:465)\n\tat org.apache.maven.surefire.booter.ForkedBooter.main(ForkedBooter.java:451)\n","steps":[{"name":"Open Login page","time":{"start":1671364980954,"stop":1671364982790,"duration":1836},"status":"passed","steps":[],"attachments":[],"parameters":[],"shouldDisplayMessage":false,"hasContent":false,"stepsCount":0,"attachmentsCount":0},{"name":"Verify Login page is opened","time":{"start":1671364982790,"stop":1671364982835,"duration":45},"status":"passed","steps":[],"attachments":[],"parameters":[],"shouldDisplayMessage":false,"hasContent":false,"stepsCount":0,"attachmentsCount":0},{"name":"Login with username 'ivan.popal.v.kapkan@yandex.ru' and password '1488228228'","time":{"start":1671364982835,"stop":1671364983063,"duration":228},"status":"passed","steps":[],"attachments":[],"parameters":[{"name":"username","value":"ivan.popal.v.kapkan@yandex.ru"},{"name":"password","value":"1488228228"}],"shouldDisplayMessage":false,"hasContent":true,"stepsCount":0,"attachmentsCount":0},{"name":"Verify Home page is opened","time":{"start":1671364983064,"stop":1671364993125,"duration":10061},"status":"failed","statusMessage":"Page has not been loaded. Search input not found by locator By.xpath: //input[@type='search']","statusTrace":"java.lang.AssertionError: Page has not been loaded. Search input not found by locator By.xpath: //input[@type='search']\n\tat org.testng.Assert.fail(Assert.java:97)\n\tat pages.HomePage.isPageOpened(HomePage.java:34)\n\tat steps.LoginPageSteps.login(LoginPageSteps.java:22)\n\tat tests.HomePageTest.newEntryShouldBeCreated(HomePageTest.java:13)\n\tat sun.reflect.NativeMethodAccessorImpl.invoke0(Native Method)\n\tat sun.reflect.NativeMethodAccessorImpl.invoke(NativeMethodAccessorImpl.java:62)\n\tat sun.reflect.DelegatingMethodAccessorImpl.invoke(DelegatingMethodAccessorImpl.java:43)\n\tat java.lang.reflect.Method.invoke(Method.java:498)\n\tat org.testng.internal.MethodInvocationHelper.invokeMethod(MethodInvocationHelper.java:133)\n\tat org.testng.internal.TestInvoker.invokeMethod(TestInvoker.java:584)\n\tat org.testng.internal.TestInvoker.retryFailed(TestInvoker.java:204)\n\tat org.testng.internal.MethodRunner.runInSequence(MethodRunner.java:58)\n\tat org.testng.internal.TestInvoker$MethodInvocationAgent.invoke(TestInvoker.java:804)\n\tat org.testng.internal.TestInvoker.invokeTestMethods(TestInvoker.java:145)\n\tat org.testng.internal.TestMethodWorker.invokeTestMethods(TestMethodWorker.java:146)\n\tat org.testng.internal.TestMethodWorker.run(TestMethodWorker.java:128)\n\tat java.util.ArrayList.forEach(ArrayList.java:1259)\n\tat org.testng.TestRunner.privateRun(TestRunner.java:770)\n\tat org.testng.TestRunner.run(TestRunner.java:591)\n\tat org.testng.SuiteRunner.runTest(SuiteRunner.java:402)\n\tat org.testng.SuiteRunner.runSequentially(SuiteRunner.java:396)\n\tat org.testng.SuiteRunner.privateRun(SuiteRunner.java:355)\n\tat org.testng.SuiteRunner.run(SuiteRunner.java:304)\n\tat org.testng.SuiteRunnerWorker.runSuite(SuiteRunnerWorker.java:53)\n\tat org.testng.SuiteRunnerWorker.run(SuiteRunnerWorker.java:96)\n\tat org.testng.TestNG.runSuitesSequentially(TestNG.java:1180)\n\tat org.testng.TestNG.runSuitesLocally(TestNG.java:1102)\n\tat org.testng.TestNG.runSuites(TestNG.java:1032)\n\tat org.testng.TestNG.run(TestNG.java:1000)\n\tat org.apache.maven.surefire.testng.TestNGExecutor.run(TestNGExecutor.java:283)\n\tat org.apache.maven.surefire.testng.TestNGXmlTestSuite.execute(TestNGXmlTestSuite.java:75)\n\tat org.apache.maven.surefire.testng.TestNGProvider.invoke(TestNGProvider.java:120)\n\tat org.apache.maven.surefire.booter.ForkedBooter.runSuitesInProcess(ForkedBooter.java:377)\n\tat org.apache.maven.surefire.booter.ForkedBooter.execute(ForkedBooter.java:138)\n\tat org.apache.maven.surefire.booter.ForkedBooter.run(ForkedBooter.java:465)\n\tat org.apache.maven.surefire.booter.ForkedBooter.main(ForkedBooter.java:451)\n","steps":[],"attachments":[],"parameters":[],"shouldDisplayMessage":true,"hasContent":true,"stepsCount":0,"attachmentsCount":0}],"attachments":[],"parameters":[{"name":"username","value":"ivan.popal.v.kapkan@yandex.ru"},{"name":"password","value":"1488228228"}],"shouldDisplayMessage":false,"hasContent":true,"stepsCount":4,"attachmentsCount":0}],"attachments":[{"uid":"9493ff3f7c670427","name":"Last screen state","source":"9493ff3f7c670427.bin","type":"image/png","size":0},{"uid":"e106c66f1e2db087","name":"Last screen state","source":"e106c66f1e2db087.bin","type":"image/png","size":0}],"parameters":[],"shouldDisplayMessage":false,"hasContent":true,"stepsCount":5,"attachmentsCount":2},"afterStages":[{"name":"tearDown","time":{"start":1671364993138,"stop":1671364993342,"duration":204},"description":"","status":"passed","steps":[{"name":"Close browser","time":{"start":1671364993138,"stop":1671364993342,"duration":204},"status":"passed","steps":[],"attachments":[{"uid":"6aa492e6809eab14","name":"screenshot","source":"6aa492e6809eab14.png","type":"image/png","size":142867}],"parameters":[],"shouldDisplayMessage":false,"hasContent":true,"stepsCount":0,"attachmentsCount":1}],"attachments":[],"parameters":[],"shouldDisplayMessage":false,"hasContent":true,"stepsCount":1,"attachmentsCount":1}],"labels":[{"name":"package","value":"tests.HomePageTest"},{"name":"testClass","value":"tests.HomePageTest"},{"name":"testMethod","value":"newEntryShouldBeCreated"},{"name":"parentSuite","value":"Monkkee Regression Test"},{"name":"suite","value":"Create entry"},{"name":"subSuite","value":"tests.HomePageTest"},{"name":"host","value":"fv-az574-855"},{"name":"thread","value":"2377@fv-az574-855.main(1)"},{"name":"framework","value":"testng"},{"name":"language","value":"java"},{"name":"resultFormat","value":"allure2"}],"parameters":[],"links":[],"hidden":false,"retry":false,"extra":{"severity":"normal","retries":[{"uid":"2e09ba0400429f87","status":"skipped","statusDetails":"Page has not been loaded. Saved icon not found by locator By.xpath: //span[contains(@class, 'cke_savetoggle_text') and text()='saved']","time":{"start":1671364966407,"stop":1671364980439,"duration":14032}},{"uid":"166865f25cd97d62","status":"skipped","statusDetails":"Page has not been loaded. Saved icon not found by locator By.xpath: //span[contains(@class, 'cke_savetoggle_text') and text()='saved']","time":{"start":1671364951794,"stop":1671364965872,"duration":14078}}],"categories":[{"name":"Product defects","matchedStatuses":[],"flaky":false}],"history":{"statistic":{"failed":10,"broken":0,"skipped":7,"passed":0,"unknown":0,"total":17},"items":[{"uid":"aec87d2e836ea758","reportUrl":"https://KazadaevIvan.github.io/Monkkee/44//#testresult/aec87d2e836ea758","status":"skipped","statusDetails":"session not created: This version of ChromeDriver only supports Chrome version 104\nCurrent browser version is 108.0.5359.98 with binary path /usr/bin/google-chrome\nBuild info: version: '3.141.59', revision: 'e82be7d358', time: '2018-11-14T08:17:03'\nSystem info: host: 'fv-az559-457', ip: '10.1.0.50', os.name: 'Linux', os.arch: 'amd64', os.version: '5.15.0-1024-azure', java.version: '1.8.0_352'\nDriver info: driver.version: ChromeDriver\nremote stacktrace: #0 0x55e9e1609403 <unknown>\n#1 0x55e9e140f778 <unknown>\n#2 0x55e9e1437aef <unknown>\n#3 0x55e9e1433297 <unknown>\n#4 0x55e9e142f12b <unknown>\n#5 0x55e9e146a83a <unknown>\n#6 0x55e9e14648f3 <unknown>\n#7 0x55e9e143a0d8 <unknown>\n#8 0x55e9e143b205 <unknown>\n#9 0x55e9e1650e3d <unknown>\n#10 0x55e9e1653db6 <unknown>\n#11 0x55e9e163a13e <unknown>\n#12 0x55e9e16549b5 <unknown>\n#13 0x55e9e162e970 <unknown>\n#14 0x55e9e1671228 <unknown>\n#15 0x55e9e16713bf <unknown>\n#16 0x55e9e168babe <unknown>\n#17 0x7f2b76d17b43 <unknown>\n","time":{"start":1671364561126,"stop":1671364561133,"duration":7}},{"uid":"6eca2b1622ec8678","reportUrl":"https://KazadaevIvan.github.io/Monkkee/43//#testresult/6eca2b1622ec8678","status":"failed","statusDetails":"Page has not been loaded. Saved icon not found by locator By.xpath: //span[contains(@class, 'cke_savetoggle_text') and text()='saved']","time":{"start":1661529520210,"stop":1661529533447,"duration":13237}},{"uid":"1ffdbe845b3cc251","reportUrl":"https://KazadaevIvan.github.io/Monkkee/42//#testresult/1ffdbe845b3cc251","status":"failed","statusDetails":"Page has not been loaded. Saved icon not found by locator By.xpath: //span[contains(@class, 'cke_savetoggle_text') and text()='saved']","time":{"start":1661526685697,"stop":1661526698639,"duration":12942}},{"uid":"fc6bb1e903e7559f","reportUrl":"https://KazadaevIvan.github.io/Monkkee/41//#testresult/fc6bb1e903e7559f","status":"failed","statusDetails":"Page has not been loaded. Saved icon not found by locator By.xpath: //span[contains(@class, 'cke_savetoggle_text') and text()='saved']","time":{"start":1661522099277,"stop":1661522113734,"duration":14457}},{"uid":"3e18c1c2fa4337ad","reportUrl":"https://KazadaevIvan.github.io/Monkkee/40//#testresult/3e18c1c2fa4337ad","status":"skipped","statusDetails":"Page has not been loaded. Search input not found by locator By.xpath: //input[@type='search']","time":{"start":1661521426082,"stop":1661521426087,"duration":5}},{"uid":"77703adbde52a392","reportUrl":"https://KazadaevIvan.github.io/Monkkee/39//#testresult/77703adbde52a392","status":"skipped","statusDetails":"Page has not been loaded. Search input not found by locator By.xpath: //input[@type='search']","time":{"start":1661520925048,"stop":1661520925052,"duration":4}},{"uid":"96519e34c7238d95","reportUrl":"https://KazadaevIvan.github.io/Monkkee/38//#testresult/96519e34c7238d95","status":"failed","statusDetails":"Saved icon hasn't been found by locator By.xpath: //span[contains(@class, 'cke_savetoggle_text') and text()='saved']","time":{"start":1661519624788,"stop":1661519635652,"duration":10864}},{"uid":"617685028467e55b","reportUrl":"https://KazadaevIvan.github.io/Monkkee/37//#testresult/617685028467e55b","status":"skipped","statusDetails":"Page has not been loaded. Search input not found by locator By.xpath: //input[@type='search']","time":{"start":1661519239103,"stop":1661519239104,"duration":1}},{"uid":"9f4aa444e7034945","reportUrl":"https://KazadaevIvan.github.io/Monkkee/37//#testresult/9f4aa444e7034945","status":"failed","statusDetails":"Saved icon hasn't been found by locator By.xpath: //span[contains(@class, 'cke_savetoggle_text') and text()='saved']","time":{"start":1661517203664,"stop":1661517209525,"duration":5861}},{"uid":"a6c91ca8f2b6154d","reportUrl":"https://KazadaevIvan.github.io/Monkkee/36//#testresult/a6c91ca8f2b6154d","status":"skipped","statusDetails":"Page has not been loaded. Search input not found by locator By.xpath: //input[@type='search']","time":{"start":1661514679997,"stop":1661514679998,"duration":1}},{"uid":"bbbe864bdcee323a","reportUrl":"https://KazadaevIvan.github.io/Monkkee/35//#testresult/bbbe864bdcee323a","status":"skipped","statusDetails":"Page has not been loaded. Search input not found by locator By.xpath: //input[@type='search']","time":{"start":1661514243061,"stop":1661514243063,"duration":2}},{"uid":"9ac66e71e78933f8","reportUrl":"https://KazadaevIvan.github.io/Monkkee/34//#testresult/9ac66e71e78933f8","status":"skipped","statusDetails":"Page has not been loaded. Search input not found by locator By.xpath: //input[@type='search']","time":{"start":1661513934223,"stop":1661513934231,"duration":8}},{"uid":"c3a094d03ba6317b","reportUrl":"https://KazadaevIvan.github.io/Monkkee/33//#testresult/c3a094d03ba6317b","status":"failed","statusDetails":"Saved icon hasn't been found by locator By.xpath: //span[contains(@class, 'cke_savetoggle_text') and text()='saved']","time":{"start":1661513362604,"stop":1661513368109,"duration":5505}},{"uid":"d019d6040021bfde","reportUrl":"https://KazadaevIvan.github.io/Monkkee/32//#testresult/d019d6040021bfde","status":"failed","statusDetails":"Saved icon hasn't been found by locator By.xpath: //span[contains(@class, 'cke_savetoggle_text') and text()='saved']","time":{"start":1661512516564,"stop":1661512522391,"duration":5827}},{"uid":"d0f94206b55bb8c3","reportUrl":"https://KazadaevIvan.github.io/Monkkee/31//#testresult/d0f94206b55bb8c3","status":"failed","statusDetails":"Saved icon hasn't been found by locator By.xpath: //span[contains(@class, 'cke_savetoggle_text') and text()='saved']","time":{"start":1661254091244,"stop":1661254101047,"duration":9803}},{"uid":"845b5497acc10cc0","reportUrl":"https://KazadaevIvan.github.io/Monkkee/31//#testresult/845b5497acc10cc0","status":"failed","statusDetails":"Page has not been loaded. Search input not found by locator By.xpath: //input[@type='search']","time":{"start":1661253419502,"stop":1661253430801,"duration":11299}}]},"tags":[]},"source":"3a8adbc4c14f2f93.json","parameterValues":[]}